[01m[K/home/nikola/ws_moveit/src/my_services/src/Object_Detection_Server.cpp:[m[K In member function ‘[01m[Kbool ObjectDetectionService::handleRequest(my_services::ObjectPositionService::Request&, my_services::ObjectPositionService::Response&)[m[K’:
[01m[K/home/nikola/ws_moveit/src/my_services/src/Object_Detection_Server.cpp:173:58:[m[K [01;31m[Kerror: [m[K‘[01m[Ktf_buffer[m[K’ was not declared in this scope; did you mean ‘[01m[Ksetbuffer[m[K’?
  173 |         geometry_msgs::PoseStamped output_pose_stamped = [01;31m[Ktf_buffer[m[K.transform(input_pose_stamped, "panda_link0", ros::Duration(1));
      |                                                          [01;31m[K^~~~~~~~~[m[K
      |                                                          [32m[Ksetbuffer[m[K
In file included from [01m[K/opt/ros/noetic/include/ros/ros.h:40[m[K,
                 from [01m[K/home/nikola/ws_moveit/src/my_services/src/Object_Detection_Server.cpp:1[m[K:
[01m[K/home/nikola/ws_moveit/src/my_services/src/Object_Detection_Server.cpp:175:38:[m[K [01;31m[Kerror: [m[K‘[01m[Kgeometry_msgs::PoseStamped[m[K’ {aka ‘[01m[Kstruct geometry_msgs::PoseStamped_<std::allocator<void> >[m[K’} has no member named ‘[01m[Kposition[m[K’
  175 |         ROS_INFO(output_pose_stamped.[01;31m[Kposition[m[K);
      |                                      [01;31m[K^~~~~~~~[m[K
[01m[K/opt/ros/noetic/include/ros/console.h:351:165:[m[K [01;36m[Knote: [m[Kin definition of macro ‘[01m[KROSCONSOLE_PRINT_AT_LOCATION_WITH_FILTER[m[K’
  351 |     ::ros::console::print(filter, __rosconsole_define_location__loc.logger_, __rosconsole_define_location__loc.level_, __FILE__, __LINE__, __ROSCONSOLE_FUNCTION__, [01;36m[K__VA_ARGS__[m[K)
      |                                                                                                                                                                     [01;36m[K^~~~~~~~~~~[m[K
[01m[K/opt/ros/noetic/include/ros/console.h:390:7:[m[K [01;36m[Knote: [m[Kin expansion of macro ‘[01m[KROSCONSOLE_PRINT_AT_LOCATION[m[K’
  390 |       [01;36m[KROSCONSOLE_PRINT_AT_LOCATION[m[K(__VA_ARGS__); \
      |       [01;36m[K^~~~~~~~~~~~~~~~~~~~~~~~~~~~[m[K
[01m[K/opt/ros/noetic/include/ros/console.h:575:35:[m[K [01;36m[Knote: [m[Kin expansion of macro ‘[01m[KROS_LOG_COND[m[K’
  575 | #define ROS_LOG(level, name, ...) [01;36m[KROS_LOG_COND[m[K(true, level, name, __VA_ARGS__)
      |                                   [01;36m[K^~~~~~~~~~~~[m[K
[01m[K/opt/ros/noetic/include/rosconsole/macros_generated.h:110:23:[m[K [01;36m[Knote: [m[Kin expansion of macro ‘[01m[KROS_LOG[m[K’
  110 | #define ROS_INFO(...) [01;36m[KROS_LOG[m[K(::ros::console::levels::Info, ROSCONSOLE_DEFAULT_NAME, __VA_ARGS__)
      |                       [01;36m[K^~~~~~~[m[K
[01m[K/home/nikola/ws_moveit/src/my_services/src/Object_Detection_Server.cpp:175:9:[m[K [01;36m[Knote: [m[Kin expansion of macro ‘[01m[KROS_INFO[m[K’
  175 |         [01;36m[KROS_INFO[m[K(output_pose_stamped.position);
      |         [01;36m[K^~~~~~~~[m[K
make[2]: *** [CMakeFiles/Object_Detection_Server.dir/build.make:63: CMakeFiles/Object_Detection_Server.dir/src/Object_Detection_Server.cpp.o] Error 1
make[1]: *** [CMakeFiles/Makefile2:268: CMakeFiles/Object_Detection_Server.dir/all] Error 2
make: *** [Makefile:141: all] Error 2
