[01m[K/home/nikola/ws_moveit/src/my_services/src/PickPlace_Action_Server.cpp:[m[K In member function ‘[01m[Kvoid PickPlaceAction_Server::executeCB(const PickPlaceGoalConstPtr&)[m[K’:
[01m[K/home/nikola/ws_moveit/src/my_services/src/PickPlace_Action_Server.cpp:175:24:[m[K [01;31m[Kerror: [m[Kinvalid use of member function ‘[01m[Kconst tf2Scalar& tf2::Vector3::x() const[m[K’ (did you forget the ‘[01m[K()[m[K’ ?)
  175 |     [01;31m[Ktranslation_object.x[m[K = my_object_pose.position.x;
      |     [01;31m[K~~~~~~~~~~~~~~~~~~~^[m[K
      |                         [32m[K()[m[K
[01m[K/home/nikola/ws_moveit/src/my_services/src/PickPlace_Action_Server.cpp:176:24:[m[K [01;31m[Kerror: [m[Kinvalid use of member function ‘[01m[Kconst tf2Scalar& tf2::Vector3::y() const[m[K’ (did you forget the ‘[01m[K()[m[K’ ?)
  176 |     [01;31m[Ktranslation_object.y[m[K = my_object_pose.position.y;
      |     [01;31m[K~~~~~~~~~~~~~~~~~~~^[m[K
      |                         [32m[K()[m[K
[01m[K/home/nikola/ws_moveit/src/my_services/src/PickPlace_Action_Server.cpp:177:24:[m[K [01;31m[Kerror: [m[Kinvalid use of member function ‘[01m[Kconst tf2Scalar& tf2::Vector3::z() const[m[K’ (did you forget the ‘[01m[K()[m[K’ ?)
  177 |     [01;31m[Ktranslation_object.z[m[K = my_object_pose.position.z;
      |     [01;31m[K~~~~~~~~~~~~~~~~~~~^[m[K
      |                         [32m[K()[m[K
[01m[K/home/nikola/ws_moveit/src/my_services/src/PickPlace_Action_Server.cpp:182:54:[m[K [01;31m[Kerror: [m[Kcannot convert ‘[01m[Ktf2::Vector3::x[m[K’ from type ‘[01m[Kconst tf2Scalar& (tf2::Vector3::)() const[m[K’ {aka ‘[01m[Kconst double& (tf2::Vector3::)() const[m[K’} to type ‘[01m[Kgeometry_msgs::Point_<std::allocator<void> >::_x_type[m[K’ {aka ‘[01m[Kdouble[m[K’}
  182 |     target_pose1.position.x = T_pregrasp.getOrigin().[01;31m[Kx[m[K;
      |                                                      [01;31m[K^[m[K
[01m[K/home/nikola/ws_moveit/src/my_services/src/PickPlace_Action_Server.cpp:183:54:[m[K [01;31m[Kerror: [m[Kcannot convert ‘[01m[Ktf2::Vector3::y[m[K’ from type ‘[01m[Kconst tf2Scalar& (tf2::Vector3::)() const[m[K’ {aka ‘[01m[Kconst double& (tf2::Vector3::)() const[m[K’} to type ‘[01m[Kgeometry_msgs::Point_<std::allocator<void> >::_y_type[m[K’ {aka ‘[01m[Kdouble[m[K’}
  183 |     target_pose1.position.y = T_pregrasp.getOrigin().[01;31m[Ky[m[K;
      |                                                      [01;31m[K^[m[K
[01m[K/home/nikola/ws_moveit/src/my_services/src/PickPlace_Action_Server.cpp:184:54:[m[K [01;31m[Kerror: [m[Kcannot convert ‘[01m[Ktf2::Vector3::z[m[K’ from type ‘[01m[Kconst tf2Scalar& (tf2::Vector3::)() const[m[K’ {aka ‘[01m[Kconst double& (tf2::Vector3::)() const[m[K’} to type ‘[01m[Kgeometry_msgs::Point_<std::allocator<void> >::_z_type[m[K’ {aka ‘[01m[Kdouble[m[K’}
  184 |     target_pose1.position.z = T_pregrasp.getOrigin().[01;31m[Kz[m[K;
      |                                                      [01;31m[K^[m[K
make[2]: *** [CMakeFiles/PickPlace_Action_Server.dir/build.make:63: CMakeFiles/PickPlace_Action_Server.dir/src/PickPlace_Action_Server.cpp.o] Error 1
make[1]: *** [CMakeFiles/Makefile2:292: CMakeFiles/PickPlace_Action_Server.dir/all] Error 2
make: *** [Makefile:141: all] Error 2
