In file included from [01m[K/opt/ros/noetic/include/ros/ros.h:40[m[K,
                 from [01m[K/home/nikola/ws_moveit/src/my_services/src/PickPlace_Action_Server.cpp:1[m[K:
[01m[K/home/nikola/ws_moveit/src/my_services/src/PickPlace_Action_Server.cpp:[m[K In member function ‘[01m[Kvoid PickPlaceAction_Server::executeCB(const PickPlaceGoalConstPtr&)[m[K’:
[01m[K/home/nikola/ws_moveit/src/my_services/src/PickPlace_Action_Server.cpp:97:18:[m[K [01;35m[Kwarning: [m[Kformat ‘[01m[K%d[m[K’ expects argument of type ‘[01m[Kint[m[K’, but argument 8 has type ‘[01m[Kstd::vector<geometry_msgs::Pose_<std::allocator<void> > >::size_type[m[K’ {aka ‘[01m[Klong unsigned int[m[K’} [[01;35m[K-Wformat=[m[K]
   97 |         ROS_INFO([01;35m[K"The length of the vector primitive poses is: %d"[m[K, [32m[Kmy_object.primitive_poses.size()[m[K);
      |                  [01;35m[K^~~~~~~~~~~~~~~~~~~~~~~~~~~~~~~~~~~~~~~~~~~~~~~~~[m[K  [32m[K~~~~~~~~~~~~~~~~~~~~~~~~~~~~~~~~[m[K
      |                                                                                                   [32m[K|[m[K
      |                                                                                                   [32m[Kstd::vector<geometry_msgs::Pose_<std::allocator<void> > >::size_type {aka long unsigned int}[m[K
[01m[K/opt/ros/noetic/include/ros/console.h:351:165:[m[K [01;36m[Knote: [m[Kin definition of macro ‘[01m[KROSCONSOLE_PRINT_AT_LOCATION_WITH_FILTER[m[K’
  351 |     ::ros::console::print(filter, __rosconsole_define_location__loc.logger_, __rosconsole_define_location__loc.level_, __FILE__, __LINE__, __ROSCONSOLE_FUNCTION__, [01;36m[K__VA_ARGS__[m[K)
      |                                                                                                                                                                     [01;36m[K^~~~~~~~~~~[m[K
[01m[K/opt/ros/noetic/include/ros/console.h:390:7:[m[K [01;36m[Knote: [m[Kin expansion of macro ‘[01m[KROSCONSOLE_PRINT_AT_LOCATION[m[K’
  390 |       [01;36m[KROSCONSOLE_PRINT_AT_LOCATION[m[K(__VA_ARGS__); \
      |       [01;36m[K^~~~~~~~~~~~~~~~~~~~~~~~~~~~[m[K
[01m[K/opt/ros/noetic/include/ros/console.h:575:35:[m[K [01;36m[Knote: [m[Kin expansion of macro ‘[01m[KROS_LOG_COND[m[K’
  575 | #define ROS_LOG(level, name, ...) [01;36m[KROS_LOG_COND[m[K(true, level, name, __VA_ARGS__)
      |                                   [01;36m[K^~~~~~~~~~~~[m[K
[01m[K/opt/ros/noetic/include/rosconsole/macros_generated.h:110:23:[m[K [01;36m[Knote: [m[Kin expansion of macro ‘[01m[KROS_LOG[m[K’
  110 | #define ROS_INFO(...) [01;36m[KROS_LOG[m[K(::ros::console::levels::Info, ROSCONSOLE_DEFAULT_NAME, __VA_ARGS__)
      |                       [01;36m[K^~~~~~~[m[K
[01m[K/home/nikola/ws_moveit/src/my_services/src/PickPlace_Action_Server.cpp:97:9:[m[K [01;36m[Knote: [m[Kin expansion of macro ‘[01m[KROS_INFO[m[K’
   97 |         [01;36m[KROS_INFO[m[K("The length of the vector primitive poses is: %d", my_object.primitive_poses.size());
      |         [01;36m[K^~~~~~~~[m[K
[01m[K/home/nikola/ws_moveit/src/my_services/src/PickPlace_Action_Server.cpp:97:65:[m[K [01;36m[Knote: [m[Kformat string is defined here
   97 |         ROS_INFO("The length of the vector primitive poses is: [01;36m[K%d[m[K", my_object.primitive_poses.size());
      |                                                                [01;36m[K~^[m[K
      |                                                                 [01;36m[K|[m[K
      |                                                                 [01;36m[Kint[m[K
      |                                                                [32m[K%ld[m[K
[01m[K/home/nikola/ws_moveit/src/my_services/src/PickPlace_Action_Server.cpp:260:34:[m[K [01;31m[Kerror: [m[Kexpected ‘[01m[K;[m[K’ before ‘[01m[K}[m[K’ token
  260 |       move_group_interface.move()
      |                                  [01;31m[K^[m[K
      |                                  [32m[K;[m[K
  261 |     [32m[K}[m[K
      |     [32m[K~[m[K                             
make[2]: *** [CMakeFiles/PickPlace_Action_Server.dir/build.make:63: CMakeFiles/PickPlace_Action_Server.dir/src/PickPlace_Action_Server.cpp.o] Error 1
make[1]: *** [CMakeFiles/Makefile2:292: CMakeFiles/PickPlace_Action_Server.dir/all] Error 2
make: *** [Makefile:141: all] Error 2
