[  0%] Built target std_msgs_generate_messages_eus
[  0%] Built target _my_services_generate_messages_check_deps_PickPlaceActionFeedback
[  0%] Built target _my_services_generate_messages_check_deps_PickPlace2Result
[  0%] Built target _my_services_generate_messages_check_deps_PickPlace2ActionFeedback
[  0%] Built target _my_services_generate_messages_check_deps_PickPlaceFeedback
[  0%] Built target _my_services_generate_messages_check_deps_PoseFinderService
[  0%] Built target _my_services_generate_messages_check_deps_PickPlaceResult
[  0%] Built target _my_services_generate_messages_check_deps_PickPlace2ActionResult
[  0%] Built target sensor_msgs_generate_messages_eus
[  0%] Built target geometry_msgs_generate_messages_eus
[  0%] Built target _my_services_generate_messages_check_deps_PickPlaceActionResult
[  0%] Built target _my_services_generate_messages_check_deps_PickPlace2ActionGoal
[  0%] Built target actionlib_msgs_generate_messages_eus
[  0%] Built target _my_services_generate_messages_check_deps_ObjectPositionService
[  0%] Built target _my_services_generate_messages_check_deps_PickPlaceActionGoal
[  0%] Built target _my_services_generate_messages_check_deps_PickPlace2Feedback
[  0%] Built target _my_services_generate_messages_check_deps_PickPlaceAction
[  0%] Built target actionlib_msgs_generate_messages_py
[  0%] Built target sensor_msgs_generate_messages_py
[  0%] Built target geometry_msgs_generate_messages_py
[  0%] Built target _my_services_generate_messages_check_deps_PickPlace2Action
[  0%] Built target _my_services_generate_messages_check_deps_PickPlace2Goal
[  0%] Built target std_msgs_generate_messages_py
[  0%] Built target sensor_msgs_generate_messages_lisp
[  0%] Built target geometry_msgs_generate_messages_lisp
[  0%] Built target actionlib_msgs_generate_messages_lisp
[  0%] Built target sensor_msgs_generate_messages_nodejs
[  0%] Built target std_msgs_generate_messages_lisp
[  0%] Built target geometry_msgs_generate_messages_nodejs
[  0%] Built target actionlib_msgs_generate_messages_nodejs
[  0%] Built target _my_services_generate_messages_check_deps_PickPlaceGoal
[  0%] Built target std_msgs_generate_messages_nodejs
[  0%] Built target sensor_msgs_generate_messages_cpp
[  0%] Built target std_msgs_generate_messages_cpp
[  0%] Built target actionlib_msgs_generate_messages_cpp
[  0%] Built target geometry_msgs_generate_messages_cpp
[ 27%] Built target my_services_generate_messages_eus
[ 36%] Built target my_services_generate_messages_py
[ 53%] Built target my_services_generate_messages_nodejs
[ 70%] Built target my_services_generate_messages_lisp
[ 88%] Built target my_services_generate_messages_cpp
[35m[1mScanning dependencies of target retrigger_pick_place[0m
[ 88%] Built target my_services_generate_messages
[ 90%] Built target Object_PickPlace_Server
[ 92%] Built target Pose_Finder_Server
[ 94%] Built target PickPlace_Action_Server
[ 96%] Built target smart_pickplace_server
[ 97%] Built target Object_Detection_Server
[ 98%] [32mBuilding CXX object CMakeFiles/retrigger_pick_place.dir/src/retrigger_pick_place.cpp.o[0m
[100%] [32m[1mLinking CXX executable /home/nikola/ws_moveit/devel/.private/my_services/lib/my_services/retrigger_pick_place[0m
[100%] Built target retrigger_pick_place
