[01m[K/home/nikola/ws_moveit/src/my_services/src/Object_Detection_Server.cpp:[m[K In member function ‘[01m[Kbool ObjectDetectionService::handleRequest(my_services::ObjectPositionService::Request&, my_services::ObjectPositionService::Response&)[m[K’:
[01m[K/home/nikola/ws_moveit/src/my_services/src/Object_Detection_Server.cpp:29:43:[m[K [01;31m[Kerror: [m[Kbase operand of ‘[01m[K->[m[K’ has non-pointer type ‘[01m[Ksensor_msgs::PointCloud2[m[K’ {aka ‘[01m[Ksensor_msgs::PointCloud2_<std::allocator<void> >[m[K’}
   29 |         std::string frame_id = pointcloud_[01;31m[K->[m[Kheader.frame_id;
      |                                           [01;31m[K^~[m[K
[01m[K/home/nikola/ws_moveit/src/my_services/src/Object_Detection_Server.cpp:35:9:[m[K [01;31m[Kerror: [m[K‘[01m[Ktf2[m[K’ has not been declared
   35 |         [01;31m[Ktf2[m[K::Quaternion orientation;
      |         [01;31m[K^~~[m[K
[01m[K/home/nikola/ws_moveit/src/my_services/src/Object_Detection_Server.cpp:36:9:[m[K [01;31m[Kerror: [m[K‘[01m[Korientation[m[K’ was not declared in this scope
   36 |         [01;31m[Korientation[m[K.setRPY(0, -tau / 2, tau *3/ 8);
      |         [01;31m[K^~~~~~~~~~~[m[K
[01m[K/home/nikola/ws_moveit/src/my_services/src/Object_Detection_Server.cpp:36:32:[m[K [01;31m[Kerror: [m[K‘[01m[Ktau[m[K’ was not declared in this scope; did you mean ‘[01m[Ktan[m[K’?
   36 |         orientation.setRPY(0, -[01;31m[Ktau[m[K / 2, tau *3/ 8);
      |                                [01;31m[K^~~[m[K
      |                                [32m[Ktan[m[K
[01m[K/home/nikola/ws_moveit/src/my_services/src/Object_Detection_Server.cpp:37:35:[m[K [01;31m[Kerror: [m[K‘[01m[Ktf2[m[K’ has not been declared
   37 |         target_pose.orientation = [01;31m[Ktf2[m[K::toMsg(orientation);;
      |                                   [01;31m[K^~~[m[K
[01m[K/home/nikola/ws_moveit/src/my_services/src/Object_Detection_Server.cpp:[m[K In function ‘[01m[Kint main(int, char**)[m[K’:
[01m[K/home/nikola/ws_moveit/src/my_services/src/Object_Detection_Server.cpp:72:31:[m[K [01;31m[Kerror: [m[K‘[01m[Kpointcloud_[m[K’ was not declared in this scope
   72 |     std::string pc_frame_id = [01;31m[Kpointcloud_[m[K->header.frame_id;
      |                               [01;31m[K^~~~~~~~~~~[m[K
In file included from [01m[K/opt/ros/noetic/include/ros/ros.h:40[m[K,
                 from [01m[K/home/nikola/ws_moveit/src/my_services/src/Object_Detection_Server.cpp:1[m[K:
[01m[K/home/nikola/ws_moveit/src/my_services/src/Object_Detection_Server.cpp:73:49:[m[K [01;31m[Kerror: [m[K‘[01m[Kframe_id[m[K’ was not declared in this scope; did you mean ‘[01m[Kpc_frame_id[m[K’?
   73 |     ROS_INFO_STREAM("Point cloud frame_id: " << [01;31m[Kframe_id[m[K);
      |                                                 [01;31m[K^~~~~~~~[m[K
[01m[K/opt/ros/noetic/include/ros/console.h:361:64:[m[K [01;36m[Knote: [m[Kin definition of macro ‘[01m[KROSCONSOLE_PRINT_STREAM_AT_LOCATION_WITH_FILTER[m[K’
  361 |     __rosconsole_print_stream_at_location_with_filter__ss__ << [01;36m[Kargs[m[K; \
      |                                                                [01;36m[K^~~~[m[K
[01m[K/opt/ros/noetic/include/ros/console.h:409:7:[m[K [01;36m[Knote: [m[Kin expansion of macro ‘[01m[KROSCONSOLE_PRINT_STREAM_AT_LOCATION[m[K’
  409 |       [01;36m[KROSCONSOLE_PRINT_STREAM_AT_LOCATION[m[K(args); \
      |       [01;36m[K^~~~~~~~~~~~~~~~~~~~~~~~~~~~~~~~~~~[m[K
[01m[K/opt/ros/noetic/include/ros/console.h:582:43:[m[K [01;36m[Knote: [m[Kin expansion of macro ‘[01m[KROS_LOG_STREAM_COND[m[K’
  582 | #define ROS_LOG_STREAM(level, name, args) [01;36m[KROS_LOG_STREAM_COND[m[K(true, level, name, args)
      |                                           [01;36m[K^~~~~~~~~~~~~~~~~~~[m[K
[01m[K/opt/ros/noetic/include/rosconsole/macros_generated.h:111:31:[m[K [01;36m[Knote: [m[Kin expansion of macro ‘[01m[KROS_LOG_STREAM[m[K’
  111 | #define ROS_INFO_STREAM(args) [01;36m[KROS_LOG_STREAM[m[K(::ros::console::levels::Info, ROSCONSOLE_DEFAULT_NAME, args)
      |                               [01;36m[K^~~~~~~~~~~~~~[m[K
[01m[K/home/nikola/ws_moveit/src/my_services/src/Object_Detection_Server.cpp:73:5:[m[K [01;36m[Knote: [m[Kin expansion of macro ‘[01m[KROS_INFO_STREAM[m[K’
   73 |     [01;36m[KROS_INFO_STREAM[m[K("Point cloud frame_id: " << frame_id);
      |     [01;36m[K^~~~~~~~~~~~~~~[m[K
make[2]: *** [CMakeFiles/Object_Detection_Server.dir/build.make:63: CMakeFiles/Object_Detection_Server.dir/src/Object_Detection_Server.cpp.o] Error 1
make[1]: *** [CMakeFiles/Makefile2:246: CMakeFiles/Object_Detection_Server.dir/all] Error 2
make: *** [Makefile:141: all] Error 2
