[  0%] Built target std_msgs_generate_messages_eus
[  0%] Built target _my_services_generate_messages_check_deps_PickPlace2Result
[  0%] Built target _my_services_generate_messages_check_deps_PickPlace2ActionFeedback
[  0%] Built target _my_services_generate_messages_check_deps_PickPlaceActionFeedback
[  0%] Built target _my_services_generate_messages_check_deps_PickPlaceResult
[  0%] Built target _my_services_generate_messages_check_deps_PickPlace2ActionResult
[  0%] Built target _my_services_generate_messages_check_deps_PickPlaceFeedback
[  0%] Built target _my_services_generate_messages_check_deps_PoseFinderService
[  0%] Built target geometry_msgs_generate_messages_eus
[  0%] Built target sensor_msgs_generate_messages_eus
[  0%] Built target _my_services_generate_messages_check_deps_PickPlaceActionResult
[  0%] Built target _my_services_generate_messages_check_deps_PickPlace2Feedback
[  0%] Built target _my_services_generate_messages_check_deps_PickPlaceAction
[  0%] Built target _my_services_generate_messages_check_deps_PickPlace2ActionGoal
[  0%] Built target _my_services_generate_messages_check_deps_PickPlaceActionGoal
[  0%] Built target _my_services_generate_messages_check_deps_ObjectPositionService
[  0%] Built target actionlib_msgs_generate_messages_eus
[  0%] Built target sensor_msgs_generate_messages_py
[  0%] Built target geometry_msgs_generate_messages_py
[  0%] Built target actionlib_msgs_generate_messages_py
[  0%] Built target std_msgs_generate_messages_py
[  0%] Built target sensor_msgs_generate_messages_lisp
[  0%] Built target _my_services_generate_messages_check_deps_PickPlace2Goal
[  0%] Built target _my_services_generate_messages_check_deps_PickPlace2Action
[  0%] Built target std_msgs_generate_messages_lisp
[  0%] Built target _my_services_generate_messages_check_deps_PickPlaceGoal
[  0%] Built target geometry_msgs_generate_messages_lisp
[  0%] Built target geometry_msgs_generate_messages_nodejs
[  0%] Built target actionlib_msgs_generate_messages_lisp
[  0%] Built target sensor_msgs_generate_messages_nodejs
[  0%] Built target actionlib_msgs_generate_messages_nodejs
[  0%] Built target std_msgs_generate_messages_nodejs
[  0%] Built target sensor_msgs_generate_messages_cpp
[  0%] Built target actionlib_msgs_generate_messages_cpp
[  0%] Built target std_msgs_generate_messages_cpp
[ 33%] Built target my_services_generate_messages_py
[ 51%] Built target my_services_generate_messages_lisp
[ 58%] Built target my_services_generate_messages_eus
[ 58%] Built target geometry_msgs_generate_messages_cpp
[ 77%] Built target my_services_generate_messages_nodejs
[ 95%] Built target my_services_generate_messages_cpp
[ 95%] Built target my_services_generate_messages
[ 97%] Built target Pose_Finder_Server
[100%] Built target retrigger_pick_place
