[01m[K/home/nikola/ws_moveit/src/my_services/src/Pose_Finder_Server.cpp:[m[K In member function ‘[01m[Kbool PoseFinderService::handleRequest(my_services::PoseFinderService::Request&, my_services::PoseFinderService::Response&)[m[K’:
[01m[K/home/nikola/ws_moveit/src/my_services/src/Pose_Finder_Server.cpp:48:24:[m[K [01;31m[Kerror: [m[K‘[01m[Kplanning_scene_interface[m[K’ was not declared in this scope
   48 |         object_poses = [01;31m[Kplanning_scene_interface[m[K.getObjectPoses(object_ids);
      |                        [01;31m[K^~~~~~~~~~~~~~~~~~~~~~~~[m[K
[01m[K/home/nikola/ws_moveit/src/my_services/src/Pose_Finder_Server.cpp:54:37:[m[K [01;31m[Kerror: [m[Kno match for ‘[01m[Koperator!=[m[K’ (operand types are ‘[01m[Kstd::map<std::__cxx11::basic_string<char>, std::vector<std::vector<double> > >::iterator[m[K’ {aka ‘[01m[Kstd::_Rb_tree_iterator<std::pair<const std::__cxx11::basic_string<char>, std::vector<std::vector<double> > > >[m[K’} and ‘[01m[K<unresolved overloaded function type>[m[K’)
   54 |         if([32m[Kzones.find(req.location)[m[K [01;31m[K!=[m[K [34m[Kzones.end[m[K){
      |            [32m[K~~~~~~~~~~~~~~~~~~~~~~~~[m[K [01;31m[K^~[m[K [34m[K~~~~~~~~~[m[K
      |                      [32m[K|[m[K                       [34m[K|[m[K
      |                      [32m[K|[m[K                       [34m[K<unresolved overloaded function type>[m[K
      |                      [32m[Kstd::map<std::__cxx11::basic_string<char>, std::vector<std::vector<double> > >::iterator {aka std::_Rb_tree_iterator<std::pair<const std::__cxx11::basic_string<char>, std::vector<std::vector<double> > > >}[m[K
In file included from [01m[K/usr/include/c++/9/bits/stl_algobase.h:64[m[K,
                 from [01m[K/usr/include/c++/9/bits/char_traits.h:39[m[K,
                 from [01m[K/usr/include/c++/9/string:40[m[K,
                 from [01m[K/opt/ros/noetic/include/ros/platform.h:38[m[K,
                 from [01m[K/opt/ros/noetic/include/ros/time.h:53[m[K,
                 from [01m[K/opt/ros/noetic/include/ros/ros.h:38[m[K,
                 from [01m[K/home/nikola/ws_moveit/src/my_services/src/Pose_Finder_Server.cpp:1[m[K:
[01m[K/usr/include/c++/9/bits/stl_pair.h:461:5:[m[K [01;36m[Knote: [m[Kcandidate: ‘[01m[Ktemplate<class _T1, class _T2> constexpr bool std::operator!=(const std::pair<_T1, _T2>&, const std::pair<_T1, _T2>&)[m[K’
  461 |     [01;36m[Koperator[m[K!=(const pair<_T1, _T2>& __x, const pair<_T1, _T2>& __y)
      |     [01;36m[K^~~~~~~~[m[K
[01m[K/usr/include/c++/9/bits/stl_pair.h:461:5:[m[K [01;36m[Knote: [m[K  template argument deduction/substitution failed:
[01m[K/home/nikola/ws_moveit/src/my_services/src/Pose_Finder_Server.cpp:54:46:[m[K [01;36m[Knote: [m[K  ‘[01m[Kstd::map<std::__cxx11::basic_string<char>, std::vector<std::vector<double> > >::iterator[m[K’ {aka ‘[01m[Kstd::_Rb_tree_iterator<std::pair<const std::__cxx11::basic_string<char>, std::vector<std::vector<double> > > >[m[K’} is not derived from ‘[01m[Kconst std::pair<_T1, _T2>[m[K’
   54 |         if(zones.find(req.location) != zones.[01;36m[Kend[m[K){
      |                                              [01;36m[K^~~[m[K
In file included from [01m[K/usr/include/c++/9/bits/stl_algobase.h:67[m[K,
                 from [01m[K/usr/include/c++/9/bits/char_traits.h:39[m[K,
                 from [01m[K/usr/include/c++/9/string:40[m[K,
                 from [01m[K/opt/ros/noetic/include/ros/platform.h:38[m[K,
                 from [01m[K/opt/ros/noetic/include/ros/time.h:53[m[K,
                 from [01m[K/opt/ros/noetic/include/ros/ros.h:38[m[K,
                 from [01m[K/home/nikola/ws_moveit/src/my_services/src/Pose_Finder_Server.cpp:1[m[K:
[01m[K/usr/include/c++/9/bits/stl_iterator.h:337:5:[m[K [01;36m[Knote: [m[Kcandidate: ‘[01m[Ktemplate<class _Iterator> bool std::operator!=(const std::reverse_iterator<_Iterator>&, const std::reverse_iterator<_Iterator>&)[m[K’
  337 |     [01;36m[Koperator[m[K!=(const reverse_iterator<_Iterator>& __x,
      |     [01;36m[K^~~~~~~~[m[K
[01m[K/usr/include/c++/9/bits/stl_iterator.h:337:5:[m[K [01;36m[Knote: [m[K  template argument deduction/substitution failed:
[01m[K/home/nikola/ws_moveit/src/my_services/src/Pose_Finder_Server.cpp:54:46:[m[K [01;36m[Knote: [m[K  ‘[01m[Kstd::map<std::__cxx11::basic_string<char>, std::vector<std::vector<double> > >::iterator[m[K’ {aka ‘[01m[Kstd::_Rb_tree_iterator<std::pair<const std::__cxx11::basic_string<char>, std::vector<std::vector<double> > > >[m[K’} is not derived from ‘[01m[Kconst std::reverse_iterator<_Iterator>[m[K’
   54 |         if(zones.find(req.location) != zones.[01;36m[Kend[m[K){
      |                                              [01;36m[K^~~[m[K
In file included from [01m[K/usr/include/c++/9/bits/stl_algobase.h:67[m[K,
                 from [01m[K/usr/include/c++/9/bits/char_traits.h:39[m[K,
                 from [01m[K/usr/include/c++/9/string:40[m[K,
                 from [01m[K/opt/ros/noetic/include/ros/platform.h:38[m[K,
                 from [01m[K/opt/ros/noetic/include/ros/time.h:53[m[K,
                 from [01m[K/opt/ros/noetic/include/ros/ros.h:38[m[K,
                 from [01m[K/home/nikola/ws_moveit/src/my_services/src/Pose_Finder_Server.cpp:1[m[K:
[01m[K/usr/include/c++/9/bits/stl_iterator.h:375:5:[m[K [01;36m[Knote: [m[Kcandidate: ‘[01m[Ktemplate<class _IteratorL, class _IteratorR> bool std::operator!=(const std::reverse_iterator<_Iterator>&, const std::reverse_iterator<_IteratorR>&)[m[K’
  375 |     [01;36m[Koperator[m[K!=(const reverse_iterator<_IteratorL>& __x,
      |     [01;36m[K^~~~~~~~[m[K
[01m[K/usr/include/c++/9/bits/stl_iterator.h:375:5:[m[K [01;36m[Knote: [m[K  template argument deduction/substitution failed:
[01m[K/home/nikola/ws_moveit/src/my_services/src/Pose_Finder_Server.cpp:54:46:[m[K [01;36m[Knote: [m[K  ‘[01m[Kstd::map<std::__cxx11::basic_string<char>, std::vector<std::vector<double> > >::iterator[m[K’ {aka ‘[01m[Kstd::_Rb_tree_iterator<std::pair<const std::__cxx11::basic_string<char>, std::vector<std::vector<double> > > >[m[K’} is not derived from ‘[01m[Kconst std::reverse_iterator<_Iterator>[m[K’
   54 |         if(zones.find(req.location) != zones.[01;36m[Kend[m[K){
      |                                              [01;36m[K^~~[m[K
In file included from [01m[K/usr/include/c++/9/bits/stl_algobase.h:67[m[K,
                 from [01m[K/usr/include/c++/9/bits/char_traits.h:39[m[K,
                 from [01m[K/usr/include/c++/9/string:40[m[K,
                 from [01m[K/opt/ros/noetic/include/ros/platform.h:38[m[K,
                 from [01m[K/opt/ros/noetic/include/ros/time.h:53[m[K,
                 from [01m[K/opt/ros/noetic/include/ros/ros.h:38[m[K,
                 from [01m[K/home/nikola/ws_moveit/src/my_services/src/Pose_Finder_Server.cpp:1[m[K:
[01m[K/usr/include/c++/9/bits/stl_iterator.h:1148:5:[m[K [01;36m[Knote: [m[Kcandidate: ‘[01m[Ktemplate<class _IteratorL, class _IteratorR> bool std::operator!=(const std::move_iterator<_IteratorL>&, const std::move_iterator<_IteratorR>&)[m[K’
 1148 |     [01;36m[Koperator[m[K!=(const move_iterator<_IteratorL>& __x,
      |     [01;36m[K^~~~~~~~[m[K
[01m[K/usr/include/c++/9/bits/stl_iterator.h:1148:5:[m[K [01;36m[Knote: [m[K  template argument deduction/substitution failed:
[01m[K/home/nikola/ws_moveit/src/my_services/src/Pose_Finder_Server.cpp:54:46:[m[K [01;36m[Knote: [m[K  ‘[01m[Kstd::map<std::__cxx11::basic_string<char>, std::vector<std::vector<double> > >::iterator[m[K’ {aka ‘[01m[Kstd::_Rb_tree_iterator<std::pair<const std::__cxx11::basic_string<char>, std::vector<std::vector<double> > > >[m[K’} is not derived from ‘[01m[Kconst std::move_iterator<_IteratorL>[m[K’
   54 |         if(zones.find(req.location) != zones.[01;36m[Kend[m[K){
      |                                              [01;36m[K^~~[m[K
In file included from [01m[K/usr/include/c++/9/bits/stl_algobase.h:67[m[K,
                 from [01m[K/usr/include/c++/9/bits/char_traits.h:39[m[K,
                 from [01m[K/usr/include/c++/9/string:40[m[K,
                 from [01m[K/opt/ros/noetic/include/ros/platform.h:38[m[K,
                 from [01m[K/opt/ros/noetic/include/ros/time.h:53[m[K,
                 from [01m[K/opt/ros/noetic/include/ros/ros.h:38[m[K,
                 from [01m[K/home/nikola/ws_moveit/src/my_services/src/Pose_Finder_Server.cpp:1[m[K:
[01m[K/usr/include/c++/9/bits/stl_iterator.h:1154:5:[m[K [01;36m[Knote: [m[Kcandidate: ‘[01m[Ktemplate<class _Iterator> bool std::operator!=(const std::move_iterator<_IteratorL>&, const std::move_iterator<_IteratorL>&)[m[K’
 1154 |     [01;36m[Koperator[m[K!=(const move_iterator<_Iterator>& __x,
      |     [01;36m[K^~~~~~~~[m[K
[01m[K/usr/include/c++/9/bits/stl_iterator.h:1154:5:[m[K [01;36m[Knote: [m[K  template argument deduction/substitution failed:
[01m[K/home/nikola/ws_moveit/src/my_services/src/Pose_Finder_Server.cpp:54:46:[m[K [01;36m[Knote: [m[K  ‘[01m[Kstd::map<std::__cxx11::basic_string<char>, std::vector<std::vector<double> > >::iterator[m[K’ {aka ‘[01m[Kstd::_Rb_tree_iterator<std::pair<const std::__cxx11::basic_string<char>, std::vector<std::vector<double> > > >[m[K’} is not derived from ‘[01m[Kconst std::move_iterator<_IteratorL>[m[K’
   54 |         if(zones.find(req.location) != zones.[01;36m[Kend[m[K){
      |                                              [01;36m[K^~~[m[K
In file included from [01m[K/usr/include/c++/9/bits/char_traits.h:40[m[K,
                 from [01m[K/usr/include/c++/9/string:40[m[K,
                 from [01m[K/opt/ros/noetic/include/ros/platform.h:38[m[K,
                 from [01m[K/opt/ros/noetic/include/ros/time.h:53[m[K,
                 from [01m[K/opt/ros/noetic/include/ros/ros.h:38[m[K,
                 from [01m[K/home/nikola/ws_moveit/src/my_services/src/Pose_Finder_Server.cpp:1[m[K:
[01m[K/usr/include/c++/9/bits/postypes.h:227:5:[m[K [01;36m[Knote: [m[Kcandidate: ‘[01m[Ktemplate<class _StateT> bool std::operator!=(const std::fpos<_StateT>&, const std::fpos<_StateT>&)[m[K’
  227 |     [01;36m[Koperator[m[K!=(const fpos<_StateT>& __lhs, const fpos<_StateT>& __rhs)
      |     [01;36m[K^~~~~~~~[m[K
[01m[K/usr/include/c++/9/bits/postypes.h:227:5:[m[K [01;36m[Knote: [m[K  template argument deduction/substitution failed:
[01m[K/home/nikola/ws_moveit/src/my_services/src/Pose_Finder_Server.cpp:54:46:[m[K [01;36m[Knote: [m[K  ‘[01m[Kstd::map<std::__cxx11::basic_string<char>, std::vector<std::vector<double> > >::iterator[m[K’ {aka ‘[01m[Kstd::_Rb_tree_iterator<std::pair<const std::__cxx11::basic_string<char>, std::vector<std::vector<double> > > >[m[K’} is not derived from ‘[01m[Kconst std::fpos<_StateT>[m[K’
   54 |         if(zones.find(req.location) != zones.[01;36m[Kend[m[K){
      |                                              [01;36m[K^~~[m[K
In file included from [01m[K/usr/include/c++/9/string:41[m[K,
                 from [01m[K/opt/ros/noetic/include/ros/platform.h:38[m[K,
                 from [01m[K/opt/ros/noetic/include/ros/time.h:53[m[K,
                 from [01m[K/opt/ros/noetic/include/ros/ros.h:38[m[K,
                 from [01m[K/home/nikola/ws_moveit/src/my_services/src/Pose_Finder_Server.cpp:1[m[K:
[01m[K/usr/include/c++/9/bits/allocator.h:173:5:[m[K [01;36m[Knote: [m[Kcandidate: ‘[01m[Ktemplate<class _T1, class _T2> bool std::operator!=(const std::allocator<_CharT>&, const std::allocator<_T2>&)[m[K’
  173 |     [01;36m[Koperator[m[K!=(const allocator<_T1>&, const allocator<_T2>&)
      |     [01;36m[K^~~~~~~~[m[K
[01m[K/usr/include/c++/9/bits/allocator.h:173:5:[m[K [01;36m[Knote: [m[K  template argument deduction/substitution failed:
[01m[K/home/nikola/ws_moveit/src/my_services/src/Pose_Finder_Server.cpp:54:46:[m[K [01;36m[Knote: [m[K  ‘[01m[Kstd::map<std::__cxx11::basic_string<char>, std::vector<std::vector<double> > >::iterator[m[K’ {aka ‘[01m[Kstd::_Rb_tree_iterator<std::pair<const std::__cxx11::basic_string<char>, std::vector<std::vector<double> > > >[m[K’} is not derived from ‘[01m[Kconst std::allocator<_CharT>[m[K’
   54 |         if(zones.find(req.location) != zones.[01;36m[Kend[m[K){
      |                                              [01;36m[K^~~[m[K
In file included from [01m[K/usr/include/c++/9/string:55[m[K,
                 from [01m[K/opt/ros/noetic/include/ros/platform.h:38[m[K,
                 from [01m[K/opt/ros/noetic/include/ros/time.h:53[m[K,
                 from [01m[K/opt/ros/noetic/include/ros/ros.h:38[m[K,
                 from [01m[K/home/nikola/ws_moveit/src/my_services/src/Pose_Finder_Server.cpp:1[m[K:
[01m[K/usr/include/c++/9/bits/basic_string.h:6191:5:[m[K [01;36m[Knote: [m[Kcandidate: ‘[01m[Ktemplate<class _CharT, class _Traits, class _Alloc> bool std::operator!=(const std::__cxx11::basic_string<_CharT, _Traits, _Alloc>&, const std::__cxx11::basic_string<_CharT, _Traits, _Alloc>&)[m[K’
 6191 |     [01;36m[Koperator[m[K!=(const basic_string<_CharT, _Traits, _Alloc>& __lhs,
      |     [01;36m[K^~~~~~~~[m[K
[01m[K/usr/include/c++/9/bits/basic_string.h:6191:5:[m[K [01;36m[Knote: [m[K  template argument deduction/substitution failed:
[01m[K/home/nikola/ws_moveit/src/my_services/src/Pose_Finder_Server.cpp:54:46:[m[K [01;36m[Knote: [m[K  ‘[01m[Kstd::map<std::__cxx11::basic_string<char>, std::vector<std::vector<double> > >::iterator[m[K’ {aka ‘[01m[Kstd::_Rb_tree_iterator<std::pair<const std::__cxx11::basic_string<char>, std::vector<std::vector<double> > > >[m[K’} is not derived from ‘[01m[Kconst std::__cxx11::basic_string<_CharT, _Traits, _Alloc>[m[K’
   54 |         if(zones.find(req.location) != zones.[01;36m[Kend[m[K){
      |                                              [01;36m[K^~~[m[K
In file included from [01m[K/usr/include/c++/9/string:55[m[K,
                 from [01m[K/opt/ros/noetic/include/ros/platform.h:38[m[K,
                 from [01m[K/opt/ros/noetic/include/ros/time.h:53[m[K,
                 from [01m[K/opt/ros/noetic/include/ros/ros.h:38[m[K,
                 from [01m[K/home/nikola/ws_moveit/src/my_services/src/Pose_Finder_Server.cpp:1[m[K:
[01m[K/usr/include/c++/9/bits/basic_string.h:6204:5:[m[K [01;36m[Knote: [m[Kcandidate: ‘[01m[Ktemplate<class _CharT, class _Traits, class _Alloc> bool std::operator!=(const _CharT*, const std::__cxx11::basic_string<_CharT, _Traits, _Alloc>&)[m[K’
 6204 |     [01;36m[Koperator[m[K!=(const _CharT* __lhs,
      |     [01;36m[K^~~~~~~~[m[K
[01m[K/usr/include/c++/9/bits/basic_string.h:6204:5:[m[K [01;36m[Knote: [m[K  template argument deduction/substitution failed:
[01m[K/home/nikola/ws_moveit/src/my_services/src/Pose_Finder_Server.cpp:54:46:[m[K [01;36m[Knote: [m[K  mismatched types ‘[01m[Kconst _CharT*[m[K’ and ‘[01m[Kstd::_Rb_tree_iterator<std::pair<const std::__cxx11::basic_string<char>, std::vector<std::vector<double> > > >[m[K’
   54 |         if(zones.find(req.location) != zones.[01;36m[Kend[m[K){
      |                                              [01;36m[K^~~[m[K
In file included from [01m[K/usr/include/c++/9/string:55[m[K,
                 from [01m[K/opt/ros/noetic/include/ros/platform.h:38[m[K,
                 from [01m[K/opt/ros/noetic/include/ros/time.h:53[m[K,
                 from [01m[K/opt/ros/noetic/include/ros/ros.h:38[m[K,
                 from [01m[K/home/nikola/ws_moveit/src/my_services/src/Pose_Finder_Server.cpp:1[m[K:
[01m[K/usr/include/c++/9/bits/basic_string.h:6216:5:[m[K [01;36m[Knote: [m[Kcandidate: ‘[01m[Ktemplate<class _CharT, class _Traits, class _Alloc> bool std::operator!=(const std::__cxx11::basic_string<_CharT, _Traits, _Alloc>&, const _CharT*)[m[K’
 6216 |     [01;36m[Koperator[m[K!=(const basic_string<_CharT, _Traits, _Alloc>& __lhs,
      |     [01;36m[K^~~~~~~~[m[K
[01m[K/usr/include/c++/9/bits/basic_string.h:6216:5:[m[K [01;36m[Knote: [m[K  template argument deduction/substitution failed:
[01m[K/home/nikola/ws_moveit/src/my_services/src/Pose_Finder_Server.cpp:54:46:[m[K [01;36m[Knote: [m[K  ‘[01m[Kstd::map<std::__cxx11::basic_string<char>, std::vector<std::vector<double> > >::iterator[m[K’ {aka ‘[01m[Kstd::_Rb_tree_iterator<std::pair<const std::__cxx11::basic_string<char>, std::vector<std::vector<double> > > >[m[K’} is not derived from ‘[01m[Kconst std::__cxx11::basic_string<_CharT, _Traits, _Alloc>[m[K’
   54 |         if(zones.find(req.location) != zones.[01;36m[Kend[m[K){
      |                                              [01;36m[K^~~[m[K
In file included from [01m[K/usr/include/c++/9/bits/ios_base.h:46[m[K,
                 from [01m[K/usr/include/c++/9/ios:42[m[K,
                 from [01m[K/usr/include/c++/9/ostream:38[m[K,
                 from [01m[K/usr/include/c++/9/iostream:39[m[K,
                 from [01m[K/opt/ros/noetic/include/ros/time.h:54[m[K,
                 from [01m[K/opt/ros/noetic/include/ros/ros.h:38[m[K,
                 from [01m[K/home/nikola/ws_moveit/src/my_services/src/Pose_Finder_Server.cpp:1[m[K:
[01m[K/usr/include/c++/9/system_error:319:3:[m[K [01;36m[Knote: [m[Kcandidate: ‘[01m[Kbool std::operator!=(const std::error_code&, const std::error_code&)[m[K’
  319 |   [01;36m[Koperator[m[K!=(const error_code& __lhs, const error_code& __rhs) noexcept
      |   [01;36m[K^~~~~~~~[m[K
[01m[K/usr/include/c++/9/system_error:319:32:[m[K [01;36m[Knote: [m[K  no known conversion for argument 1 from ‘[01m[Kstd::map<std::__cxx11::basic_string<char>, std::vector<std::vector<double> > >::iterator[m[K’ {aka ‘[01m[Kstd::_Rb_tree_iterator<std::pair<const std::__cxx11::basic_string<char>, std::vector<std::vector<double> > > >[m[K’} to ‘[01m[Kconst std::error_code&[m[K’
  319 |   operator!=([01;36m[Kconst error_code& __lhs[m[K, const error_code& __rhs) noexcept
      |              [01;36m[K~~~~~~~~~~~~~~~~~~^~~~~[m[K
[01m[K/usr/include/c++/9/system_error:323:3:[m[K [01;36m[Knote: [m[Kcandidate: ‘[01m[Kbool std::operator!=(const std::error_code&, const std::error_condition&)[m[K’
  323 |   [01;36m[Koperator[m[K!=(const error_code& __lhs, const error_condition& __rhs) noexcept
      |   [01;36m[K^~~~~~~~[m[K
[01m[K/usr/include/c++/9/system_error:323:32:[m[K [01;36m[Knote: [m[K  no known conversion for argument 1 from ‘[01m[Kstd::map<std::__cxx11::basic_string<char>, std::vector<std::vector<double> > >::iterator[m[K’ {aka ‘[01m[Kstd::_Rb_tree_iterator<std::pair<const std::__cxx11::basic_string<char>, std::vector<std::vector<double> > > >[m[K’} to ‘[01m[Kconst std::error_code&[m[K’
  323 |   operator!=([01;36m[Kconst error_code& __lhs[m[K, const error_condition& __rhs) noexcept
      |              [01;36m[K~~~~~~~~~~~~~~~~~~^~~~~[m[K
[01m[K/usr/include/c++/9/system_error:327:3:[m[K [01;36m[Knote: [m[Kcandidate: ‘[01m[Kbool std::operator!=(const std::error_condition&, const std::error_code&)[m[K’
  327 |   [01;36m[Koperator[m[K!=(const error_condition& __lhs, const error_code& __rhs) noexcept
      |   [01;36m[K^~~~~~~~[m[K
[01m[K/usr/include/c++/9/system_error:327:37:[m[K [01;36m[Knote: [m[K  no known conversion for argument 1 from ‘[01m[Kstd::map<std::__cxx11::basic_string<char>, std::vector<std::vector<double> > >::iterator[m[K’ {aka ‘[01m[Kstd::_Rb_tree_iterator<std::pair<const std::__cxx11::basic_string<char>, std::vector<std::vector<double> > > >[m[K’} to ‘[01m[Kconst std::error_condition&[m[K’
  327 |   operator!=([01;36m[Kconst error_condition& __lhs[m[K, const error_code& __rhs) noexcept
      |              [01;36m[K~~~~~~~~~~~~~~~~~~~~~~~^~~~~[m[K
[01m[K/usr/include/c++/9/system_error:331:3:[m[K [01;36m[Knote: [m[Kcandidate: ‘[01m[Kbool std::operator!=(const std::error_condition&, const std::error_condition&)[m[K’
  331 |   [01;36m[Koperator[m[K!=(const error_condition& __lhs,
      |   [01;36m[K^~~~~~~~[m[K
[01m[K/usr/include/c++/9/system_error:331:37:[m[K [01;36m[Knote: [m[K  no known conversion for argument 1 from ‘[01m[Kstd::map<std::__cxx11::basic_string<char>, std::vector<std::vector<double> > >::iterator[m[K’ {aka ‘[01m[Kstd::_Rb_tree_iterator<std::pair<const std::__cxx11::basic_string<char>, std::vector<std::vector<double> > > >[m[K’} to ‘[01m[Kconst std::error_condition&[m[K’
  331 |   operator!=([01;36m[Kconst error_condition& __lhs[m[K,
      |              [01;36m[K~~~~~~~~~~~~~~~~~~~~~~~^~~~~[m[K
In file included from [01m[K/usr/include/c++/9/bits/locale_facets.h:48[m[K,
                 from [01m[K/usr/include/c++/9/bits/basic_ios.h:37[m[K,
                 from [01m[K/usr/include/c++/9/ios:44[m[K,
                 from [01m[K/usr/include/c++/9/ostream:38[m[K,
                 from [01m[K/usr/include/c++/9/iostream:39[m[K,
                 from [01m[K/opt/ros/noetic/include/ros/time.h:54[m[K,
                 from [01m[K/opt/ros/noetic/include/ros/ros.h:38[m[K,
                 from [01m[K/home/nikola/ws_moveit/src/my_services/src/Pose_Finder_Server.cpp:1[m[K:
[01m[K/usr/include/c++/9/bits/streambuf_iterator.h:214:5:[m[K [01;36m[Knote: [m[Kcandidate: ‘[01m[Ktemplate<class _CharT, class _Traits> bool std::operator!=(const std::istreambuf_iterator<_CharT, _Traits>&, const std::istreambuf_iterator<_CharT, _Traits>&)[m[K’
  214 |     [01;36m[Koperator[m[K!=(const istreambuf_iterator<_CharT, _Traits>& __a,
      |     [01;36m[K^~~~~~~~[m[K
[01m[K/usr/include/c++/9/bits/streambuf_iterator.h:214:5:[m[K [01;36m[Knote: [m[K  template argument deduction/substitution failed:
[01m[K/home/nikola/ws_moveit/src/my_services/src/Pose_Finder_Server.cpp:54:46:[m[K [01;36m[Knote: [m[K  ‘[01m[Kstd::map<std::__cxx11::basic_string<char>, std::vector<std::vector<double> > >::iterator[m[K’ {aka ‘[01m[Kstd::_Rb_tree_iterator<std::pair<const std::__cxx11::basic_string<char>, std::vector<std::vector<double> > > >[m[K’} is not derived from ‘[01m[Kconst std::istreambuf_iterator<_CharT, _Traits>[m[K’
   54 |         if(zones.find(req.location) != zones.[01;36m[Kend[m[K){
      |                                              [01;36m[K^~~[m[K
In file included from [01m[K/usr/include/c++/9/tuple:39[m[K,
                 from [01m[K/usr/include/c++/9/bits/unique_ptr.h:37[m[K,
                 from [01m[K/usr/include/c++/9/bits/locale_conv.h:41[m[K,
                 from [01m[K/usr/include/c++/9/locale:43[m[K,
                 from [01m[K/usr/include/c++/9/iomanip:43[m[K,
                 from [01m[K/usr/include/boost/math/policies/error_handling.hpp:12[m[K,
                 from [01m[K/usr/include/boost/math/special_functions/round.hpp:14[m[K,
                 from [01m[K/opt/ros/noetic/include/ros/time.h:58[m[K,
                 from [01m[K/opt/ros/noetic/include/ros/ros.h:38[m[K,
                 from [01m[K/home/nikola/ws_moveit/src/my_services/src/Pose_Finder_Server.cpp:1[m[K:
[01m[K/usr/include/c++/9/array:257:5:[m[K [01;36m[Knote: [m[Kcandidate: ‘[01m[Ktemplate<class _Tp, long unsigned int _Nm> bool std::operator!=(const std::array<_Tp, _Nm>&, const std::array<_Tp, _Nm>&)[m[K’
  257 |     [01;36m[Koperator[m[K!=(const array<_Tp, _Nm>& __one, const array<_Tp, _Nm>& __two)
      |     [01;36m[K^~~~~~~~[m[K
[01m[K/usr/include/c++/9/array:257:5:[m[K [01;36m[Knote: [m[K  template argument deduction/substitution failed:
[01m[K/home/nikola/ws_moveit/src/my_services/src/Pose_Finder_Server.cpp:54:46:[m[K [01;36m[Knote: [m[K  ‘[01m[Kstd::map<std::__cxx11::basic_string<char>, std::vector<std::vector<double> > >::iterator[m[K’ {aka ‘[01m[Kstd::_Rb_tree_iterator<std::pair<const std::__cxx11::basic_string<char>, std::vector<std::vector<double> > > >[m[K’} is not derived from ‘[01m[Kconst std::array<_Tp, _Nm>[m[K’
   54 |         if(zones.find(req.location) != zones.[01;36m[Kend[m[K){
      |                                              [01;36m[K^~~[m[K
In file included from [01m[K/usr/include/c++/9/bits/unique_ptr.h:37[m[K,
                 from [01m[K/usr/include/c++/9/bits/locale_conv.h:41[m[K,
                 from [01m[K/usr/include/c++/9/locale:43[m[K,
                 from [01m[K/usr/include/c++/9/iomanip:43[m[K,
                 from [01m[K/usr/include/boost/math/policies/error_handling.hpp:12[m[K,
                 from [01m[K/usr/include/boost/math/special_functions/round.hpp:14[m[K,
                 from [01m[K/opt/ros/noetic/include/ros/time.h:58[m[K,
                 from [01m[K/opt/ros/noetic/include/ros/ros.h:38[m[K,
                 from [01m[K/home/nikola/ws_moveit/src/my_services/src/Pose_Finder_Server.cpp:1[m[K:
[01m[K/usr/include/c++/9/tuple:1445:5:[m[K [01;36m[Knote: [m[Kcandidate: ‘[01m[Ktemplate<class ... _TElements, class ... _UElements> constexpr bool std::operator!=(const std::tuple<_Tps ...>&, const std::tuple<_Elements ...>&)[m[K’
 1445 |     [01;36m[Koperator[m[K!=(const tuple<_TElements...>& __t,
      |     [01;36m[K^~~~~~~~[m[K
[01m[K/usr/include/c++/9/tuple:1445:5:[m[K [01;36m[Knote: [m[K  template argument deduction/substitution failed:
[01m[K/home/nikola/ws_moveit/src/my_services/src/Pose_Finder_Server.cpp:54:46:[m[K [01;36m[Knote: [m[K  ‘[01m[Kstd::map<std::__cxx11::basic_string<char>, std::vector<std::vector<double> > >::iterator[m[K’ {aka ‘[01m[Kstd::_Rb_tree_iterator<std::pair<const std::__cxx11::basic_string<char>, std::vector<std::vector<double> > > >[m[K’} is not derived from ‘[01m[Kconst std::tuple<_Tps ...>[m[K’
   54 |         if(zones.find(req.location) != zones.[01;36m[Kend[m[K){
      |                                              [01;36m[K^~~[m[K
In file included from [01m[K/usr/include/c++/9/bits/locale_conv.h:41[m[K,
                 from [01m[K/usr/include/c++/9/locale:43[m[K,
                 from [01m[K/usr/include/c++/9/iomanip:43[m[K,
                 from [01m[K/usr/include/boost/math/policies/error_handling.hpp:12[m[K,
                 from [01m[K/usr/include/boost/math/special_functions/round.hpp:14[m[K,
                 from [01m[K/opt/ros/noetic/include/ros/time.h:58[m[K,
                 from [01m[K/opt/ros/noetic/include/ros/ros.h:38[m[K,
                 from [01m[K/home/nikola/ws_moveit/src/my_services/src/Pose_Finder_Server.cpp:1[m[K:
[01m[K/usr/include/c++/9/bits/unique_ptr.h:732:5:[m[K [01;36m[Knote: [m[Kcandidate: ‘[01m[Ktemplate<class _Tp, class _Dp, class _Up, class _Ep> bool std::operator!=(const std::unique_ptr<_Tp, _Dp>&, const std::unique_ptr<_Up, _Ep>&)[m[K’
  732 |     [01;36m[Koperator[m[K!=(const unique_ptr<_Tp, _Dp>& __x,
      |     [01;36m[K^~~~~~~~[m[K
[01m[K/usr/include/c++/9/bits/unique_ptr.h:732:5:[m[K [01;36m[Knote: [m[K  template argument deduction/substitution failed:
[01m[K/home/nikola/ws_moveit/src/my_services/src/Pose_Finder_Server.cpp:54:46:[m[K [01;36m[Knote: [m[K  ‘[01m[Kstd::map<std::__cxx11::basic_string<char>, std::vector<std::vector<double> > >::iterator[m[K’ {aka ‘[01m[Kstd::_Rb_tree_iterator<std::pair<const std::__cxx11::basic_string<char>, std::vector<std::vector<double> > > >[m[K’} is not derived from ‘[01m[Kconst std::unique_ptr<_Tp, _Dp>[m[K’
   54 |         if(zones.find(req.location) != zones.[01;36m[Kend[m[K){
      |                                              [01;36m[K^~~[m[K
In file included from [01m[K/usr/include/c++/9/bits/locale_conv.h:41[m[K,
                 from [01m[K/usr/include/c++/9/locale:43[m[K,
                 from [01m[K/usr/include/c++/9/iomanip:43[m[K,
                 from [01m[K/usr/include/boost/math/policies/error_handling.hpp:12[m[K,
                 from [01m[K/usr/include/boost/math/special_functions/round.hpp:14[m[K,
                 from [01m[K/opt/ros/noetic/include/ros/time.h:58[m[K,
                 from [01m[K/opt/ros/noetic/include/ros/ros.h:38[m[K,
                 from [01m[K/home/nikola/ws_moveit/src/my_services/src/Pose_Finder_Server.cpp:1[m[K:
[01m[K/usr/include/c++/9/bits/unique_ptr.h:738:5:[m[K [01;36m[Knote: [m[Kcandidate: ‘[01m[Ktemplate<class _Tp, class _Dp> bool std::operator!=(const std::unique_ptr<_Tp, _Dp>&, std::nullptr_t)[m[K’
  738 |     [01;36m[Koperator[m[K!=(const unique_ptr<_Tp, _Dp>& __x, nullptr_t) noexcept
      |     [01;36m[K^~~~~~~~[m[K
[01m[K/usr/include/c++/9/bits/unique_ptr.h:738:5:[m[K [01;36m[Knote: [m[K  template argument deduction/substitution failed:
[01m[K/home/nikola/ws_moveit/src/my_services/src/Pose_Finder_Server.cpp:54:46:[m[K [01;36m[Knote: [m[K  ‘[01m[Kstd::map<std::__cxx11::basic_string<char>, std::vector<std::vector<double> > >::iterator[m[K’ {aka ‘[01m[Kstd::_Rb_tree_iterator<std::pair<const std::__cxx11::basic_string<char>, std::vector<std::vector<double> > > >[m[K’} is not derived from ‘[01m[Kconst std::unique_ptr<_Tp, _Dp>[m[K’
   54 |         if(zones.find(req.location) != zones.[01;36m[Kend[m[K){
      |                                              [01;36m[K^~~[m[K
In file included from [01m[K/usr/include/c++/9/bits/locale_conv.h:41[m[K,
                 from [01m[K/usr/include/c++/9/locale:43[m[K,
                 from [01m[K/usr/include/c++/9/iomanip:43[m[K,
                 from [01m[K/usr/include/boost/math/policies/error_handling.hpp:12[m[K,
                 from [01m[K/usr/include/boost/math/special_functions/round.hpp:14[m[K,
                 from [01m[K/opt/ros/noetic/include/ros/time.h:58[m[K,
                 from [01m[K/opt/ros/noetic/include/ros/ros.h:38[m[K,
                 from [01m[K/home/nikola/ws_moveit/src/my_services/src/Pose_Finder_Server.cpp:1[m[K:
[01m[K/usr/include/c++/9/bits/unique_ptr.h:743:5:[m[K [01;36m[Knote: [m[Kcandidate: ‘[01m[Ktemplate<class _Tp, class _Dp> bool std::operator!=(std::nullptr_t, const std::unique_ptr<_Tp, _Dp>&)[m[K’
  743 |     [01;36m[Koperator[m[K!=(nullptr_t, const unique_ptr<_Tp, _Dp>& __x) noexcept
      |     [01;36m[K^~~~~~~~[m[K
[01m[K/usr/include/c++/9/bits/unique_ptr.h:743:5:[m[K [01;36m[Knote: [m[K  template argument deduction/substitution failed:
[01m[K/home/nikola/ws_moveit/src/my_services/src/Pose_Finder_Server.cpp:54:46:[m[K [01;36m[Knote: [m[K  mismatched types ‘[01m[Kconst std::unique_ptr<_Tp, _Dp>[m[K’ and ‘[01m[Kstd::map<std::__cxx11::basic_string<char>, std::vector<std::vector<double> > >::const_iterator (std::map<std::__cxx11::basic_string<char>, std::vector<std::vector<double> > >::*)() const noexcept[m[K’ {aka ‘[01m[Kstd::_Rb_tree_const_iterator<std::pair<const std::__cxx11::basic_string<char>, std::vector<std::vector<double> > > > (std::map<std::__cxx11::basic_string<char>, std::vector<std::vector<double> > >::*)() const[m[K’}
   54 |         if(zones.find(req.location) != zones.[01;36m[Kend[m[K){
      |                                              [01;36m[K^~~[m[K
[01m[K/home/nikola/ws_moveit/src/my_services/src/Pose_Finder_Server.cpp:54:46:[m[K [01;36m[Knote: [m[K  mismatched types ‘[01m[Kconst std::unique_ptr<_Tp, _Dp>[m[K’ and ‘[01m[Kstd::map<std::__cxx11::basic_string<char>, std::vector<std::vector<double> > >::iterator (std::map<std::__cxx11::basic_string<char>, std::vector<std::vector<double> > >::*)() noexcept[m[K’ {aka ‘[01m[Kstd::_Rb_tree_iterator<std::pair<const std::__cxx11::basic_string<char>, std::vector<std::vector<double> > > > (std::map<std::__cxx11::basic_string<char>, std::vector<std::vector<double> > >::*)()[m[K’}
[01m[K/home/nikola/ws_moveit/src/my_services/src/Pose_Finder_Server.cpp:54:46:[m[K [01;36m[Knote: [m[K  couldn’t deduce template parameter ‘[01m[K_Tp[m[K’
In file included from [01m[K/usr/include/boost/config/no_tr1/complex.hpp:21[m[K,
                 from [01m[K/usr/include/boost/math/policies/error_handling.hpp:17[m[K,
                 from [01m[K/usr/include/boost/math/special_functions/round.hpp:14[m[K,
                 from [01m[K/opt/ros/noetic/include/ros/time.h:58[m[K,
                 from [01m[K/opt/ros/noetic/include/ros/ros.h:38[m[K,
                 from [01m[K/home/nikola/ws_moveit/src/my_services/src/Pose_Finder_Server.cpp:1[m[K:
[01m[K/usr/include/c++/9/complex:481:5:[m[K [01;36m[Knote: [m[Kcandidate: ‘[01m[Ktemplate<class _Tp> constexpr bool std::operator!=(const std::complex<_Tp>&, const std::complex<_Tp>&)[m[K’
  481 |     [01;36m[Koperator[m[K!=(const complex<_Tp>& __x, const complex<_Tp>& __y)
      |     [01;36m[K^~~~~~~~[m[K
[01m[K/usr/include/c++/9/complex:481:5:[m[K [01;36m[Knote: [m[K  template argument deduction/substitution failed:
[01m[K/home/nikola/ws_moveit/src/my_services/src/Pose_Finder_Server.cpp:54:46:[m[K [01;36m[Knote: [m[K  ‘[01m[Kstd::map<std::__cxx11::basic_string<char>, std::vector<std::vector<double> > >::iterator[m[K’ {aka ‘[01m[Kstd::_Rb_tree_iterator<std::pair<const std::__cxx11::basic_string<char>, std::vector<std::vector<double> > > >[m[K’} is not derived from ‘[01m[Kconst std::complex<_Tp>[m[K’
   54 |         if(zones.find(req.location) != zones.[01;36m[Kend[m[K){
      |                                              [01;36m[K^~~[m[K
In file included from [01m[K/usr/include/boost/config/no_tr1/complex.hpp:21[m[K,
                 from [01m[K/usr/include/boost/math/policies/error_handling.hpp:17[m[K,
                 from [01m[K/usr/include/boost/math/special_functions/round.hpp:14[m[K,
                 from [01m[K/opt/ros/noetic/include/ros/time.h:58[m[K,
                 from [01m[K/opt/ros/noetic/include/ros/ros.h:38[m[K,
                 from [01m[K/home/nikola/ws_moveit/src/my_services/src/Pose_Finder_Server.cpp:1[m[K:
[01m[K/usr/include/c++/9/complex:486:5:[m[K [01;36m[Knote: [m[Kcandidate: ‘[01m[Ktemplate<class _Tp> constexpr bool std::operator!=(const std::complex<_Tp>&, const _Tp&)[m[K’
  486 |     [01;36m[Koperator[m[K!=(const complex<_Tp>& __x, const _Tp& __y)
      |     [01;36m[K^~~~~~~~[m[K
[01m[K/usr/include/c++/9/complex:486:5:[m[K [01;36m[Knote: [m[K  template argument deduction/substitution failed:
[01m[K/home/nikola/ws_moveit/src/my_services/src/Pose_Finder_Server.cpp:54:46:[m[K [01;36m[Knote: [m[K  ‘[01m[Kstd::map<std::__cxx11::basic_string<char>, std::vector<std::vector<double> > >::iterator[m[K’ {aka ‘[01m[Kstd::_Rb_tree_iterator<std::pair<const std::__cxx11::basic_string<char>, std::vector<std::vector<double> > > >[m[K’} is not derived from ‘[01m[Kconst std::complex<_Tp>[m[K’
   54 |         if(zones.find(req.location) != zones.[01;36m[Kend[m[K){
      |                                              [01;36m[K^~~[m[K
In file included from [01m[K/usr/include/boost/config/no_tr1/complex.hpp:21[m[K,
                 from [01m[K/usr/include/boost/math/policies/error_handling.hpp:17[m[K,
                 from [01m[K/usr/include/boost/math/special_functions/round.hpp:14[m[K,
                 from [01m[K/opt/ros/noetic/include/ros/time.h:58[m[K,
                 from [01m[K/opt/ros/noetic/include/ros/ros.h:38[m[K,
                 from [01m[K/home/nikola/ws_moveit/src/my_services/src/Pose_Finder_Server.cpp:1[m[K:
[01m[K/usr/include/c++/9/complex:491:5:[m[K [01;36m[Knote: [m[Kcandidate: ‘[01m[Kconstexpr bool std::operator!=(const _Tp&, const std::complex<_Tp>&) [with _Tp = std::_Rb_tree_iterator<std::pair<const std::__cxx11::basic_string<char>, std::vector<std::vector<double> > > >][m[K’
  491 |     [01;36m[Koperator[m[K!=(const _Tp& __x, const complex<_Tp>& __y)
      |     [01;36m[K^~~~~~~~[m[K
[01m[K/usr/include/c++/9/complex:491:52:[m[K [01;36m[Knote: [m[K  no known conversion for argument 2 from ‘[01m[K<unresolved overloaded function type>[m[K’ to ‘[01m[Kconst std::complex<std::_Rb_tree_iterator<std::pair<const std::__cxx11::basic_string<char>, std::vector<std::vector<double> > > > >&[m[K’
  491 |     operator!=(const _Tp& __x, [01;36m[Kconst complex<_Tp>& __y[m[K)
      |                                [01;36m[K~~~~~~~~~~~~~~~~~~~~^~~[m[K
In file included from [01m[K/usr/include/c++/9/vector:67[m[K,
                 from [01m[K/usr/include/boost/math/special_functions/math_fwd.hpp:26[m[K,
                 from [01m[K/usr/include/boost/math/special_functions/round.hpp:15[m[K,
                 from [01m[K/opt/ros/noetic/include/ros/time.h:58[m[K,
                 from [01m[K/opt/ros/noetic/include/ros/ros.h:38[m[K,
                 from [01m[K/home/nikola/ws_moveit/src/my_services/src/Pose_Finder_Server.cpp:1[m[K:
[01m[K/usr/include/c++/9/bits/stl_vector.h:1912:5:[m[K [01;36m[Knote: [m[Kcandidate: ‘[01m[Ktemplate<class _Tp, class _Alloc> bool std::operator!=(const std::vector<_Tp, _Alloc>&, const std::vector<_Tp, _Alloc>&)[m[K’
 1912 |     [01;36m[Koperator[m[K!=(const vector<_Tp, _Alloc>& __x, const vector<_Tp, _Alloc>& __y)
      |     [01;36m[K^~~~~~~~[m[K
[01m[K/usr/include/c++/9/bits/stl_vector.h:1912:5:[m[K [01;36m[Knote: [m[K  template argument deduction/substitution failed:
[01m[K/home/nikola/ws_moveit/src/my_services/src/Pose_Finder_Server.cpp:54:46:[m[K [01;36m[Knote: [m[K  ‘[01m[Kstd::map<std::__cxx11::basic_string<char>, std::vector<std::vector<double> > >::iterator[m[K’ {aka ‘[01m[Kstd::_Rb_tree_iterator<std::pair<const std::__cxx11::basic_string<char>, std::vector<std::vector<double> > > >[m[K’} is not derived from ‘[01m[Kconst std::vector<_Tp, _Alloc>[m[K’
   54 |         if(zones.find(req.location) != zones.[01;36m[Kend[m[K){
      |                                              [01;36m[K^~~[m[K
In file included from [01m[K/usr/include/c++/9/map:61[m[K,
                 from [01m[K/opt/ros/noetic/include/ros/console.h:42[m[K,
                 from [01m[K/opt/ros/noetic/include/ros/ros.h:40[m[K,
                 from [01m[K/home/nikola/ws_moveit/src/my_services/src/Pose_Finder_Server.cpp:1[m[K:
[01m[K/usr/include/c++/9/bits/stl_map.h:1479:5:[m[K [01;36m[Knote: [m[Kcandidate: ‘[01m[Ktemplate<class _Key, class _Tp, class _Compare, class _Alloc> bool std::operator!=(const std::map<_Key, _Tp, _Compare, _Alloc>&, const std::map<_Key, _Tp, _Compare, _Alloc>&)[m[K’
 1479 |     [01;36m[Koperator[m[K!=(const map<_Key, _Tp, _Compare, _Alloc>& __x,
      |     [01;36m[K^~~~~~~~[m[K
[01m[K/usr/include/c++/9/bits/stl_map.h:1479:5:[m[K [01;36m[Knote: [m[K  template argument deduction/substitution failed:
[01m[K/home/nikola/ws_moveit/src/my_services/src/Pose_Finder_Server.cpp:54:46:[m[K [01;36m[Knote: [m[K  ‘[01m[Kstd::map<std::__cxx11::basic_string<char>, std::vector<std::vector<double> > >::iterator[m[K’ {aka ‘[01m[Kstd::_Rb_tree_iterator<std::pair<const std::__cxx11::basic_string<char>, std::vector<std::vector<double> > > >[m[K’} is not derived from ‘[01m[Kconst std::map<_Key, _Tp, _Compare, _Alloc>[m[K’
   54 |         if(zones.find(req.location) != zones.[01;36m[Kend[m[K){
      |                                              [01;36m[K^~~[m[K
In file included from [01m[K/usr/include/c++/9/map:62[m[K,
                 from [01m[K/opt/ros/noetic/include/ros/console.h:42[m[K,
                 from [01m[K/opt/ros/noetic/include/ros/ros.h:40[m[K,
                 from [01m[K/home/nikola/ws_moveit/src/my_services/src/Pose_Finder_Server.cpp:1[m[K:
[01m[K/usr/include/c++/9/bits/stl_multimap.h:1143:5:[m[K [01;36m[Knote: [m[Kcandidate: ‘[01m[Ktemplate<class _Key, class _Tp, class _Compare, class _Alloc> bool std::operator!=(const std::multimap<_Key, _Tp, _Compare, _Alloc>&, const std::multimap<_Key, _Tp, _Compare, _Alloc>&)[m[K’
 1143 |     [01;36m[Koperator[m[K!=(const multimap<_Key, _Tp, _Compare, _Alloc>& __x,
      |     [01;36m[K^~~~~~~~[m[K
[01m[K/usr/include/c++/9/bits/stl_multimap.h:1143:5:[m[K [01;36m[Knote: [m[K  template argument deduction/substitution failed:
[01m[K/home/nikola/ws_moveit/src/my_services/src/Pose_Finder_Server.cpp:54:46:[m[K [01;36m[Knote: [m[K  ‘[01m[Kstd::map<std::__cxx11::basic_string<char>, std::vector<std::vector<double> > >::iterator[m[K’ {aka ‘[01m[Kstd::_Rb_tree_iterator<std::pair<const std::__cxx11::basic_string<char>, std::vector<std::vector<double> > > >[m[K’} is not derived from ‘[01m[Kconst std::multimap<_Key, _Tp, _Compare, _Alloc>[m[K’
   54 |         if(zones.find(req.location) != zones.[01;36m[Kend[m[K){
      |                                              [01;36m[K^~~[m[K
In file included from [01m[K/usr/include/c++/9/set:61[m[K,
                 from [01m[K/opt/ros/noetic/include/ros/forwards.h:34[m[K,
                 from [01m[K/opt/ros/noetic/include/ros/common.h:37[m[K,
                 from [01m[K/opt/ros/noetic/include/ros/ros.h:43[m[K,
                 from [01m[K/home/nikola/ws_moveit/src/my_services/src/Pose_Finder_Server.cpp:1[m[K:
[01m[K/usr/include/c++/9/bits/stl_set.h:1003:5:[m[K [01;36m[Knote: [m[Kcandidate: ‘[01m[Ktemplate<class _Key, class _Compare, class _Alloc> bool std::operator!=(const std::set<_Key, _Compare, _Alloc>&, const std::set<_Key, _Compare, _Alloc>&)[m[K’
 1003 |     [01;36m[Koperator[m[K!=(const set<_Key, _Compare, _Alloc>& __x,
      |     [01;36m[K^~~~~~~~[m[K
[01m[K/usr/include/c++/9/bits/stl_set.h:1003:5:[m[K [01;36m[Knote: [m[K  template argument deduction/substitution failed:
[01m[K/home/nikola/ws_moveit/src/my_services/src/Pose_Finder_Server.cpp:54:46:[m[K [01;36m[Knote: [m[K  ‘[01m[Kstd::map<std::__cxx11::basic_string<char>, std::vector<std::vector<double> > >::iterator[m[K’ {aka ‘[01m[Kstd::_Rb_tree_iterator<std::pair<const std::__cxx11::basic_string<char>, std::vector<std::vector<double> > > >[m[K’} is not derived from ‘[01m[Kconst std::set<_Key, _Compare, _Alloc>[m[K’
   54 |         if(zones.find(req.location) != zones.[01;36m[Kend[m[K){
      |                                              [01;36m[K^~~[m[K
In file included from [01m[K/usr/include/c++/9/set:62[m[K,
                 from [01m[K/opt/ros/noetic/include/ros/forwards.h:34[m[K,
                 from [01m[K/opt/ros/noetic/include/ros/common.h:37[m[K,
                 from [01m[K/opt/ros/noetic/include/ros/ros.h:43[m[K,
                 from [01m[K/home/nikola/ws_moveit/src/my_services/src/Pose_Finder_Server.cpp:1[m[K:
[01m[K/usr/include/c++/9/bits/stl_multiset.h:988:5:[m[K [01;36m[Knote: [m[Kcandidate: ‘[01m[Ktemplate<class _Key, class _Compare, class _Alloc> bool std::operator!=(const std::multiset<_Key, _Compare, _Alloc>&, const std::multiset<_Key, _Compare, _Alloc>&)[m[K’
  988 |     [01;36m[Koperator[m[K!=(const multiset<_Key, _Compare, _Alloc>& __x,
      |     [01;36m[K^~~~~~~~[m[K
[01m[K/usr/include/c++/9/bits/stl_multiset.h:988:5:[m[K [01;36m[Knote: [m[K  template argument deduction/substitution failed:
[01m[K/home/nikola/ws_moveit/src/my_services/src/Pose_Finder_Server.cpp:54:46:[m[K [01;36m[Knote: [m[K  ‘[01m[Kstd::map<std::__cxx11::basic_string<char>, std::vector<std::vector<double> > >::iterator[m[K’ {aka ‘[01m[Kstd::_Rb_tree_iterator<std::pair<const std::__cxx11::basic_string<char>, std::vector<std::vector<double> > > >[m[K’} is not derived from ‘[01m[Kconst std::multiset<_Key, _Compare, _Alloc>[m[K’
   54 |         if(zones.find(req.location) != zones.[01;36m[Kend[m[K){
      |                                              [01;36m[K^~~[m[K
In file included from [01m[K/usr/include/c++/9/list:63[m[K,
                 from [01m[K/opt/ros/noetic/include/ros/forwards.h:35[m[K,
                 from [01m[K/opt/ros/noetic/include/ros/common.h:37[m[K,
                 from [01m[K/opt/ros/noetic/include/ros/ros.h:43[m[K,
                 from [01m[K/home/nikola/ws_moveit/src/my_services/src/Pose_Finder_Server.cpp:1[m[K:
[01m[K/usr/include/c++/9/bits/stl_list.h:2032:5:[m[K [01;36m[Knote: [m[Kcandidate: ‘[01m[Ktemplate<class _Tp, class _Alloc> bool std::operator!=(const std::__cxx11::list<_Tp, _Alloc>&, const std::__cxx11::list<_Tp, _Alloc>&)[m[K’
 2032 |     [01;36m[Koperator[m[K!=(const list<_Tp, _Alloc>& __x, const list<_Tp, _Alloc>& __y)
      |     [01;36m[K^~~~~~~~[m[K
[01m[K/usr/include/c++/9/bits/stl_list.h:2032:5:[m[K [01;36m[Knote: [m[K  template argument deduction/substitution failed:
[01m[K/home/nikola/ws_moveit/src/my_services/src/Pose_Finder_Server.cpp:54:46:[m[K [01;36m[Knote: [m[K  ‘[01m[Kstd::map<std::__cxx11::basic_string<char>, std::vector<std::vector<double> > >::iterator[m[K’ {aka ‘[01m[Kstd::_Rb_tree_iterator<std::pair<const std::__cxx11::basic_string<char>, std::vector<std::vector<double> > > >[m[K’} is not derived from ‘[01m[Kconst std::__cxx11::list<_Tp, _Alloc>[m[K’
   54 |         if(zones.find(req.location) != zones.[01;36m[Kend[m[K){
      |                                              [01;36m[K^~~[m[K
In file included from [01m[K/usr/include/c++/9/bits/shared_ptr.h:52[m[K,
                 from [01m[K/usr/include/c++/9/memory:81[m[K,
                 from [01m[K/usr/include/boost/config/no_tr1/memory.hpp:21[m[K,
                 from [01m[K/usr/include/boost/smart_ptr/shared_ptr.hpp:23[m[K,
                 from [01m[K/usr/include/boost/shared_ptr.hpp:17[m[K,
                 from [01m[K/opt/ros/noetic/include/ros/forwards.h:37[m[K,
                 from [01m[K/opt/ros/noetic/include/ros/common.h:37[m[K,
                 from [01m[K/opt/ros/noetic/include/ros/ros.h:43[m[K,
                 from [01m[K/home/nikola/ws_moveit/src/my_services/src/Pose_Finder_Server.cpp:1[m[K:
[01m[K/usr/include/c++/9/bits/shared_ptr_base.h:1428:5:[m[K [01;36m[Knote: [m[Kcandidate: ‘[01m[Ktemplate<class _Tp1, class _Tp2, __gnu_cxx::_Lock_policy _Lp> bool std::operator!=(const std::__shared_ptr<_Tp1, _Lp>&, const std::__shared_ptr<_Tp2, _Lp>&)[m[K’
 1428 |     [01;36m[Koperator[m[K!=(const __shared_ptr<_Tp1, _Lp>& __a,
      |     [01;36m[K^~~~~~~~[m[K
[01m[K/usr/include/c++/9/bits/shared_ptr_base.h:1428:5:[m[K [01;36m[Knote: [m[K  template argument deduction/substitution failed:
[01m[K/home/nikola/ws_moveit/src/my_services/src/Pose_Finder_Server.cpp:54:46:[m[K [01;36m[Knote: [m[K  ‘[01m[Kstd::map<std::__cxx11::basic_string<char>, std::vector<std::vector<double> > >::iterator[m[K’ {aka ‘[01m[Kstd::_Rb_tree_iterator<std::pair<const std::__cxx11::basic_string<char>, std::vector<std::vector<double> > > >[m[K’} is not derived from ‘[01m[Kconst std::__shared_ptr<_Tp1, _Lp>[m[K’
   54 |         if(zones.find(req.location) != zones.[01;36m[Kend[m[K){
      |                                              [01;36m[K^~~[m[K
In file included from [01m[K/usr/include/c++/9/bits/shared_ptr.h:52[m[K,
                 from [01m[K/usr/include/c++/9/memory:81[m[K,
                 from [01m[K/usr/include/boost/config/no_tr1/memory.hpp:21[m[K,
                 from [01m[K/usr/include/boost/smart_ptr/shared_ptr.hpp:23[m[K,
                 from [01m[K/usr/include/boost/shared_ptr.hpp:17[m[K,
                 from [01m[K/opt/ros/noetic/include/ros/forwards.h:37[m[K,
                 from [01m[K/opt/ros/noetic/include/ros/common.h:37[m[K,
                 from [01m[K/opt/ros/noetic/include/ros/ros.h:43[m[K,
                 from [01m[K/home/nikola/ws_moveit/src/my_services/src/Pose_Finder_Server.cpp:1[m[K:
[01m[K/usr/include/c++/9/bits/shared_ptr_base.h:1434:5:[m[K [01;36m[Knote: [m[Kcandidate: ‘[01m[Ktemplate<class _Tp, __gnu_cxx::_Lock_policy _Lp> bool std::operator!=(const std::__shared_ptr<_Tp, _Lp>&, std::nullptr_t)[m[K’
 1434 |     [01;36m[Koperator[m[K!=(const __shared_ptr<_Tp, _Lp>& __a, nullptr_t) noexcept
      |     [01;36m[K^~~~~~~~[m[K
[01m[K/usr/include/c++/9/bits/shared_ptr_base.h:1434:5:[m[K [01;36m[Knote: [m[K  template argument deduction/substitution failed:
[01m[K/home/nikola/ws_moveit/src/my_services/src/Pose_Finder_Server.cpp:54:46:[m[K [01;36m[Knote: [m[K  ‘[01m[Kstd::map<std::__cxx11::basic_string<char>, std::vector<std::vector<double> > >::iterator[m[K’ {aka ‘[01m[Kstd::_Rb_tree_iterator<std::pair<const std::__cxx11::basic_string<char>, std::vector<std::vector<double> > > >[m[K’} is not derived from ‘[01m[Kconst std::__shared_ptr<_Tp, _Lp>[m[K’
   54 |         if(zones.find(req.location) != zones.[01;36m[Kend[m[K){
      |                                              [01;36m[K^~~[m[K
In file included from [01m[K/usr/include/c++/9/bits/shared_ptr.h:52[m[K,
                 from [01m[K/usr/include/c++/9/memory:81[m[K,
                 from [01m[K/usr/include/boost/config/no_tr1/memory.hpp:21[m[K,
                 from [01m[K/usr/include/boost/smart_ptr/shared_ptr.hpp:23[m[K,
                 from [01m[K/usr/include/boost/shared_ptr.hpp:17[m[K,
                 from [01m[K/opt/ros/noetic/include/ros/forwards.h:37[m[K,
                 from [01m[K/opt/ros/noetic/include/ros/common.h:37[m[K,
                 from [01m[K/opt/ros/noetic/include/ros/ros.h:43[m[K,
                 from [01m[K/home/nikola/ws_moveit/src/my_services/src/Pose_Finder_Server.cpp:1[m[K:
[01m[K/usr/include/c++/9/bits/shared_ptr_base.h:1439:5:[m[K [01;36m[Knote: [m[Kcandidate: ‘[01m[Ktemplate<class _Tp, __gnu_cxx::_Lock_policy _Lp> bool std::operator!=(std::nullptr_t, const std::__shared_ptr<_Tp, _Lp>&)[m[K’
 1439 |     [01;36m[Koperator[m[K!=(nullptr_t, const __shared_ptr<_Tp, _Lp>& __a) noexcept
      |     [01;36m[K^~~~~~~~[m[K
[01m[K/usr/include/c++/9/bits/shared_ptr_base.h:1439:5:[m[K [01;36m[Knote: [m[K  template argument deduction/substitution failed:
[01m[K/home/nikola/ws_moveit/src/my_services/src/Pose_Finder_Server.cpp:54:46:[m[K [01;36m[Knote: [m[K  mismatched types ‘[01m[Kconst std::__shared_ptr<_Tp, _Lp>[m[K’ and ‘[01m[Kstd::map<std::__cxx11::basic_string<char>, std::vector<std::vector<double> > >::const_iterator (std::map<std::__cxx11::basic_string<char>, std::vector<std::vector<double> > >::*)() const noexcept[m[K’ {aka ‘[01m[Kstd::_Rb_tree_const_iterator<std::pair<const std::__cxx11::basic_string<char>, std::vector<std::vector<double> > > > (std::map<std::__cxx11::basic_string<char>, std::vector<std::vector<double> > >::*)() const[m[K’}
   54 |         if(zones.find(req.location) != zones.[01;36m[Kend[m[K){
      |                                              [01;36m[K^~~[m[K
[01m[K/home/nikola/ws_moveit/src/my_services/src/Pose_Finder_Server.cpp:54:46:[m[K [01;36m[Knote: [m[K  mismatched types ‘[01m[Kconst std::__shared_ptr<_Tp, _Lp>[m[K’ and ‘[01m[Kstd::map<std::__cxx11::basic_string<char>, std::vector<std::vector<double> > >::iterator (std::map<std::__cxx11::basic_string<char>, std::vector<std::vector<double> > >::*)() noexcept[m[K’ {aka ‘[01m[Kstd::_Rb_tree_iterator<std::pair<const std::__cxx11::basic_string<char>, std::vector<std::vector<double> > > > (std::map<std::__cxx11::basic_string<char>, std::vector<std::vector<double> > >::*)()[m[K’}
[01m[K/home/nikola/ws_moveit/src/my_services/src/Pose_Finder_Server.cpp:54:46:[m[K [01;36m[Knote: [m[K  couldn’t deduce template parameter ‘[01m[K_Tp[m[K’
In file included from [01m[K/usr/include/c++/9/memory:81[m[K,
                 from [01m[K/usr/include/boost/config/no_tr1/memory.hpp:21[m[K,
                 from [01m[K/usr/include/boost/smart_ptr/shared_ptr.hpp:23[m[K,
                 from [01m[K/usr/include/boost/shared_ptr.hpp:17[m[K,
                 from [01m[K/opt/ros/noetic/include/ros/forwards.h:37[m[K,
                 from [01m[K/opt/ros/noetic/include/ros/common.h:37[m[K,
                 from [01m[K/opt/ros/noetic/include/ros/ros.h:43[m[K,
                 from [01m[K/home/nikola/ws_moveit/src/my_services/src/Pose_Finder_Server.cpp:1[m[K:
[01m[K/usr/include/c++/9/bits/shared_ptr.h:398:5:[m[K [01;36m[Knote: [m[Kcandidate: ‘[01m[Ktemplate<class _Tp, class _Up> bool std::operator!=(const std::shared_ptr<_Tp>&, const std::shared_ptr<_Tp>&)[m[K’
  398 |     [01;36m[Koperator[m[K!=(const shared_ptr<_Tp>& __a, const shared_ptr<_Up>& __b) noexcept
      |     [01;36m[K^~~~~~~~[m[K
[01m[K/usr/include/c++/9/bits/shared_ptr.h:398:5:[m[K [01;36m[Knote: [m[K  template argument deduction/substitution failed:
[01m[K/home/nikola/ws_moveit/src/my_services/src/Pose_Finder_Server.cpp:54:46:[m[K [01;36m[Knote: [m[K  ‘[01m[Kstd::map<std::__cxx11::basic_string<char>, std::vector<std::vector<double> > >::iterator[m[K’ {aka ‘[01m[Kstd::_Rb_tree_iterator<std::pair<const std::__cxx11::basic_string<char>, std::vector<std::vector<double> > > >[m[K’} is not derived from ‘[01m[Kconst std::shared_ptr<_Tp>[m[K’
   54 |         if(zones.find(req.location) != zones.[01;36m[Kend[m[K){
      |                                              [01;36m[K^~~[m[K
In file included from [01m[K/usr/include/c++/9/memory:81[m[K,
                 from [01m[K/usr/include/boost/config/no_tr1/memory.hpp:21[m[K,
                 from [01m[K/usr/include/boost/smart_ptr/shared_ptr.hpp:23[m[K,
                 from [01m[K/usr/include/boost/shared_ptr.hpp:17[m[K,
                 from [01m[K/opt/ros/noetic/include/ros/forwards.h:37[m[K,
                 from [01m[K/opt/ros/noetic/include/ros/common.h:37[m[K,
                 from [01m[K/opt/ros/noetic/include/ros/ros.h:43[m[K,
                 from [01m[K/home/nikola/ws_moveit/src/my_services/src/Pose_Finder_Server.cpp:1[m[K:
[01m[K/usr/include/c++/9/bits/shared_ptr.h:403:5:[m[K [01;36m[Knote: [m[Kcandidate: ‘[01m[Ktemplate<class _Tp> bool std::operator!=(const std::shared_ptr<_Tp>&, std::nullptr_t)[m[K’
  403 |     [01;36m[Koperator[m[K!=(const shared_ptr<_Tp>& __a, nullptr_t) noexcept
      |     [01;36m[K^~~~~~~~[m[K
[01m[K/usr/include/c++/9/bits/shared_ptr.h:403:5:[m[K [01;36m[Knote: [m[K  template argument deduction/substitution failed:
[01m[K/home/nikola/ws_moveit/src/my_services/src/Pose_Finder_Server.cpp:54:46:[m[K [01;36m[Knote: [m[K  ‘[01m[Kstd::map<std::__cxx11::basic_string<char>, std::vector<std::vector<double> > >::iterator[m[K’ {aka ‘[01m[Kstd::_Rb_tree_iterator<std::pair<const std::__cxx11::basic_string<char>, std::vector<std::vector<double> > > >[m[K’} is not derived from ‘[01m[Kconst std::shared_ptr<_Tp>[m[K’
   54 |         if(zones.find(req.location) != zones.[01;36m[Kend[m[K){
      |                                              [01;36m[K^~~[m[K
In file included from [01m[K/usr/include/c++/9/memory:81[m[K,
                 from [01m[K/usr/include/boost/config/no_tr1/memory.hpp:21[m[K,
                 from [01m[K/usr/include/boost/smart_ptr/shared_ptr.hpp:23[m[K,
                 from [01m[K/usr/include/boost/shared_ptr.hpp:17[m[K,
                 from [01m[K/opt/ros/noetic/include/ros/forwards.h:37[m[K,
                 from [01m[K/opt/ros/noetic/include/ros/common.h:37[m[K,
                 from [01m[K/opt/ros/noetic/include/ros/ros.h:43[m[K,
                 from [01m[K/home/nikola/ws_moveit/src/my_services/src/Pose_Finder_Server.cpp:1[m[K:
[01m[K/usr/include/c++/9/bits/shared_ptr.h:408:5:[m[K [01;36m[Knote: [m[Kcandidate: ‘[01m[Ktemplate<class _Tp> bool std::operator!=(std::nullptr_t, const std::shared_ptr<_Tp>&)[m[K’
  408 |     [01;36m[Koperator[m[K!=(nullptr_t, const shared_ptr<_Tp>& __a) noexcept
      |     [01;36m[K^~~~~~~~[m[K
[01m[K/usr/include/c++/9/bits/shared_ptr.h:408:5:[m[K [01;36m[Knote: [m[K  template argument deduction/substitution failed:
[01m[K/home/nikola/ws_moveit/src/my_services/src/Pose_Finder_Server.cpp:54:46:[m[K [01;36m[Knote: [m[K  mismatched types ‘[01m[Kconst std::shared_ptr<_Tp>[m[K’ and ‘[01m[Kstd::map<std::__cxx11::basic_string<char>, std::vector<std::vector<double> > >::const_iterator (std::map<std::__cxx11::basic_string<char>, std::vector<std::vector<double> > >::*)() const noexcept[m[K’ {aka ‘[01m[Kstd::_Rb_tree_const_iterator<std::pair<const std::__cxx11::basic_string<char>, std::vector<std::vector<double> > > > (std::map<std::__cxx11::basic_string<char>, std::vector<std::vector<double> > >::*)() const[m[K’}
   54 |         if(zones.find(req.location) != zones.[01;36m[Kend[m[K){
      |                                              [01;36m[K^~~[m[K
[01m[K/home/nikola/ws_moveit/src/my_services/src/Pose_Finder_Server.cpp:54:46:[m[K [01;36m[Knote: [m[K  mismatched types ‘[01m[Kconst std::shared_ptr<_Tp>[m[K’ and ‘[01m[Kstd::map<std::__cxx11::basic_string<char>, std::vector<std::vector<double> > >::iterator (std::map<std::__cxx11::basic_string<char>, std::vector<std::vector<double> > >::*)() noexcept[m[K’ {aka ‘[01m[Kstd::_Rb_tree_iterator<std::pair<const std::__cxx11::basic_string<char>, std::vector<std::vector<double> > > > (std::map<std::__cxx11::basic_string<char>, std::vector<std::vector<double> > >::*)()[m[K’}
[01m[K/home/nikola/ws_moveit/src/my_services/src/Pose_Finder_Server.cpp:54:46:[m[K [01;36m[Knote: [m[K  couldn’t deduce template parameter ‘[01m[K_Tp[m[K’
In file included from [01m[K/usr/include/c++/9/functional:59[m[K,
                 from [01m[K/usr/include/boost/smart_ptr/detail/shared_count.hpp:39[m[K,
                 from [01m[K/usr/include/boost/smart_ptr/shared_ptr.hpp:28[m[K,
                 from [01m[K/usr/include/boost/shared_ptr.hpp:17[m[K,
                 from [01m[K/opt/ros/noetic/include/ros/forwards.h:37[m[K,
                 from [01m[K/opt/ros/noetic/include/ros/common.h:37[m[K,
                 from [01m[K/opt/ros/noetic/include/ros/ros.h:43[m[K,
                 from [01m[K/home/nikola/ws_moveit/src/my_services/src/Pose_Finder_Server.cpp:1[m[K:
[01m[K/usr/include/c++/9/bits/std_function.h:764:5:[m[K [01;36m[Knote: [m[Kcandidate: ‘[01m[Ktemplate<class _Res, class ... _Args> bool std::operator!=(const std::function<_Res(_ArgTypes ...)>&, std::nullptr_t)[m[K’
  764 |     [01;36m[Koperator[m[K!=(const function<_Res(_Args...)>& __f, nullptr_t) noexcept
      |     [01;36m[K^~~~~~~~[m[K
[01m[K/usr/include/c++/9/bits/std_function.h:764:5:[m[K [01;36m[Knote: [m[K  template argument deduction/substitution failed:
[01m[K/home/nikola/ws_moveit/src/my_services/src/Pose_Finder_Server.cpp:54:46:[m[K [01;36m[Knote: [m[K  ‘[01m[Kstd::map<std::__cxx11::basic_string<char>, std::vector<std::vector<double> > >::iterator[m[K’ {aka ‘[01m[Kstd::_Rb_tree_iterator<std::pair<const std::__cxx11::basic_string<char>, std::vector<std::vector<double> > > >[m[K’} is not derived from ‘[01m[Kconst std::function<_Res(_ArgTypes ...)>[m[K’
   54 |         if(zones.find(req.location) != zones.[01;36m[Kend[m[K){
      |                                              [01;36m[K^~~[m[K
In file included from [01m[K/usr/include/c++/9/functional:59[m[K,
                 from [01m[K/usr/include/boost/smart_ptr/detail/shared_count.hpp:39[m[K,
                 from [01m[K/usr/include/boost/smart_ptr/shared_ptr.hpp:28[m[K,
                 from [01m[K/usr/include/boost/shared_ptr.hpp:17[m[K,
                 from [01m[K/opt/ros/noetic/include/ros/forwards.h:37[m[K,
                 from [01m[K/opt/ros/noetic/include/ros/common.h:37[m[K,
                 from [01m[K/opt/ros/noetic/include/ros/ros.h:43[m[K,
                 from [01m[K/home/nikola/ws_moveit/src/my_services/src/Pose_Finder_Server.cpp:1[m[K:
[01m[K/usr/include/c++/9/bits/std_function.h:770:5:[m[K [01;36m[Knote: [m[Kcandidate: ‘[01m[Ktemplate<class _Res, class ... _Args> bool std::operator!=(std::nullptr_t, const std::function<_Res(_ArgTypes ...)>&)[m[K’
  770 |     [01;36m[Koperator[m[K!=(nullptr_t, const function<_Res(_Args...)>& __f) noexcept
      |     [01;36m[K^~~~~~~~[m[K
[01m[K/usr/include/c++/9/bits/std_function.h:770:5:[m[K [01;36m[Knote: [m[K  template argument deduction/substitution failed:
[01m[K/home/nikola/ws_moveit/src/my_services/src/Pose_Finder_Server.cpp:54:46:[m[K [01;36m[Knote: [m[K  mismatched types ‘[01m[Kconst std::function<_Res(_ArgTypes ...)>[m[K’ and ‘[01m[Kstd::map<std::__cxx11::basic_string<char>, std::vector<std::vector<double> > >::const_iterator (std::map<std::__cxx11::basic_string<char>, std::vector<std::vector<double> > >::*)() const noexcept[m[K’ {aka ‘[01m[Kstd::_Rb_tree_const_iterator<std::pair<const std::__cxx11::basic_string<char>, std::vector<std::vector<double> > > > (std::map<std::__cxx11::basic_string<char>, std::vector<std::vector<double> > >::*)() const[m[K’}
   54 |         if(zones.find(req.location) != zones.[01;36m[Kend[m[K){
      |                                              [01;36m[K^~~[m[K
[01m[K/home/nikola/ws_moveit/src/my_services/src/Pose_Finder_Server.cpp:54:46:[m[K [01;36m[Knote: [m[K  mismatched types ‘[01m[Kconst std::function<_Res(_ArgTypes ...)>[m[K’ and ‘[01m[Kstd::map<std::__cxx11::basic_string<char>, std::vector<std::vector<double> > >::iterator (std::map<std::__cxx11::basic_string<char>, std::vector<std::vector<double> > >::*)() noexcept[m[K’ {aka ‘[01m[Kstd::_Rb_tree_iterator<std::pair<const std::__cxx11::basic_string<char>, std::vector<std::vector<double> > > > (std::map<std::__cxx11::basic_string<char>, std::vector<std::vector<double> > >::*)()[m[K’}
[01m[K/home/nikola/ws_moveit/src/my_services/src/Pose_Finder_Server.cpp:54:46:[m[K [01;36m[Knote: [m[K  couldn’t deduce template parameter ‘[01m[K_Res[m[K’
In file included from [01m[K/usr/include/c++/9/iterator:66[m[K,
                 from [01m[K/usr/include/boost/detail/iterator.hpp:11[m[K,
                 from [01m[K/usr/include/boost/array.hpp:50[m[K,
                 from [01m[K/opt/ros/noetic/include/ros/message.h:38[m[K,
                 from [01m[K/opt/ros/noetic/include/ros/publisher.h:33[m[K,
                 from [01m[K/opt/ros/noetic/include/ros/node_handle.h:32[m[K,
                 from [01m[K/opt/ros/noetic/include/ros/ros.h:45[m[K,
                 from [01m[K/home/nikola/ws_moveit/src/my_services/src/Pose_Finder_Server.cpp:1[m[K:
[01m[K/usr/include/c++/9/bits/stream_iterator.h:141:5:[m[K [01;36m[Knote: [m[Kcandidate: ‘[01m[Ktemplate<class _Tp, class _CharT, class _Traits, class _Dist> bool std::operator!=(const std::istream_iterator<_Tp, _CharT, _Traits, _Dist>&, const std::istream_iterator<_Tp, _CharT, _Traits, _Dist>&)[m[K’
  141 |     [01;36m[Koperator[m[K!=(const istream_iterator<_Tp, _CharT, _Traits, _Dist>& __x,
      |     [01;36m[K^~~~~~~~[m[K
[01m[K/usr/include/c++/9/bits/stream_iterator.h:141:5:[m[K [01;36m[Knote: [m[K  template argument deduction/substitution failed:
[01m[K/home/nikola/ws_moveit/src/my_services/src/Pose_Finder_Server.cpp:54:46:[m[K [01;36m[Knote: [m[K  ‘[01m[Kstd::map<std::__cxx11::basic_string<char>, std::vector<std::vector<double> > >::iterator[m[K’ {aka ‘[01m[Kstd::_Rb_tree_iterator<std::pair<const std::__cxx11::basic_string<char>, std::vector<std::vector<double> > > >[m[K’} is not derived from ‘[01m[Kconst std::istream_iterator<_Tp, _CharT, _Traits, _Dist>[m[K’
   54 |         if(zones.find(req.location) != zones.[01;36m[Kend[m[K){
      |                                              [01;36m[K^~~[m[K
In file included from [01m[K/usr/include/c++/9/string:41[m[K,
                 from [01m[K/opt/ros/noetic/include/ros/platform.h:38[m[K,
                 from [01m[K/opt/ros/noetic/include/ros/time.h:53[m[K,
                 from [01m[K/opt/ros/noetic/include/ros/ros.h:38[m[K,
                 from [01m[K/home/nikola/ws_moveit/src/my_services/src/Pose_Finder_Server.cpp:1[m[K:
[01m[K/usr/include/c++/9/bits/allocator.h:159:7:[m[K [01;36m[Knote: [m[Kcandidate: ‘[01m[Kbool std::operator!=(const std::allocator<char>&, const std::allocator<char>&)[m[K’
  159 |       [01;36m[Koperator[m[K!=(const allocator&, const allocator&) _GLIBCXX_NOTHROW
      |       [01;36m[K^~~~~~~~[m[K
[01m[K/usr/include/c++/9/bits/allocator.h:159:18:[m[K [01;36m[Knote: [m[K  no known conversion for argument 1 from ‘[01m[Kstd::map<std::__cxx11::basic_string<char>, std::vector<std::vector<double> > >::iterator[m[K’ {aka ‘[01m[Kstd::_Rb_tree_iterator<std::pair<const std::__cxx11::basic_string<char>, std::vector<std::vector<double> > > >[m[K’} to ‘[01m[Kconst std::allocator<char>&[m[K’
  159 |       operator!=([01;36m[Kconst allocator&[m[K, const allocator&) _GLIBCXX_NOTHROW
      |                  [01;36m[K^~~~~~~~~~~~~~~~[m[K
In file included from [01m[K/usr/include/c++/9/bits/stl_algobase.h:67[m[K,
                 from [01m[K/usr/include/c++/9/bits/char_traits.h:39[m[K,
                 from [01m[K/usr/include/c++/9/string:40[m[K,
                 from [01m[K/opt/ros/noetic/include/ros/platform.h:38[m[K,
                 from [01m[K/opt/ros/noetic/include/ros/time.h:53[m[K,
                 from [01m[K/opt/ros/noetic/include/ros/ros.h:38[m[K,
                 from [01m[K/home/nikola/ws_moveit/src/my_services/src/Pose_Finder_Server.cpp:1[m[K:
[01m[K/usr/include/c++/9/bits/stl_iterator.h:897:5:[m[K [01;36m[Knote: [m[Kcandidate: ‘[01m[Ktemplate<class _IteratorL, class _IteratorR, class _Container> bool __gnu_cxx::operator!=(const __gnu_cxx::__normal_iterator<_IteratorL, _Container>&, const __gnu_cxx::__normal_iterator<_IteratorR, _Container>&)[m[K’
  897 |     [01;36m[Koperator[m[K!=(const __normal_iterator<_IteratorL, _Container>& __lhs,
      |     [01;36m[K^~~~~~~~[m[K
[01m[K/usr/include/c++/9/bits/stl_iterator.h:897:5:[m[K [01;36m[Knote: [m[K  template argument deduction/substitution failed:
[01m[K/home/nikola/ws_moveit/src/my_services/src/Pose_Finder_Server.cpp:54:46:[m[K [01;36m[Knote: [m[K  ‘[01m[Kstd::map<std::__cxx11::basic_string<char>, std::vector<std::vector<double> > >::iterator[m[K’ {aka ‘[01m[Kstd::_Rb_tree_iterator<std::pair<const std::__cxx11::basic_string<char>, std::vector<std::vector<double> > > >[m[K’} is not derived from ‘[01m[Kconst __gnu_cxx::__normal_iterator<_IteratorL, _Container>[m[K’
   54 |         if(zones.find(req.location) != zones.[01;36m[Kend[m[K){
      |                                              [01;36m[K^~~[m[K
In file included from [01m[K/usr/include/c++/9/bits/stl_algobase.h:67[m[K,
                 from [01m[K/usr/include/c++/9/bits/char_traits.h:39[m[K,
                 from [01m[K/usr/include/c++/9/string:40[m[K,
                 from [01m[K/opt/ros/noetic/include/ros/platform.h:38[m[K,
                 from [01m[K/opt/ros/noetic/include/ros/time.h:53[m[K,
                 from [01m[K/opt/ros/noetic/include/ros/ros.h:38[m[K,
                 from [01m[K/home/nikola/ws_moveit/src/my_services/src/Pose_Finder_Server.cpp:1[m[K:
[01m[K/usr/include/c++/9/bits/stl_iterator.h:904:5:[m[K [01;36m[Knote: [m[Kcandidate: ‘[01m[Ktemplate<class _Iterator, class _Container> bool __gnu_cxx::operator!=(const __gnu_cxx::__normal_iterator<_Iterator, _Container>&, const __gnu_cxx::__normal_iterator<_Iterator, _Container>&)[m[K’
  904 |     [01;36m[Koperator[m[K!=(const __normal_iterator<_Iterator, _Container>& __lhs,
      |     [01;36m[K^~~~~~~~[m[K
[01m[K/usr/include/c++/9/bits/stl_iterator.h:904:5:[m[K [01;36m[Knote: [m[K  template argument deduction/substitution failed:
[01m[K/home/nikola/ws_moveit/src/my_services/src/Pose_Finder_Server.cpp:54:46:[m[K [01;36m[Knote: [m[K  ‘[01m[Kstd::map<std::__cxx11::basic_string<char>, std::vector<std::vector<double> > >::iterator[m[K’ {aka ‘[01m[Kstd::_Rb_tree_iterator<std::pair<const std::__cxx11::basic_string<char>, std::vector<std::vector<double> > > >[m[K’} is not derived from ‘[01m[Kconst __gnu_cxx::__normal_iterator<_Iterator, _Container>[m[K’
   54 |         if(zones.find(req.location) != zones.[01;36m[Kend[m[K){
      |                                              [01;36m[K^~~[m[K
In file included from [01m[K/usr/include/x86_64-linux-gnu/c++/9/bits/c++allocator.h:33[m[K,
                 from [01m[K/usr/include/c++/9/bits/allocator.h:46[m[K,
                 from [01m[K/usr/include/c++/9/string:41[m[K,
                 from [01m[K/opt/ros/noetic/include/ros/platform.h:38[m[K,
                 from [01m[K/opt/ros/noetic/include/ros/time.h:53[m[K,
                 from [01m[K/opt/ros/noetic/include/ros/ros.h:38[m[K,
                 from [01m[K/home/nikola/ws_moveit/src/my_services/src/Pose_Finder_Server.cpp:1[m[K:
[01m[K/usr/include/c++/9/ext/new_allocator.h:172:2:[m[K [01;36m[Knote: [m[Kcandidate: ‘[01m[Ktemplate<class _Up> bool __gnu_cxx::operator!=(const __gnu_cxx::new_allocator<char>&, const __gnu_cxx::new_allocator<_Tp>&)[m[K’
  172 |  [01;36m[Koperator[m[K!=(const new_allocator&, const new_allocator<_Up>&)
      |  [01;36m[K^~~~~~~~[m[K
[01m[K/usr/include/c++/9/ext/new_allocator.h:172:2:[m[K [01;36m[Knote: [m[K  template argument deduction/substitution failed:
[01m[K/home/nikola/ws_moveit/src/my_services/src/Pose_Finder_Server.cpp:54:46:[m[K [01;36m[Knote: [m[K  mismatched types ‘[01m[Kconst __gnu_cxx::new_allocator<_Tp>[m[K’ and ‘[01m[Kstd::map<std::__cxx11::basic_string<char>, std::vector<std::vector<double> > >::const_iterator (std::map<std::__cxx11::basic_string<char>, std::vector<std::vector<double> > >::*)() const noexcept[m[K’ {aka ‘[01m[Kstd::_Rb_tree_const_iterator<std::pair<const std::__cxx11::basic_string<char>, std::vector<std::vector<double> > > > (std::map<std::__cxx11::basic_string<char>, std::vector<std::vector<double> > >::*)() const[m[K’}
   54 |         if(zones.find(req.location) != zones.[01;36m[Kend[m[K){
      |                                              [01;36m[K^~~[m[K
[01m[K/home/nikola/ws_moveit/src/my_services/src/Pose_Finder_Server.cpp:54:46:[m[K [01;36m[Knote: [m[K  mismatched types ‘[01m[Kconst __gnu_cxx::new_allocator<_Tp>[m[K’ and ‘[01m[Kstd::map<std::__cxx11::basic_string<char>, std::vector<std::vector<double> > >::iterator (std::map<std::__cxx11::basic_string<char>, std::vector<std::vector<double> > >::*)() noexcept[m[K’ {aka ‘[01m[Kstd::_Rb_tree_iterator<std::pair<const std::__cxx11::basic_string<char>, std::vector<std::vector<double> > > > (std::map<std::__cxx11::basic_string<char>, std::vector<std::vector<double> > >::*)()[m[K’}
[01m[K/home/nikola/ws_moveit/src/my_services/src/Pose_Finder_Server.cpp:54:46:[m[K [01;36m[Knote: [m[K  couldn’t deduce template parameter ‘[01m[K_Up[m[K’
In file included from [01m[K/usr/include/c++/9/string:41[m[K,
                 from [01m[K/opt/ros/noetic/include/ros/platform.h:38[m[K,
                 from [01m[K/opt/ros/noetic/include/ros/time.h:53[m[K,
                 from [01m[K/opt/ros/noetic/include/ros/ros.h:38[m[K,
                 from [01m[K/home/nikola/ws_moveit/src/my_services/src/Pose_Finder_Server.cpp:1[m[K:
[01m[K/usr/include/c++/9/bits/allocator.h:159:7:[m[K [01;36m[Knote: [m[Kcandidate: ‘[01m[Kbool std::operator!=(const std::allocator<double>&, const std::allocator<double>&)[m[K’
  159 |       [01;36m[Koperator[m[K!=(const allocator&, const allocator&) _GLIBCXX_NOTHROW
      |       [01;36m[K^~~~~~~~[m[K
[01m[K/usr/include/c++/9/bits/allocator.h:159:18:[m[K [01;36m[Knote: [m[K  no known conversion for argument 1 from ‘[01m[Kstd::map<std::__cxx11::basic_string<char>, std::vector<std::vector<double> > >::iterator[m[K’ {aka ‘[01m[Kstd::_Rb_tree_iterator<std::pair<const std::__cxx11::basic_string<char>, std::vector<std::vector<double> > > >[m[K’} to ‘[01m[Kconst std::allocator<double>&[m[K’
  159 |       operator!=([01;36m[Kconst allocator&[m[K, const allocator&) _GLIBCXX_NOTHROW
      |                  [01;36m[K^~~~~~~~~~~~~~~~[m[K
In file included from [01m[K/usr/include/x86_64-linux-gnu/c++/9/bits/c++allocator.h:33[m[K,
                 from [01m[K/usr/include/c++/9/bits/allocator.h:46[m[K,
                 from [01m[K/usr/include/c++/9/string:41[m[K,
                 from [01m[K/opt/ros/noetic/include/ros/platform.h:38[m[K,
                 from [01m[K/opt/ros/noetic/include/ros/time.h:53[m[K,
                 from [01m[K/opt/ros/noetic/include/ros/ros.h:38[m[K,
                 from [01m[K/home/nikola/ws_moveit/src/my_services/src/Pose_Finder_Server.cpp:1[m[K:
[01m[K/usr/include/c++/9/ext/new_allocator.h:172:2:[m[K [01;36m[Knote: [m[Kcandidate: ‘[01m[Ktemplate<class _Up> bool __gnu_cxx::operator!=(const __gnu_cxx::new_allocator<double>&, const __gnu_cxx::new_allocator<_Tp>&)[m[K’
  172 |  [01;36m[Koperator[m[K!=(const new_allocator&, const new_allocator<_Up>&)
      |  [01;36m[K^~~~~~~~[m[K
[01m[K/usr/include/c++/9/ext/new_allocator.h:172:2:[m[K [01;36m[Knote: [m[K  template argument deduction/substitution failed:
[01m[K/home/nikola/ws_moveit/src/my_services/src/Pose_Finder_Server.cpp:54:46:[m[K [01;36m[Knote: [m[K  mismatched types ‘[01m[Kconst __gnu_cxx::new_allocator<_Tp>[m[K’ and ‘[01m[Kstd::map<std::__cxx11::basic_string<char>, std::vector<std::vector<double> > >::const_iterator (std::map<std::__cxx11::basic_string<char>, std::vector<std::vector<double> > >::*)() const noexcept[m[K’ {aka ‘[01m[Kstd::_Rb_tree_const_iterator<std::pair<const std::__cxx11::basic_string<char>, std::vector<std::vector<double> > > > (std::map<std::__cxx11::basic_string<char>, std::vector<std::vector<double> > >::*)() const[m[K’}
   54 |         if(zones.find(req.location) != zones.[01;36m[Kend[m[K){
      |                                              [01;36m[K^~~[m[K
[01m[K/home/nikola/ws_moveit/src/my_services/src/Pose_Finder_Server.cpp:54:46:[m[K [01;36m[Knote: [m[K  mismatched types ‘[01m[Kconst __gnu_cxx::new_allocator<_Tp>[m[K’ and ‘[01m[Kstd::map<std::__cxx11::basic_string<char>, std::vector<std::vector<double> > >::iterator (std::map<std::__cxx11::basic_string<char>, std::vector<std::vector<double> > >::*)() noexcept[m[K’ {aka ‘[01m[Kstd::_Rb_tree_iterator<std::pair<const std::__cxx11::basic_string<char>, std::vector<std::vector<double> > > > (std::map<std::__cxx11::basic_string<char>, std::vector<std::vector<double> > >::*)()[m[K’}
[01m[K/home/nikola/ws_moveit/src/my_services/src/Pose_Finder_Server.cpp:54:46:[m[K [01;36m[Knote: [m[K  couldn’t deduce template parameter ‘[01m[K_Up[m[K’
In file included from [01m[K/usr/include/c++/9/string:41[m[K,
                 from [01m[K/opt/ros/noetic/include/ros/platform.h:38[m[K,
                 from [01m[K/opt/ros/noetic/include/ros/time.h:53[m[K,
                 from [01m[K/opt/ros/noetic/include/ros/ros.h:38[m[K,
                 from [01m[K/home/nikola/ws_moveit/src/my_services/src/Pose_Finder_Server.cpp:1[m[K:
[01m[K/usr/include/c++/9/bits/allocator.h:159:7:[m[K [01;36m[Knote: [m[Kcandidate: ‘[01m[Kbool std::operator!=(const std::allocator<std::vector<double> >&, const std::allocator<std::vector<double> >&)[m[K’
  159 |       [01;36m[Koperator[m[K!=(const allocator&, const allocator&) _GLIBCXX_NOTHROW
      |       [01;36m[K^~~~~~~~[m[K
[01m[K/usr/include/c++/9/bits/allocator.h:159:18:[m[K [01;36m[Knote: [m[K  no known conversion for argument 1 from ‘[01m[Kstd::map<std::__cxx11::basic_string<char>, std::vector<std::vector<double> > >::iterator[m[K’ {aka ‘[01m[Kstd::_Rb_tree_iterator<std::pair<const std::__cxx11::basic_string<char>, std::vector<std::vector<double> > > >[m[K’} to ‘[01m[Kconst std::allocator<std::vector<double> >&[m[K’
  159 |       operator!=([01;36m[Kconst allocator&[m[K, const allocator&) _GLIBCXX_NOTHROW
      |                  [01;36m[K^~~~~~~~~~~~~~~~[m[K
In file included from [01m[K/usr/include/x86_64-linux-gnu/c++/9/bits/c++allocator.h:33[m[K,
                 from [01m[K/usr/include/c++/9/bits/allocator.h:46[m[K,
                 from [01m[K/usr/include/c++/9/string:41[m[K,
                 from [01m[K/opt/ros/noetic/include/ros/platform.h:38[m[K,
                 from [01m[K/opt/ros/noetic/include/ros/time.h:53[m[K,
                 from [01m[K/opt/ros/noetic/include/ros/ros.h:38[m[K,
                 from [01m[K/home/nikola/ws_moveit/src/my_services/src/Pose_Finder_Server.cpp:1[m[K:
[01m[K/usr/include/c++/9/ext/new_allocator.h:172:2:[m[K [01;36m[Knote: [m[Kcandidate: ‘[01m[Ktemplate<class _Up> bool __gnu_cxx::operator!=(const __gnu_cxx::new_allocator<std::vector<double> >&, const __gnu_cxx::new_allocator<_Tp>&)[m[K’
  172 |  [01;36m[Koperator[m[K!=(const new_allocator&, const new_allocator<_Up>&)
      |  [01;36m[K^~~~~~~~[m[K
[01m[K/usr/include/c++/9/ext/new_allocator.h:172:2:[m[K [01;36m[Knote: [m[K  template argument deduction/substitution failed:
[01m[K/home/nikola/ws_moveit/src/my_services/src/Pose_Finder_Server.cpp:54:46:[m[K [01;36m[Knote: [m[K  mismatched types ‘[01m[Kconst __gnu_cxx::new_allocator<_Tp>[m[K’ and ‘[01m[Kstd::map<std::__cxx11::basic_string<char>, std::vector<std::vector<double> > >::const_iterator (std::map<std::__cxx11::basic_string<char>, std::vector<std::vector<double> > >::*)() const noexcept[m[K’ {aka ‘[01m[Kstd::_Rb_tree_const_iterator<std::pair<const std::__cxx11::basic_string<char>, std::vector<std::vector<double> > > > (std::map<std::__cxx11::basic_string<char>, std::vector<std::vector<double> > >::*)() const[m[K’}
   54 |         if(zones.find(req.location) != zones.[01;36m[Kend[m[K){
      |                                              [01;36m[K^~~[m[K
[01m[K/home/nikola/ws_moveit/src/my_services/src/Pose_Finder_Server.cpp:54:46:[m[K [01;36m[Knote: [m[K  mismatched types ‘[01m[Kconst __gnu_cxx::new_allocator<_Tp>[m[K’ and ‘[01m[Kstd::map<std::__cxx11::basic_string<char>, std::vector<std::vector<double> > >::iterator (std::map<std::__cxx11::basic_string<char>, std::vector<std::vector<double> > >::*)() noexcept[m[K’ {aka ‘[01m[Kstd::_Rb_tree_iterator<std::pair<const std::__cxx11::basic_string<char>, std::vector<std::vector<double> > > > (std::map<std::__cxx11::basic_string<char>, std::vector<std::vector<double> > >::*)()[m[K’}
[01m[K/home/nikola/ws_moveit/src/my_services/src/Pose_Finder_Server.cpp:54:46:[m[K [01;36m[Knote: [m[K  couldn’t deduce template parameter ‘[01m[K_Up[m[K’
In file included from [01m[K/usr/include/c++/9/string:41[m[K,
                 from [01m[K/opt/ros/noetic/include/ros/platform.h:38[m[K,
                 from [01m[K/opt/ros/noetic/include/ros/time.h:53[m[K,
                 from [01m[K/opt/ros/noetic/include/ros/ros.h:38[m[K,
                 from [01m[K/home/nikola/ws_moveit/src/my_services/src/Pose_Finder_Server.cpp:1[m[K:
[01m[K/usr/include/c++/9/bits/allocator.h:159:7:[m[K [01;36m[Knote: [m[Kcandidate: ‘[01m[Kbool std::operator!=(const std::allocator<std::pair<const std::__cxx11::basic_string<char>, std::vector<std::vector<double> > > >&, const std::allocator<std::pair<const std::__cxx11::basic_string<char>, std::vector<std::vector<double> > > >&)[m[K’
  159 |       [01;36m[Koperator[m[K!=(const allocator&, const allocator&) _GLIBCXX_NOTHROW
      |       [01;36m[K^~~~~~~~[m[K
[01m[K/usr/include/c++/9/bits/allocator.h:159:18:[m[K [01;36m[Knote: [m[K  no known conversion for argument 1 from ‘[01m[Kstd::map<std::__cxx11::basic_string<char>, std::vector<std::vector<double> > >::iterator[m[K’ {aka ‘[01m[Kstd::_Rb_tree_iterator<std::pair<const std::__cxx11::basic_string<char>, std::vector<std::vector<double> > > >[m[K’} to ‘[01m[Kconst std::allocator<std::pair<const std::__cxx11::basic_string<char>, std::vector<std::vector<double> > > >&[m[K’
  159 |       operator!=([01;36m[Kconst allocator&[m[K, const allocator&) _GLIBCXX_NOTHROW
      |                  [01;36m[K^~~~~~~~~~~~~~~~[m[K
In file included from [01m[K/usr/include/x86_64-linux-gnu/c++/9/bits/c++allocator.h:33[m[K,
                 from [01m[K/usr/include/c++/9/bits/allocator.h:46[m[K,
                 from [01m[K/usr/include/c++/9/string:41[m[K,
                 from [01m[K/opt/ros/noetic/include/ros/platform.h:38[m[K,
                 from [01m[K/opt/ros/noetic/include/ros/time.h:53[m[K,
                 from [01m[K/opt/ros/noetic/include/ros/ros.h:38[m[K,
                 from [01m[K/home/nikola/ws_moveit/src/my_services/src/Pose_Finder_Server.cpp:1[m[K:
[01m[K/usr/include/c++/9/ext/new_allocator.h:172:2:[m[K [01;36m[Knote: [m[Kcandidate: ‘[01m[Ktemplate<class _Up> bool __gnu_cxx::operator!=(const __gnu_cxx::new_allocator<std::pair<const std::__cxx11::basic_string<char>, std::vector<std::vector<double> > > >&, const __gnu_cxx::new_allocator<_Tp>&)[m[K’
  172 |  [01;36m[Koperator[m[K!=(const new_allocator&, const new_allocator<_Up>&)
      |  [01;36m[K^~~~~~~~[m[K
[01m[K/usr/include/c++/9/ext/new_allocator.h:172:2:[m[K [01;36m[Knote: [m[K  template argument deduction/substitution failed:
[01m[K/home/nikola/ws_moveit/src/my_services/src/Pose_Finder_Server.cpp:54:46:[m[K [01;36m[Knote: [m[K  mismatched types ‘[01m[Kconst __gnu_cxx::new_allocator<_Tp>[m[K’ and ‘[01m[Kstd::map<std::__cxx11::basic_string<char>, std::vector<std::vector<double> > >::const_iterator (std::map<std::__cxx11::basic_string<char>, std::vector<std::vector<double> > >::*)() const noexcept[m[K’ {aka ‘[01m[Kstd::_Rb_tree_const_iterator<std::pair<const std::__cxx11::basic_string<char>, std::vector<std::vector<double> > > > (std::map<std::__cxx11::basic_string<char>, std::vector<std::vector<double> > >::*)() const[m[K’}
   54 |         if(zones.find(req.location) != zones.[01;36m[Kend[m[K){
      |                                              [01;36m[K^~~[m[K
[01m[K/home/nikola/ws_moveit/src/my_services/src/Pose_Finder_Server.cpp:54:46:[m[K [01;36m[Knote: [m[K  mismatched types ‘[01m[Kconst __gnu_cxx::new_allocator<_Tp>[m[K’ and ‘[01m[Kstd::map<std::__cxx11::basic_string<char>, std::vector<std::vector<double> > >::iterator (std::map<std::__cxx11::basic_string<char>, std::vector<std::vector<double> > >::*)() noexcept[m[K’ {aka ‘[01m[Kstd::_Rb_tree_iterator<std::pair<const std::__cxx11::basic_string<char>, std::vector<std::vector<double> > > > (std::map<std::__cxx11::basic_string<char>, std::vector<std::vector<double> > >::*)()[m[K’}
[01m[K/home/nikola/ws_moveit/src/my_services/src/Pose_Finder_Server.cpp:54:46:[m[K [01;36m[Knote: [m[K  couldn’t deduce template parameter ‘[01m[K_Up[m[K’
In file included from [01m[K/usr/include/c++/9/map:60[m[K,
                 from [01m[K/opt/ros/noetic/include/ros/console.h:42[m[K,
                 from [01m[K/opt/ros/noetic/include/ros/ros.h:40[m[K,
                 from [01m[K/home/nikola/ws_moveit/src/my_services/src/Pose_Finder_Server.cpp:1[m[K:
[01m[K/usr/include/c++/9/bits/stl_tree.h:398:7:[m[K [01;36m[Knote: [m[Kcandidate: ‘[01m[Kbool std::operator!=(const _Self&, const _Self&)[m[K’
  398 |       [01;36m[Koperator[m[K!=(const _Self& __x, const _Self& __y) _GLIBCXX_NOEXCEPT
      |       [01;36m[K^~~~~~~~[m[K
[01m[K/usr/include/c++/9/bits/stl_tree.h:398:49:[m[K [01;36m[Knote: [m[K  no known conversion for argument 2 from ‘[01m[K<unresolved overloaded function type>[m[K’ to ‘[01m[Kconst _Self&[m[K’ {aka ‘[01m[Kconst std::_Rb_tree_const_iterator<std::pair<const std::__cxx11::basic_string<char>, std::vector<std::vector<double> > > >&[m[K’}
  398 |       operator!=(const _Self& __x, [01;36m[Kconst _Self& __y[m[K) _GLIBCXX_NOEXCEPT
      |                                    [01;36m[K~~~~~~~~~~~~~^~~[m[K
[01m[K/usr/include/c++/9/bits/stl_tree.h:319:7:[m[K [01;36m[Knote: [m[Kcandidate: ‘[01m[Kbool std::operator!=(const _Self&, const _Self&)[m[K’
  319 |       [01;36m[Koperator[m[K!=(const _Self& __x, const _Self& __y) _GLIBCXX_NOEXCEPT
      |       [01;36m[K^~~~~~~~[m[K
[01m[K/usr/include/c++/9/bits/stl_tree.h:319:49:[m[K [01;36m[Knote: [m[K  no known conversion for argument 2 from ‘[01m[K<unresolved overloaded function type>[m[K’ to ‘[01m[Kconst _Self&[m[K’ {aka ‘[01m[Kconst std::_Rb_tree_iterator<std::pair<const std::__cxx11::basic_string<char>, std::vector<std::vector<double> > > >&[m[K’}
  319 |       operator!=(const _Self& __x, [01;36m[Kconst _Self& __y[m[K) _GLIBCXX_NOEXCEPT
      |                                    [01;36m[K~~~~~~~~~~~~~^~~[m[K
[01m[K/home/nikola/ws_moveit/src/my_services/src/Pose_Finder_Server.cpp:63:34:[m[K [01;35m[Kwarning: [m[Kstructured bindings only available with ‘[01m[K-std=c++17[m[K’ or ‘[01m[K-std=gnu++17[m[K’
   63 |                 for (const auto& [01;35m[K[[m[Kobject_id, pose] : object_poses){
      |                                  [01;35m[K^[m[K
[01m[K/home/nikola/ws_moveit/src/my_services/src/Pose_Finder_Server.cpp:84:17:[m[K [01;31m[Kerror: [m[K‘[01m[Kmy_services::PoseFinderService::Response[m[K’ {aka ‘[01m[Kstruct my_services::PoseFinderServiceResponse_<std::allocator<void> >[m[K’} has no member named ‘[01m[Kpose[m[K’
   84 |             res.[01;31m[Kpose[m[K.position.x = (zones[req.location][free_zone*3][0]+zones[req.location][free_zone*3][1])/2;
      |                 [01;31m[K^~~~[m[K
[01m[K/home/nikola/ws_moveit/src/my_services/src/Pose_Finder_Server.cpp:85:17:[m[K [01;31m[Kerror: [m[K‘[01m[Kmy_services::PoseFinderService::Response[m[K’ {aka ‘[01m[Kstruct my_services::PoseFinderServiceResponse_<std::allocator<void> >[m[K’} has no member named ‘[01m[Kpose[m[K’
   85 |             res.[01;31m[Kpose[m[K.position.y = (zones[req.location][free_zone*3+1][0]+zones[req.location][free_zone*3+1][1])/2;
      |                 [01;31m[K^~~~[m[K
[01m[K/home/nikola/ws_moveit/src/my_services/src/Pose_Finder_Server.cpp:86:17:[m[K [01;31m[Kerror: [m[K‘[01m[Kmy_services::PoseFinderService::Response[m[K’ {aka ‘[01m[Kstruct my_services::PoseFinderServiceResponse_<std::allocator<void> >[m[K’} has no member named ‘[01m[Kpose[m[K’
   86 |             res.[01;31m[Kpose[m[K.position.z = 0.05;
      |                 [01;31m[K^~~~[m[K
[01m[K/home/nikola/ws_moveit/src/my_services/src/Pose_Finder_Server.cpp:87:17:[m[K [01;31m[Kerror: [m[K‘[01m[Kmy_services::PoseFinderService::Response[m[K’ {aka ‘[01m[Kstruct my_services::PoseFinderServiceResponse_<std::allocator<void> >[m[K’} has no member named ‘[01m[Kpose[m[K’
   87 |             res.[01;31m[Kpose[m[K.orientation.x =0;
      |                 [01;31m[K^~~~[m[K
[01m[K/home/nikola/ws_moveit/src/my_services/src/Pose_Finder_Server.cpp:88:17:[m[K [01;31m[Kerror: [m[K‘[01m[Kmy_services::PoseFinderService::Response[m[K’ {aka ‘[01m[Kstruct my_services::PoseFinderServiceResponse_<std::allocator<void> >[m[K’} has no member named ‘[01m[Kpose[m[K’
   88 |             res.[01;31m[Kpose[m[K.orientation.y =0;
      |                 [01;31m[K^~~~[m[K
[01m[K/home/nikola/ws_moveit/src/my_services/src/Pose_Finder_Server.cpp:89:17:[m[K [01;31m[Kerror: [m[K‘[01m[Kmy_services::PoseFinderService::Response[m[K’ {aka ‘[01m[Kstruct my_services::PoseFinderServiceResponse_<std::allocator<void> >[m[K’} has no member named ‘[01m[Kpose[m[K’
   89 |             res.[01;31m[Kpose[m[K.orientation.z =0;
      |                 [01;31m[K^~~~[m[K
[01m[K/home/nikola/ws_moveit/src/my_services/src/Pose_Finder_Server.cpp:90:17:[m[K [01;31m[Kerror: [m[K‘[01m[Kmy_services::PoseFinderService::Response[m[K’ {aka ‘[01m[Kstruct my_services::PoseFinderServiceResponse_<std::allocator<void> >[m[K’} has no member named ‘[01m[Kpose[m[K’
   90 |             res.[01;31m[Kpose[m[K.orientation.w =1;
      |                 [01;31m[K^~~~[m[K
make[2]: *** [CMakeFiles/Pose_Finder_Server.dir/build.make:63: CMakeFiles/Pose_Finder_Server.dir/src/Pose_Finder_Server.cpp.o] Error 1
make[1]: *** [CMakeFiles/Makefile2:359: CMakeFiles/Pose_Finder_Server.dir/all] Error 2
make: *** [Makefile:141: all] Error 2
