[01m[K/home/nikola/ws_moveit/src/my_services/src/Object_Detection_Server.cpp:27:5:[m[K [01;31m[Kerror: [m[Kexpected unqualified-id before ‘[01m[K{[m[K’ token
   27 |     [01;31m[K{[m[K
      |     [01;31m[K^[m[K
[01m[K/home/nikola/ws_moveit/src/my_services/src/Object_Detection_Server.cpp:[m[K In constructor ‘[01m[KObjectDetectionService::ObjectDetectionService(ros::NodeHandle&, moveit::planning_interface::PlanningSceneInterface&)[m[K’:
[01m[K/home/nikola/ws_moveit/src/my_services/src/Object_Detection_Server.cpp:17:45:[m[K [01;31m[Kerror: [m[Ktype ‘[01m[Kboost::shared_ptr<pcl::PointCloud<pcl::PointXYZ> >[m[K’ is not a direct base of ‘[01m[KObjectDetectionService[m[K’
   17 |         :   pcl::PointCloud<pcl::PointXYZ>::[01;31m[KPtr[m[K cloud;
      |                                             [01;31m[K^~~[m[K
[01m[K/home/nikola/ws_moveit/src/my_services/src/Object_Detection_Server.cpp:17:49:[m[K [01;31m[Kerror: [m[Kexpected ‘[01m[K([m[K’ before ‘[01m[Kcloud[m[K’
   17 |         :   pcl::PointCloud<pcl::PointXYZ>::Ptr [01;31m[Kc[m[K[32m[Kloud[m[K;
      |                                                 [01;31m[K^[m[K[32m[K~~~~[m[K
      |                                                 [32m[K([m[K
[01m[K/home/nikola/ws_moveit/src/my_services/src/Object_Detection_Server.cpp:17:49:[m[K [01;31m[Kerror: [m[Kexpected ‘[01m[K{[m[K’ before ‘[01m[Kcloud[m[K’
   17 |         :   pcl::PointCloud<pcl::PointXYZ>::Ptr [01;31m[Kcloud[m[K;
      |                                                 [01;31m[K^~~~~[m[K
[01m[K/home/nikola/ws_moveit/src/my_services/src/Object_Detection_Server.cpp:[m[K In member function ‘[01m[Kbool ObjectDetectionService::handleRequest(my_services::ObjectPositionService::Request&, my_services::ObjectPositionService::Response&)[m[K’:
[01m[K/home/nikola/ws_moveit/src/my_services/src/Object_Detection_Server.cpp:59:40:[m[K [01;31m[Kerror: [m[K‘[01m[Kcloud[m[K’ was not declared in this scope
   59 |         pcl::fromROSMsg(*pointcloud_, *[01;31m[Kcloud[m[K);
      |                                        [01;31m[K^~~~~[m[K
make[2]: *** [CMakeFiles/Object_Detection_Server.dir/build.make:63: CMakeFiles/Object_Detection_Server.dir/src/Object_Detection_Server.cpp.o] Error 1
make[1]: *** [CMakeFiles/Makefile2:268: CMakeFiles/Object_Detection_Server.dir/all] Error 2
make: *** [Makefile:141: all] Error 2
