Unlinking: /home/nikola/ws_moveit/devel/share/gennodejs/ros/my_services/_index.js
Unlinking: /home/nikola/ws_moveit/devel/share/gennodejs/ros/my_services/msg/PickPlaceAction.js
Unlinking: /home/nikola/ws_moveit/devel/share/gennodejs/ros/my_services/msg/PickPlaceActionFeedback.js
Unlinking: /home/nikola/ws_moveit/devel/share/gennodejs/ros/my_services/msg/_index.js
Unlinking: /home/nikola/ws_moveit/devel/share/gennodejs/ros/my_services/msg/PickPlaceResult.js
Unlinking: /home/nikola/ws_moveit/devel/share/gennodejs/ros/my_services/msg/PickPlaceGoal.js
Unlinking: /home/nikola/ws_moveit/devel/share/gennodejs/ros/my_services/msg/PickPlaceActionGoal.js
Unlinking: /home/nikola/ws_moveit/devel/share/gennodejs/ros/my_services/msg/PickPlaceFeedback.js
Unlinking: /home/nikola/ws_moveit/devel/share/gennodejs/ros/my_services/msg/PickPlaceActionResult.js
Unlinking: /home/nikola/ws_moveit/devel/share/gennodejs/ros/my_services/srv/ObjectPositionService.js
Unlinking: /home/nikola/ws_moveit/devel/share/gennodejs/ros/my_services/srv/_index.js
Unlinking: /home/nikola/ws_moveit/devel/share/gennodejs/ros/my_services/srv/PoseFinderService.js
Unlinking: /home/nikola/ws_moveit/devel/share/roseus/ros/my_services/manifest.l
Unlinking: /home/nikola/ws_moveit/devel/share/roseus/ros/my_services/msg/PickPlaceActionResult.l
Unlinking: /home/nikola/ws_moveit/devel/share/roseus/ros/my_services/msg/PickPlaceResult.l
Unlinking: /home/nikola/ws_moveit/devel/share/roseus/ros/my_services/msg/PickPlaceActionGoal.l
Unlinking: /home/nikola/ws_moveit/devel/share/roseus/ros/my_services/msg/PickPlaceActionFeedback.l
Unlinking: /home/nikola/ws_moveit/devel/share/roseus/ros/my_services/msg/PickPlaceFeedback.l
Unlinking: /home/nikola/ws_moveit/devel/share/roseus/ros/my_services/msg/PickPlaceGoal.l
Unlinking: /home/nikola/ws_moveit/devel/share/roseus/ros/my_services/msg/PickPlaceAction.l
Unlinking: /home/nikola/ws_moveit/devel/share/roseus/ros/my_services/srv/ObjectPositionService.l
Unlinking: /home/nikola/ws_moveit/devel/share/roseus/ros/my_services/srv/PoseFinderService.l
Unlinking: /home/nikola/ws_moveit/devel/share/my_services/cmake/my_servicesConfig.cmake
Unlinking: /home/nikola/ws_moveit/devel/share/my_services/cmake/my_services-msg-paths.cmake
Unlinking: /home/nikola/ws_moveit/devel/share/my_services/cmake/my_services-msg-extras.cmake
Unlinking: /home/nikola/ws_moveit/devel/share/my_services/cmake/my_servicesConfig-version.cmake
Unlinking: /home/nikola/ws_moveit/devel/share/my_services/msg/PickPlaceActionResult.msg
Unlinking: /home/nikola/ws_moveit/devel/share/my_services/msg/PickPlaceActionGoal.msg
Unlinking: /home/nikola/ws_moveit/devel/share/my_services/msg/PickPlaceAction.msg
Unlinking: /home/nikola/ws_moveit/devel/share/my_services/msg/PickPlaceFeedback.msg
Unlinking: /home/nikola/ws_moveit/devel/share/my_services/msg/PickPlaceActionFeedback.msg
Unlinking: /home/nikola/ws_moveit/devel/share/my_services/msg/PickPlaceGoal.msg
Unlinking: /home/nikola/ws_moveit/devel/share/my_services/msg/PickPlaceResult.msg
Unlinking: /home/nikola/ws_moveit/devel/share/common-lisp/ros/my_services/msg/PickPlaceFeedback.lisp
Unlinking: /home/nikola/ws_moveit/devel/share/common-lisp/ros/my_services/msg/_package_PickPlaceAction.lisp
Unlinking: /home/nikola/ws_moveit/devel/share/common-lisp/ros/my_services/msg/PickPlaceGoal.lisp
Unlinking: /home/nikola/ws_moveit/devel/share/common-lisp/ros/my_services/msg/_package.lisp
Unlinking: /home/nikola/ws_moveit/devel/share/common-lisp/ros/my_services/msg/_package_PickPlaceGoal.lisp
Unlinking: /home/nikola/ws_moveit/devel/share/common-lisp/ros/my_services/msg/my_services-msg.asd
Unlinking: /home/nikola/ws_moveit/devel/share/common-lisp/ros/my_services/msg/PickPlaceActionGoal.lisp
Unlinking: /home/nikola/ws_moveit/devel/share/common-lisp/ros/my_services/msg/PickPlaceActionResult.lisp
Unlinking: /home/nikola/ws_moveit/devel/share/common-lisp/ros/my_services/msg/_package_PickPlaceResult.lisp
Unlinking: /home/nikola/ws_moveit/devel/share/common-lisp/ros/my_services/msg/PickPlaceAction.lisp
Unlinking: /home/nikola/ws_moveit/devel/share/common-lisp/ros/my_services/msg/PickPlaceResult.lisp
Unlinking: /home/nikola/ws_moveit/devel/share/common-lisp/ros/my_services/msg/_package_PickPlaceActionGoal.lisp
Unlinking: /home/nikola/ws_moveit/devel/share/common-lisp/ros/my_services/msg/PickPlaceActionFeedback.lisp
Unlinking: /home/nikola/ws_moveit/devel/share/common-lisp/ros/my_services/msg/_package_PickPlaceActionResult.lisp
Unlinking: /home/nikola/ws_moveit/devel/share/common-lisp/ros/my_services/msg/_package_PickPlaceActionFeedback.lisp
Unlinking: /home/nikola/ws_moveit/devel/share/common-lisp/ros/my_services/msg/_package_PickPlaceFeedback.lisp
Unlinking: /home/nikola/ws_moveit/devel/share/common-lisp/ros/my_services/srv/ObjectPositionService.lisp
Unlinking: /home/nikola/ws_moveit/devel/share/common-lisp/ros/my_services/srv/_package.lisp
Unlinking: /home/nikola/ws_moveit/devel/share/common-lisp/ros/my_services/srv/_package_ObjectPositionService.lisp
Unlinking: /home/nikola/ws_moveit/devel/share/common-lisp/ros/my_services/srv/PoseFinderService.lisp
Unlinking: /home/nikola/ws_moveit/devel/share/common-lisp/ros/my_services/srv/_package_PoseFinderService.lisp
Unlinking: /home/nikola/ws_moveit/devel/share/common-lisp/ros/my_services/srv/my_services-srv.asd
Unlinking: /home/nikola/ws_moveit/devel/include/my_services/PickPlaceActionGoal.h
Unlinking: /home/nikola/ws_moveit/devel/include/my_services/PickPlaceFeedback.h
Unlinking: /home/nikola/ws_moveit/devel/include/my_services/ObjectPositionServiceRequest.h
Unlinking: /home/nikola/ws_moveit/devel/include/my_services/PickPlaceGoal.h
Unlinking: /home/nikola/ws_moveit/devel/include/my_services/PickPlaceActionFeedback.h
Unlinking: /home/nikola/ws_moveit/devel/include/my_services/PoseFinderServiceResponse.h
Unlinking: /home/nikola/ws_moveit/devel/include/my_services/PoseFinderService.h
Unlinking: /home/nikola/ws_moveit/devel/include/my_services/PickPlaceActionResult.h
Unlinking: /home/nikola/ws_moveit/devel/include/my_services/PickPlaceAction.h
Unlinking: /home/nikola/ws_moveit/devel/include/my_services/ObjectPositionService.h
Unlinking: /home/nikola/ws_moveit/devel/include/my_services/PoseFinderServiceRequest.h
Unlinking: /home/nikola/ws_moveit/devel/include/my_services/ObjectPositionServiceResponse.h
Unlinking: /home/nikola/ws_moveit/devel/include/my_services/PickPlaceResult.h
Unlinking: /home/nikola/ws_moveit/devel/lib/python3/dist-packages/my_services/__init__.py
Unlinking: /home/nikola/ws_moveit/devel/lib/python3/dist-packages/my_services/msg/_PickPlaceActionGoal.py
Unlinking: /home/nikola/ws_moveit/devel/lib/python3/dist-packages/my_services/msg/_PickPlaceAction.py
Unlinking: /home/nikola/ws_moveit/devel/lib/python3/dist-packages/my_services/msg/_PickPlaceActionFeedback.py
Unlinking: /home/nikola/ws_moveit/devel/lib/python3/dist-packages/my_services/msg/_PickPlaceActionResult.py
Unlinking: /home/nikola/ws_moveit/devel/lib/python3/dist-packages/my_services/msg/__init__.py
Unlinking: /home/nikola/ws_moveit/devel/lib/python3/dist-packages/my_services/msg/_PickPlaceResult.py
Unlinking: /home/nikola/ws_moveit/devel/lib/python3/dist-packages/my_services/msg/_PickPlaceFeedback.py
Unlinking: /home/nikola/ws_moveit/devel/lib/python3/dist-packages/my_services/msg/_PickPlaceGoal.py
Unlinking: /home/nikola/ws_moveit/devel/lib/python3/dist-packages/my_services/srv/_PoseFinderService.py
Unlinking: /home/nikola/ws_moveit/devel/lib/python3/dist-packages/my_services/srv/_ObjectPositionService.py
Unlinking: /home/nikola/ws_moveit/devel/lib/python3/dist-packages/my_services/srv/__init__.py
Unlinking: /home/nikola/ws_moveit/devel/lib/my_services/Object_Detection_Server
Unlinking: /home/nikola/ws_moveit/devel/lib/my_services/Object_PickPlace_Server
Unlinking: /home/nikola/ws_moveit/devel/lib/my_services/Pose_Finder_Server
Unlinking: /home/nikola/ws_moveit/devel/lib/my_services/PickPlace_Action_Server
Unlinking: /home/nikola/ws_moveit/devel/lib/pkgconfig/my_services.pc
