[01m[K/home/nikola/ws_moveit/src/expanda/src/gazebo_pick.cpp:[m[K In function ‘[01m[Kint main(int, char**)[m[K’:
[01m[K/home/nikola/ws_moveit/src/expanda/src/gazebo_pick.cpp:201:38:[m[K [01;31m[Kerror: [m[Kno matching function for call to ‘[01m[Kstd::vector<moveit_msgs::CollisionObject_<std::allocator<void> >, std::allocator<moveit_msgs::CollisionObject_<std::allocator<void> > > >::push_back(moveit_msgs::CollisionObject_<std::allocator<void> >::_id_type&)[m[K’
  201 |   collision_objects.push_back(wall.id[01;31m[K)[m[K;
      |                                      [01;31m[K^[m[K
In file included from [01m[K/usr/include/c++/9/vector:67[m[K,
                 from [01m[K/usr/include/urdf_model/link.h:41[m[K,
                 from [01m[K/usr/include/urdf_model/model.h:42[m[K,
                 from [01m[K/opt/ros/noetic/include/urdf/model.h:42[m[K,
                 from [01m[K/home/nikola/ws_moveit/src/moveit/moveit_core/robot_model/include/moveit/robot_model/robot_model.h:42[m[K,
                 from [01m[K/home/nikola/ws_moveit/src/moveit/moveit_core/robot_state/include/moveit/robot_state/robot_state.h:40[m[K,
                 from [01m[K/home/nikola/ws_moveit/src/moveit/moveit_ros/planning_interface/move_group_interface/include/moveit/move_group_interface/move_group_interface.h:41[m[K,
                 from [01m[K/home/nikola/ws_moveit/src/expanda/src/gazebo_pick.cpp:2[m[K:
[01m[K/usr/include/c++/9/bits/stl_vector.h:1184:7:[m[K [01;36m[Knote: [m[Kcandidate: ‘[01m[Kvoid std::vector<_Tp, _Alloc>::push_back(const value_type&) [with _Tp = moveit_msgs::CollisionObject_<std::allocator<void> >; _Alloc = std::allocator<moveit_msgs::CollisionObject_<std::allocator<void> > >; std::vector<_Tp, _Alloc>::value_type = moveit_msgs::CollisionObject_<std::allocator<void> >][m[K’
 1184 |       [01;36m[Kpush_back[m[K(const value_type& __x)
      |       [01;36m[K^~~~~~~~~[m[K
[01m[K/usr/include/c++/9/bits/stl_vector.h:1184:35:[m[K [01;36m[Knote: [m[K  no known conversion for argument 1 from ‘[01m[Kmoveit_msgs::CollisionObject_<std::allocator<void> >::_id_type[m[K’ {aka ‘[01m[Kstd::__cxx11::basic_string<char>[m[K’} to ‘[01m[Kconst value_type&[m[K’ {aka ‘[01m[Kconst moveit_msgs::CollisionObject_<std::allocator<void> >&[m[K’}
 1184 |       push_back([01;36m[Kconst value_type& __x[m[K)
      |                 [01;36m[K~~~~~~~~~~~~~~~~~~^~~[m[K
[01m[K/usr/include/c++/9/bits/stl_vector.h:1200:7:[m[K [01;36m[Knote: [m[Kcandidate: ‘[01m[Kvoid std::vector<_Tp, _Alloc>::push_back(std::vector<_Tp, _Alloc>::value_type&&) [with _Tp = moveit_msgs::CollisionObject_<std::allocator<void> >; _Alloc = std::allocator<moveit_msgs::CollisionObject_<std::allocator<void> > >; std::vector<_Tp, _Alloc>::value_type = moveit_msgs::CollisionObject_<std::allocator<void> >][m[K’
 1200 |       [01;36m[Kpush_back[m[K(value_type&& __x)
      |       [01;36m[K^~~~~~~~~[m[K
[01m[K/usr/include/c++/9/bits/stl_vector.h:1200:30:[m[K [01;36m[Knote: [m[K  no known conversion for argument 1 from ‘[01m[Kmoveit_msgs::CollisionObject_<std::allocator<void> >::_id_type[m[K’ {aka ‘[01m[Kstd::__cxx11::basic_string<char>[m[K’} to ‘[01m[Kstd::vector<moveit_msgs::CollisionObject_<std::allocator<void> >, std::allocator<moveit_msgs::CollisionObject_<std::allocator<void> > > >::value_type&&[m[K’ {aka ‘[01m[Kmoveit_msgs::CollisionObject_<std::allocator<void> >&&[m[K’}
 1200 |       push_back([01;36m[Kvalue_type&& __x[m[K)
      |                 [01;36m[K~~~~~~~~~~~~~^~~[m[K
[01m[K/home/nikola/ws_moveit/src/expanda/src/gazebo_pick.cpp:293:29:[m[K [01;31m[Kerror: [m[Kredeclaration of ‘[01m[Kgeometry_msgs::Quaternion current_orientation[m[K’
  293 |   geometry_msgs::Quaternion [01;31m[Kcurrent_orientation[m[K = current_pose.orientation;
      |                             [01;31m[K^~~~~~~~~~~~~~~~~~~[m[K
[01m[K/home/nikola/ws_moveit/src/expanda/src/gazebo_pick.cpp:228:29:[m[K [01;36m[Knote: [m[K‘[01m[Kgeometry_msgs::Quaternion current_orientation[m[K’ previously declared here
  228 |   geometry_msgs::Quaternion [01;36m[Kcurrent_orientation[m[K = current_pose.orientation;
      |                             [01;36m[K^~~~~~~~~~~~~~~~~~~[m[K
[01m[K/home/nikola/ws_moveit/src/expanda/src/gazebo_pick.cpp:302:8:[m[K [01;31m[Kerror: [m[Kredeclaration of ‘[01m[Kbool success[m[K’
  302 |   bool [01;31m[Ksuccess[m[K = (move_group_interface.plan(my_plan) == moveit::planning_interface::MoveItErrorCode::SUCCESS);
      |        [01;31m[K^~~~~~~[m[K
[01m[K/home/nikola/ws_moveit/src/expanda/src/gazebo_pick.cpp:242:8:[m[K [01;36m[Knote: [m[K‘[01m[Kbool success[m[K’ previously declared here
  242 |   bool [01;36m[Ksuccess[m[K = (move_group_interface.plan(my_plan) == moveit::planning_interface::MoveItErrorCode::SUCCESS);
      |        [01;36m[K^~~~~~~[m[K
[01m[K/home/nikola/ws_moveit/src/expanda/src/gazebo_pick.cpp:335:3:[m[K [01;31m[Kerror: [m[K‘[01m[Kobject_ids[m[K’ was not declared in this scope; did you mean ‘[01m[Kobject3_pose[m[K’?
  335 |   [01;31m[Kobject_ids[m[K.push_back(collision_object.id);
      |   [01;31m[K^~~~~~~~~~[m[K
      |   [32m[Kobject3_pose[m[K
make[2]: *** [CMakeFiles/gazebo_pick.dir/build.make:63: CMakeFiles/gazebo_pick.dir/src/gazebo_pick.cpp.o] Error 1
make[1]: *** [CMakeFiles/Makefile2:270: CMakeFiles/gazebo_pick.dir/all] Error 2
make[1]: *** Waiting for unfinished jobs....
make: *** [Makefile:141: all] Error 2
