In file included from [01m[K/opt/ros/noetic/include/ros/serialization.h:37[m[K,
                 from [01m[K/opt/ros/noetic/include/shape_msgs/SolidPrimitive.h:14[m[K,
                 from [01m[K/home/nikola/ws_moveit/src/geometric_shapes/include/geometric_shapes/shape_messages.h:40[m[K,
                 from [01m[K/home/nikola/ws_moveit/src/geometric_shapes/include/geometric_shapes/shape_operations.h:41[m[K,
                 from [01m[K/home/nikola/ws_moveit/src/expanda/src/multiobject_multicam_track.cpp:3[m[K:
/opt/ros/noetic/include/ros/message_traits.h: In instantiation of ‘[01m[Kstatic const char* ros::message_traits::MD5Sum<M>::value() [with M = boost::shared_ptr<const my_services::PickPlaceActionGoal_<std::allocator<void> > >][m[K’:
[01m[K/opt/ros/noetic/include/ros/message_traits.h:227:102:[m[K   required from ‘[01m[Kconst char* ros::message_traits::md5sum() [with M = boost::shared_ptr<const my_services::PickPlaceActionGoal_<std::allocator<void> > >][m[K’
[01m[K/opt/ros/noetic/include/ros/subscribe_options.h:89:49:[m[K   required from ‘[01m[Kvoid ros::SubscribeOptions::initByFullCallbackType(const string&, uint32_t, const boost::function<void(P)>&, const boost::function<boost::shared_ptr<typename ros::ParameterAdapter<P>::Message>()>&) [with P = boost::shared_ptr<const my_services::PickPlaceActionGoal_<std::allocator<void> > >&; std::string = std::__cxx11::basic_string<char>; uint32_t = unsigned int; typename ros::ParameterAdapter<P>::Message = boost::shared_ptr<const my_services::PickPlaceActionGoal_<std::allocator<void> > >][m[K’
[01m[K/opt/ros/noetic/include/ros/node_handle.h:659:5:[m[K   required from ‘[01m[Kros::Subscriber ros::NodeHandle::subscribe(const string&, uint32_t, void (*)(M), const ros::TransportHints&) [with M = boost::shared_ptr<const my_services::PickPlaceActionGoal_<std::allocator<void> > >&; std::string = std::__cxx11::basic_string<char>; uint32_t = unsigned int][m[K’
[01m[K/home/nikola/ws_moveit/src/expanda/src/multiobject_multicam_track.cpp:89:91:[m[K   required from here
[01m[K/opt/ros/noetic/include/ros/message_traits.h:120:28:[m[K [01;31m[Kerror: [m[K‘[01m[K__s_getMD5Sum[m[K’ is not a member of ‘[01m[Kboost::shared_ptr<const my_services::PickPlaceActionGoal_<std::allocator<void> > >[m[K’
  120 |     return [01;31m[KM::__s_getMD5Sum()[m[K.c_str();
      |            [01;31m[K~~~~~~~~~~~~~~~~^~[m[K
/opt/ros/noetic/include/ros/message_traits.h: In instantiation of ‘[01m[Kstatic const char* ros::message_traits::DataType<M>::value() [with M = boost::shared_ptr<const my_services::PickPlaceActionGoal_<std::allocator<void> > >][m[K’:
[01m[K/opt/ros/noetic/include/ros/message_traits.h:236:104:[m[K   required from ‘[01m[Kconst char* ros::message_traits::datatype() [with M = boost::shared_ptr<const my_services::PickPlaceActionGoal_<std::allocator<void> > >][m[K’
[01m[K/opt/ros/noetic/include/ros/subscribe_options.h:90:53:[m[K   required from ‘[01m[Kvoid ros::SubscribeOptions::initByFullCallbackType(const string&, uint32_t, const boost::function<void(P)>&, const boost::function<boost::shared_ptr<typename ros::ParameterAdapter<P>::Message>()>&) [with P = boost::shared_ptr<const my_services::PickPlaceActionGoal_<std::allocator<void> > >&; std::string = std::__cxx11::basic_string<char>; uint32_t = unsigned int; typename ros::ParameterAdapter<P>::Message = boost::shared_ptr<const my_services::PickPlaceActionGoal_<std::allocator<void> > >][m[K’
[01m[K/opt/ros/noetic/include/ros/node_handle.h:659:5:[m[K   required from ‘[01m[Kros::Subscriber ros::NodeHandle::subscribe(const string&, uint32_t, void (*)(M), const ros::TransportHints&) [with M = boost::shared_ptr<const my_services::PickPlaceActionGoal_<std::allocator<void> > >&; std::string = std::__cxx11::basic_string<char>; uint32_t = unsigned int][m[K’
[01m[K/home/nikola/ws_moveit/src/expanda/src/multiobject_multicam_track.cpp:89:91:[m[K   required from here
[01m[K/opt/ros/noetic/include/ros/message_traits.h:137:30:[m[K [01;31m[Kerror: [m[K‘[01m[K__s_getDataType[m[K’ is not a member of ‘[01m[Kboost::shared_ptr<const my_services::PickPlaceActionGoal_<std::allocator<void> > >[m[K’
  137 |     return [01;31m[KM::__s_getDataType()[m[K.c_str();
      |            [01;31m[K~~~~~~~~~~~~~~~~~~^~[m[K
In file included from [01m[K/opt/ros/noetic/include/ros/subscription_callback_helper.h:35[m[K,
                 from [01m[K/opt/ros/noetic/include/ros/subscriber.h:33[m[K,
                 from [01m[K/opt/ros/noetic/include/ros/node_handle.h:33[m[K,
                 from [01m[K/opt/ros/noetic/include/ros/ros.h:45[m[K,
                 from [01m[K/opt/ros/noetic/include/urdf/model.h:50[m[K,
                 from [01m[K/home/nikola/ws_moveit/src/moveit/moveit_core/robot_model/include/moveit/robot_model/robot_model.h:42[m[K,
                 from [01m[K/home/nikola/ws_moveit/src/moveit/moveit_core/robot_state/include/moveit/robot_state/robot_state.h:40[m[K,
                 from [01m[K/home/nikola/ws_moveit/src/moveit/moveit_ros/planning_interface/planning_scene_interface/include/moveit/planning_scene_interface/planning_scene_interface.h:40[m[K,
                 from [01m[K/home/nikola/ws_moveit/src/expanda/src/multiobject_multicam_track.cpp:5[m[K:
/opt/ros/noetic/include/ros/parameter_adapter.h: In instantiation of ‘[01m[Kstatic ros::ParameterAdapter<M>::Parameter ros::ParameterAdapter<M>::getParameter(const Event&) [with M = boost::shared_ptr<const my_services::PickPlaceActionGoal_<std::allocator<void> > >&; ros::ParameterAdapter<M>::Parameter = boost::shared_ptr<const my_services::PickPlaceActionGoal_<std::allocator<void> > >&; ros::ParameterAdapter<M>::Event = ros::MessageEvent<const boost::shared_ptr<const my_services::PickPlaceActionGoal_<std::allocator<void> > > >; typename boost::remove_reference<typename boost::remove_const<M>::type>::type = boost::shared_ptr<const my_services::PickPlaceActionGoal_<std::allocator<void> > >][m[K’:
[01m[K/opt/ros/noetic/include/ros/subscription_callback_helper.h:144:48:[m[K   required from ‘[01m[Kvoid ros::SubscriptionCallbackHelperT<P, Enabled>::call(ros::SubscriptionCallbackHelperCallParams&) [with P = boost::shared_ptr<const my_services::PickPlaceActionGoal_<std::allocator<void> > >&; Enabled = void][m[K’
[01m[K/opt/ros/noetic/include/ros/subscription_callback_helper.h:141:16:[m[K   required from here
[01m[K/opt/ros/noetic/include/ros/parameter_adapter.h:78:30:[m[K [01;31m[Kerror: [m[Kbinding reference of type ‘[01m[Kros::ParameterAdapter<boost::shared_ptr<const my_services::PickPlaceActionGoal_<std::allocator<void> > >&>::Parameter[m[K’ {aka ‘[01m[Kboost::shared_ptr<const my_services::PickPlaceActionGoal_<std::allocator<void> > >&[m[K’} to ‘[01m[Kconst boost::shared_ptr<const my_services::PickPlaceActionGoal_<std::allocator<void> > >[m[K’ discards qualifiers
   78 |     return *event.getMessage([01;31m[K)[m[K;
      |                              [01;31m[K^[m[K
In file included from [01m[K/opt/ros/noetic/include/shape_msgs/SolidPrimitive.h:14[m[K,
                 from [01m[K/home/nikola/ws_moveit/src/geometric_shapes/include/geometric_shapes/shape_messages.h:40[m[K,
                 from [01m[K/home/nikola/ws_moveit/src/geometric_shapes/include/geometric_shapes/shape_operations.h:41[m[K,
                 from [01m[K/home/nikola/ws_moveit/src/expanda/src/multiobject_multicam_track.cpp:3[m[K:
/opt/ros/noetic/include/ros/serialization.h: In instantiation of ‘[01m[Kstatic void ros::serialization::Serializer<T>::read(Stream&, typename boost::call_traits<T>::reference) [with Stream = ros::serialization::IStream; T = boost::shared_ptr<const my_services::PickPlaceActionGoal_<std::allocator<void> > >; typename boost::call_traits<T>::reference = boost::shared_ptr<const my_services::PickPlaceActionGoal_<std::allocator<void> > >&][m[K’:
[01m[K/opt/ros/noetic/include/ros/serialization.h:164:22:[m[K   required from ‘[01m[Kvoid ros::serialization::deserialize(Stream&, T&) [with T = boost::shared_ptr<const my_services::PickPlaceActionGoal_<std::allocator<void> > >; Stream = ros::serialization::IStream][m[K’
[01m[K/opt/ros/noetic/include/ros/subscription_callback_helper.h:136:21:[m[K   required from ‘[01m[Kros::VoidConstPtr ros::SubscriptionCallbackHelperT<P, Enabled>::deserialize(const ros::SubscriptionCallbackHelperDeserializeParams&) [with P = boost::shared_ptr<const my_services::PickPlaceActionGoal_<std::allocator<void> > >&; Enabled = void; ros::VoidConstPtr = boost::shared_ptr<const void>][m[K’
[01m[K/opt/ros/noetic/include/ros/subscription_callback_helper.h:118:24:[m[K   required from here
[01m[K/opt/ros/noetic/include/ros/serialization.h:137:7:[m[K [01;31m[Kerror: [m[K‘[01m[Kclass boost::shared_ptr<const my_services::PickPlaceActionGoal_<std::allocator<void> > >[m[K’ has no member named ‘[01m[Kdeserialize[m[K’
  137 |     [01;31m[Kt.deserialize[m[K(stream.getData());
      |     [01;31m[K~~^~~~~~~~~~~[m[K
make[2]: *** [CMakeFiles/multiobject_multicam_track.dir/build.make:63: CMakeFiles/multiobject_multicam_track.dir/src/multiobject_multicam_track.cpp.o] Error 1
make[1]: *** [CMakeFiles/Makefile2:2804: CMakeFiles/multiobject_multicam_track.dir/all] Error 2
make: *** [Makefile:141: all] Error 2
