In file included from [01m[K/opt/ros/noetic/include/ros/ros.h:40[m[K,
                 from [01m[K/opt/ros/noetic/include/urdf/model.h:50[m[K,
                 from [01m[K/home/nikola/ws_moveit/src/moveit/moveit_core/robot_model/include/moveit/robot_model/robot_model.h:42[m[K,
                 from [01m[K/home/nikola/ws_moveit/src/moveit/moveit_core/robot_state/include/moveit/robot_state/robot_state.h:40[m[K,
                 from [01m[K/home/nikola/ws_moveit/src/moveit/moveit_ros/planning_interface/planning_scene_interface/include/moveit/planning_scene_interface/planning_scene_interface.h:40[m[K,
                 from [01m[K/home/nikola/ws_moveit/src/expanda/src/multicam_track.cpp:5[m[K:
[01m[K/home/nikola/ws_moveit/src/expanda/src/multicam_track.cpp:[m[K In function ‘[01m[Kint main(int, char**)[m[K’:
[01m[K/home/nikola/ws_moveit/src/expanda/src/multicam_track.cpp:224:5:[m[K [01;31m[Kerror: [m[Kno matching function for call to ‘[01m[Kprint(NULL, void*&, ros::console::Level&, const char [58], int, const char [22], moveit_msgs::CollisionObject_<std::allocator<void> >::_id_type&)[m[K’
  224 |     [01;31m[KROS_INFO[m[K(bin.id);
      |     [01;31m[K^~~~~~~~[m[K
[01m[K/opt/ros/noetic/include/ros/console.h:161:22:[m[K [01;36m[Knote: [m[Kcandidate: ‘[01m[Kvoid ros::console::print(ros::console::FilterBase*, void*, ros::console::Level, const char*, int, const char*, const char*, ...)[m[K’
  161 | ROSCONSOLE_DECL void [01;36m[Kprint[m[K(FilterBase* filter, void* logger, Level level,
      |                      [01;36m[K^~~~~[m[K
[01m[K/opt/ros/noetic/include/ros/console.h:163:39:[m[K [01;36m[Knote: [m[K  no known conversion for argument 7 from ‘[01m[Kmoveit_msgs::CollisionObject_<std::allocator<void> >::_id_type[m[K’ {aka ‘[01m[Kstd::__cxx11::basic_string<char>[m[K’} to ‘[01m[Kconst char*[m[K’
  163 |     const char* function, [01;36m[Kconst char* fmt[m[K, ...) ROSCONSOLE_PRINTF_ATTRIBUTE(7, 8);
      |                           [01;36m[K~~~~~~~~~~~~^~~[m[K
[01m[K/opt/ros/noetic/include/ros/console.h:165:22:[m[K [01;36m[Knote: [m[Kcandidate: ‘[01m[Kvoid ros::console::print(ros::console::FilterBase*, void*, ros::console::Level, const stringstream&, const char*, int, const char*)[m[K’
  165 | ROSCONSOLE_DECL void [01;36m[Kprint[m[K(FilterBase* filter, void* logger, Level level,
      |                      [01;36m[K^~~~~[m[K
[01m[K/opt/ros/noetic/include/ros/console.h:166:30:[m[K [01;36m[Knote: [m[K  no known conversion for argument 4 from ‘[01m[Kconst char [58][m[K’ to ‘[01m[Kconst stringstream&[m[K’ {aka ‘[01m[Kconst std::__cxx11::basic_stringstream<char>&[m[K’}
  166 |     [01;36m[Kconst std::stringstream& str[m[K, const char* file, int line, const char* function);
      |     [01;36m[K~~~~~~~~~~~~~~~~~~~~~~~~~^~~[m[K
make[2]: *** [CMakeFiles/multicam_track.dir/build.make:63: CMakeFiles/multicam_track.dir/src/multicam_track.cpp.o] Error 1
make[1]: *** [CMakeFiles/Makefile2:289: CMakeFiles/multicam_track.dir/all] Error 2
make: *** [Makefile:141: all] Error 2
