[01m[K/home/nikola/ws_moveit/src/expanda/src/cam_tripod_spawner.cpp:[m[K In function ‘[01m[Kint main(int, char**)[m[K’:
[01m[K/home/nikola/ws_moveit/src/expanda/src/cam_tripod_spawner.cpp:50:5:[m[K [01;31m[Kerror: [m[K‘[01m[Ktf[m[K’ has not been declared
   50 |     [01;31m[Ktf[m[K::TransformListener listener; //tf listener & transformations
      |     [01;31m[K^~[m[K
[01m[K/home/nikola/ws_moveit/src/expanda/src/cam_tripod_spawner.cpp:52:5:[m[K [01;31m[Kerror: [m[K‘[01m[Ktf[m[K’ has not been declared
   52 |     [01;31m[Ktf[m[K::StampedTransform cone_tf;
      |     [01;31m[K^~[m[K
[01m[K/home/nikola/ws_moveit/src/expanda/src/cam_tripod_spawner.cpp:54:5:[m[K [01;31m[Kerror: [m[K‘[01m[Klistener[m[K’ was not declared in this scope
   54 |     [01;31m[Klistener[m[K.lookupTransform("world", "zed2i_long_base_link", ros::Time(0), cone_tf);
      |     [01;31m[K^~~~~~~~[m[K
[01m[K/home/nikola/ws_moveit/src/expanda/src/cam_tripod_spawner.cpp:54:77:[m[K [01;31m[Kerror: [m[K‘[01m[Kcone_tf[m[K’ was not declared in this scope; did you mean ‘[01m[Kcone[m[K’?
   54 |     listener.lookupTransform("world", "zed2i_long_base_link", ros::Time(0), [01;31m[Kcone_tf[m[K);
      |                                                                             [01;31m[K^~~~~~~[m[K
      |                                                                             [32m[Kcone[m[K
[01m[K/home/nikola/ws_moveit/src/expanda/src/cam_tripod_spawner.cpp:56:16:[m[K [01;31m[Kerror: [m[K‘[01m[Ktf[m[K’ does not name a type; did you mean ‘[01m[Ktf2[m[K’?
   56 |         catch ([01;31m[Ktf[m[K::TransformException ex){
      |                [01;31m[K^~[m[K
      |                [32m[Ktf2[m[K
[01m[K/home/nikola/ws_moveit/src/expanda/src/cam_tripod_spawner.cpp:56:39:[m[K [01;31m[Kerror: [m[Kexpected unqualified-id before ‘[01m[Kex[m[K’
   56 |         catch (tf::TransformException [01;31m[Kex[m[K){
      |                                       [01;31m[K^~[m[K
[01m[K/home/nikola/ws_moveit/src/expanda/src/cam_tripod_spawner.cpp:56:38:[m[K [01;31m[Kerror: [m[Kexpected ‘[01m[K)[m[K’ before ‘[01m[Kex[m[K’
   56 |         catch [34m[K([m[Ktf::TransformException[01;31m[K [m[K[32m[Kex[m[K){
      |               [34m[K~[m[K                      [01;31m[K^[m[K[32m[K~~[m[K
      |                                      [32m[K)[m[K
[01m[K/home/nikola/ws_moveit/src/expanda/src/cam_tripod_spawner.cpp:56:39:[m[K [01;31m[Kerror: [m[Kexpected ‘[01m[K{[m[K’ before ‘[01m[Kex[m[K’
   56 |         catch (tf::TransformException [01;31m[Kex[m[K){
      |                                       [01;31m[K^~[m[K
[01m[K/home/nikola/ws_moveit/src/expanda/src/cam_tripod_spawner.cpp:56:39:[m[K [01;31m[Kerror: [m[K‘[01m[Kex[m[K’ was not declared in this scope; did you mean ‘[01m[Kexp[m[K’?
   56 |         catch (tf::TransformException [01;31m[Kex[m[K){
      |                                       [01;31m[K^~[m[K
      |                                       [32m[Kexp[m[K
[01m[K/home/nikola/ws_moveit/src/expanda/src/cam_tripod_spawner.cpp:64:28:[m[K [01;31m[Kerror: [m[K‘[01m[Kcone_tf[m[K’ was not declared in this scope; did you mean ‘[01m[Kcone[m[K’?
   64 |     mesh_pose.position.x = [01;31m[Kcone_tf[m[K.getOrigin().x();
      |                            [01;31m[K^~~~~~~[m[K
      |                            [32m[Kcone[m[K
[01m[K/home/nikola/ws_moveit/src/expanda/src/cam_tripod_spawner.cpp:71:22:[m[K [01;31m[Kerror: [m[K‘[01m[Kcollision_object[m[K’ was not declared in this scope
   71 |     cone.operation = [01;31m[Kcollision_object[m[K.ADD;
      |                      [01;31m[K^~~~~~~~~~~~~~~~[m[K
[01m[K/home/nikola/ws_moveit/src/expanda/src/cam_tripod_spawner.cpp:96:5:[m[K [01;31m[Kerror: [m[K‘[01m[Ktf[m[K’ has not been declared
   96 |     [01;31m[Ktf[m[K::StampedTransform cone2_tf;
      |     [01;31m[K^~[m[K
[01m[K/home/nikola/ws_moveit/src/expanda/src/cam_tripod_spawner.cpp:98:5:[m[K [01;31m[Kerror: [m[K‘[01m[Klistener[m[K’ was not declared in this scope
   98 |     [01;31m[Klistener[m[K.lookupTransform("world", "zed2i_short_base_link", ros::Time(0), cone2_tf);
      |     [01;31m[K^~~~~~~~[m[K
[01m[K/home/nikola/ws_moveit/src/expanda/src/cam_tripod_spawner.cpp:98:78:[m[K [01;31m[Kerror: [m[K‘[01m[Kcone2_tf[m[K’ was not declared in this scope; did you mean ‘[01m[Kcone_2[m[K’?
   98 |     listener.lookupTransform("world", "zed2i_short_base_link", ros::Time(0), [01;31m[Kcone2_tf[m[K);
      |                                                                              [01;31m[K^~~~~~~~[m[K
      |                                                                              [32m[Kcone_2[m[K
[01m[K/home/nikola/ws_moveit/src/expanda/src/cam_tripod_spawner.cpp:100:16:[m[K [01;31m[Kerror: [m[K‘[01m[Ktf[m[K’ does not name a type; did you mean ‘[01m[Ktf2[m[K’?
  100 |         catch ([01;31m[Ktf[m[K::TransformException ex){
      |                [01;31m[K^~[m[K
      |                [32m[Ktf2[m[K
[01m[K/home/nikola/ws_moveit/src/expanda/src/cam_tripod_spawner.cpp:100:39:[m[K [01;31m[Kerror: [m[Kexpected unqualified-id before ‘[01m[Kex[m[K’
  100 |         catch (tf::TransformException [01;31m[Kex[m[K){
      |                                       [01;31m[K^~[m[K
[01m[K/home/nikola/ws_moveit/src/expanda/src/cam_tripod_spawner.cpp:100:38:[m[K [01;31m[Kerror: [m[Kexpected ‘[01m[K)[m[K’ before ‘[01m[Kex[m[K’
  100 |         catch [34m[K([m[Ktf::TransformException[01;31m[K [m[K[32m[Kex[m[K){
      |               [34m[K~[m[K                      [01;31m[K^[m[K[32m[K~~[m[K
      |                                      [32m[K)[m[K
[01m[K/home/nikola/ws_moveit/src/expanda/src/cam_tripod_spawner.cpp:100:39:[m[K [01;31m[Kerror: [m[Kexpected ‘[01m[K{[m[K’ before ‘[01m[Kex[m[K’
  100 |         catch (tf::TransformException [01;31m[Kex[m[K){
      |                                       [01;31m[K^~[m[K
[01m[K/home/nikola/ws_moveit/src/expanda/src/cam_tripod_spawner.cpp:100:41:[m[K [01;31m[Kerror: [m[Kexpected ‘[01m[K;[m[K’ before ‘[01m[K)[m[K’ token
  100 |         catch (tf::TransformException ex[01;31m[K)[m[K{
      |                                         [01;31m[K^[m[K
      |                                         [32m[K;[m[K
[01m[K/home/nikola/ws_moveit/src/expanda/src/cam_tripod_spawner.cpp:108:30:[m[K [01;31m[Kerror: [m[K‘[01m[Kcone2_tf[m[K’ was not declared in this scope; did you mean ‘[01m[Kcone_2[m[K’?
  108 |     mesh_pose_2.position.x = [01;31m[Kcone2_tf[m[K.getOrigin().x();
      |                              [01;31m[K^~~~~~~~[m[K
      |                              [32m[Kcone_2[m[K
make[2]: *** [CMakeFiles/cam_tripod_spawner.dir/build.make:63: CMakeFiles/cam_tripod_spawner.dir/src/cam_tripod_spawner.cpp.o] Error 1
make[1]: *** [CMakeFiles/Makefile2:301: CMakeFiles/cam_tripod_spawner.dir/all] Error 2
make: *** [Makefile:141: all] Error 2
