[01m[K/home/nikola/ws_moveit/src/expanda/src/cloud_merger.cpp:[m[K In member function ‘[01m[Kvoid PointCloudMerger::mergeClouds()[m[K’:
[01m[K/home/nikola/ws_moveit/src/expanda/src/cloud_merger.cpp:51:103:[m[K [01;31m[Kerror: [m[Kno matching function for call to ‘[01m[KtransformPointCloud(std_msgs::Header_<std::allocator<void> >::_frame_id_type&, const sensor_msgs::PointCloud2_<std::allocator<void> >&, sensor_msgs::PointCloud2&, geometry_msgs::TransformStamped&)[m[K’
   51 |         pcl_ros::transformPointCloud(transform.header.frame_id,*cloud2_, cloud2_transformed, transform[01;31m[K)[m[K;
      |                                                                                                       [01;31m[K^[m[K
In file included from [01m[K/home/nikola/ws_moveit/src/expanda/src/cloud_merger.cpp:9[m[K:
[01m[K/opt/ros/noetic/include/pcl_ros/transforms.h:133:3:[m[K [01;36m[Knote: [m[Kcandidate: ‘[01m[Ktemplate<class PointT> void pcl_ros::transformPointCloud(const pcl::PointCloud<PointT>&, pcl::PointCloud<PointT>&, const tf::Transform&)[m[K’
  133 |   [01;36m[KtransformPointCloud[m[K (const pcl::PointCloud <PointT> &cloud_in,
      |   [01;36m[K^~~~~~~~~~~~~~~~~~~[m[K
[01m[K/opt/ros/noetic/include/pcl_ros/transforms.h:133:3:[m[K [01;36m[Knote: [m[K  template argument deduction/substitution failed:
[01m[K/home/nikola/ws_moveit/src/expanda/src/cloud_merger.cpp:51:103:[m[K [01;36m[Knote: [m[K  ‘[01m[Kstd_msgs::Header_<std::allocator<void> >::_frame_id_type[m[K’ {aka ‘[01m[Kstd::__cxx11::basic_string<char>[m[K’} is not derived from ‘[01m[Kconst pcl::PointCloud<PointT>[m[K’
   51 |         pcl_ros::transformPointCloud(transform.header.frame_id,*cloud2_, cloud2_transformed, transform[01;36m[K)[m[K;
      |                                                                                                       [01;36m[K^[m[K
In file included from [01m[K/home/nikola/ws_moveit/src/expanda/src/cloud_merger.cpp:9[m[K:
[01m[K/opt/ros/noetic/include/pcl_ros/transforms.h:144:3:[m[K [01;36m[Knote: [m[Kcandidate: ‘[01m[Ktemplate<class PointT> void pcl_ros::transformPointCloud(const pcl::PointCloud<PointT>&, pcl::PointCloud<PointT>&, const Transform&)[m[K’
  144 |   [01;36m[KtransformPointCloud[m[K (const pcl::PointCloud <PointT> &cloud_in,
      |   [01;36m[K^~~~~~~~~~~~~~~~~~~[m[K
[01m[K/opt/ros/noetic/include/pcl_ros/transforms.h:144:3:[m[K [01;36m[Knote: [m[K  template argument deduction/substitution failed:
[01m[K/home/nikola/ws_moveit/src/expanda/src/cloud_merger.cpp:51:103:[m[K [01;36m[Knote: [m[K  ‘[01m[Kstd_msgs::Header_<std::allocator<void> >::_frame_id_type[m[K’ {aka ‘[01m[Kstd::__cxx11::basic_string<char>[m[K’} is not derived from ‘[01m[Kconst pcl::PointCloud<PointT>[m[K’
   51 |         pcl_ros::transformPointCloud(transform.header.frame_id,*cloud2_, cloud2_transformed, transform[01;36m[K)[m[K;
      |                                                                                                       [01;36m[K^[m[K
In file included from [01m[K/home/nikola/ws_moveit/src/expanda/src/cloud_merger.cpp:9[m[K:
[01m[K/opt/ros/noetic/include/pcl_ros/transforms.h:155:3:[m[K [01;36m[Knote: [m[Kcandidate: ‘[01m[Ktemplate<class PointT> bool pcl_ros::transformPointCloud(const string&, const pcl::PointCloud<PointT>&, pcl::PointCloud<PointT>&, const tf::TransformListener&)[m[K’
  155 |   [01;36m[KtransformPointCloud[m[K (const std::string &target_frame,
      |   [01;36m[K^~~~~~~~~~~~~~~~~~~[m[K
[01m[K/opt/ros/noetic/include/pcl_ros/transforms.h:155:3:[m[K [01;36m[Knote: [m[K  template argument deduction/substitution failed:
[01m[K/home/nikola/ws_moveit/src/expanda/src/cloud_merger.cpp:51:103:[m[K [01;36m[Knote: [m[K  ‘[01m[Kconst sensor_msgs::PointCloud2_<std::allocator<void> >[m[K’ is not derived from ‘[01m[Kconst pcl::PointCloud<PointT>[m[K’
   51 |         pcl_ros::transformPointCloud(transform.header.frame_id,*cloud2_, cloud2_transformed, transform[01;36m[K)[m[K;
      |                                                                                                       [01;36m[K^[m[K
In file included from [01m[K/home/nikola/ws_moveit/src/expanda/src/cloud_merger.cpp:9[m[K:
[01m[K/opt/ros/noetic/include/pcl_ros/transforms.h:167:3:[m[K [01;36m[Knote: [m[Kcandidate: ‘[01m[Ktemplate<class PointT> bool pcl_ros::transformPointCloud(const string&, const pcl::PointCloud<PointT>&, pcl::PointCloud<PointT>&, const tf2_ros::Buffer&)[m[K’
  167 |   [01;36m[KtransformPointCloud[m[K (const std::string &target_frame,
      |   [01;36m[K^~~~~~~~~~~~~~~~~~~[m[K
[01m[K/opt/ros/noetic/include/pcl_ros/transforms.h:167:3:[m[K [01;36m[Knote: [m[K  template argument deduction/substitution failed:
[01m[K/home/nikola/ws_moveit/src/expanda/src/cloud_merger.cpp:51:103:[m[K [01;36m[Knote: [m[K  ‘[01m[Kconst sensor_msgs::PointCloud2_<std::allocator<void> >[m[K’ is not derived from ‘[01m[Kconst pcl::PointCloud<PointT>[m[K’
   51 |         pcl_ros::transformPointCloud(transform.header.frame_id,*cloud2_, cloud2_transformed, transform[01;36m[K)[m[K;
      |                                                                                                       [01;36m[K^[m[K
In file included from [01m[K/home/nikola/ws_moveit/src/expanda/src/cloud_merger.cpp:9[m[K:
[01m[K/opt/ros/noetic/include/pcl_ros/transforms.h:181:3:[m[K [01;36m[Knote: [m[Kcandidate: ‘[01m[Ktemplate<class PointT> bool pcl_ros::transformPointCloud(const string&, const ros::Time&, const pcl::PointCloud<PointT>&, const string&, pcl::PointCloud<PointT>&, const tf::TransformListener&)[m[K’
  181 |   [01;36m[KtransformPointCloud[m[K (const std::string &target_frame, const ros::Time & target_time,
      |   [01;36m[K^~~~~~~~~~~~~~~~~~~[m[K
[01m[K/opt/ros/noetic/include/pcl_ros/transforms.h:181:3:[m[K [01;36m[Knote: [m[K  template argument deduction/substitution failed:
[01m[K/home/nikola/ws_moveit/src/expanda/src/cloud_merger.cpp:51:103:[m[K [01;36m[Knote: [m[K  ‘[01m[Ksensor_msgs::PointCloud2[m[K’ {aka ‘[01m[Ksensor_msgs::PointCloud2_<std::allocator<void> >[m[K’} is not derived from ‘[01m[Kconst pcl::PointCloud<PointT>[m[K’
   51 |         pcl_ros::transformPointCloud(transform.header.frame_id,*cloud2_, cloud2_transformed, transform[01;36m[K)[m[K;
      |                                                                                                       [01;36m[K^[m[K
In file included from [01m[K/home/nikola/ws_moveit/src/expanda/src/cloud_merger.cpp:9[m[K:
[01m[K/opt/ros/noetic/include/pcl_ros/transforms.h:196:3:[m[K [01;36m[Knote: [m[Kcandidate: ‘[01m[Ktemplate<class PointT> bool pcl_ros::transformPointCloud(const string&, const ros::Time&, const pcl::PointCloud<PointT>&, const string&, pcl::PointCloud<PointT>&, const tf2_ros::Buffer&)[m[K’
  196 |   [01;36m[KtransformPointCloud[m[K (const std::string &target_frame, const ros::Time & target_time,
      |   [01;36m[K^~~~~~~~~~~~~~~~~~~[m[K
[01m[K/opt/ros/noetic/include/pcl_ros/transforms.h:196:3:[m[K [01;36m[Knote: [m[K  template argument deduction/substitution failed:
[01m[K/home/nikola/ws_moveit/src/expanda/src/cloud_merger.cpp:51:103:[m[K [01;36m[Knote: [m[K  ‘[01m[Ksensor_msgs::PointCloud2[m[K’ {aka ‘[01m[Ksensor_msgs::PointCloud2_<std::allocator<void> >[m[K’} is not derived from ‘[01m[Kconst pcl::PointCloud<PointT>[m[K’
   51 |         pcl_ros::transformPointCloud(transform.header.frame_id,*cloud2_, cloud2_transformed, transform[01;36m[K)[m[K;
      |                                                                                                       [01;36m[K^[m[K
In file included from [01m[K/home/nikola/ws_moveit/src/expanda/src/cloud_merger.cpp:9[m[K:
[01m[K/opt/ros/noetic/include/pcl_ros/transforms.h:209:3:[m[K [01;36m[Knote: [m[Kcandidate: ‘[01m[Kbool pcl_ros::transformPointCloud(const string&, const PointCloud2&, sensor_msgs::PointCloud2&, const tf::TransformListener&)[m[K’
  209 |   [01;36m[KtransformPointCloud[m[K (const std::string &target_frame,
      |   [01;36m[K^~~~~~~~~~~~~~~~~~~[m[K
[01m[K/opt/ros/noetic/include/pcl_ros/transforms.h:212:53:[m[K [01;36m[Knote: [m[K  no known conversion for argument 4 from ‘[01m[Kgeometry_msgs::TransformStamped[m[K’ {aka ‘[01m[Kgeometry_msgs::TransformStamped_<std::allocator<void> >[m[K’} to ‘[01m[Kconst tf::TransformListener&[m[K’
  212 |                        [01;36m[Kconst tf::TransformListener &tf_listener[m[K);
      |                        [01;36m[K~~~~~~~~~~~~~~~~~~~~~~~~~~~~~^~~~~~~~~~~[m[K
[01m[K/opt/ros/noetic/include/pcl_ros/transforms.h:221:3:[m[K [01;36m[Knote: [m[Kcandidate: ‘[01m[Kbool pcl_ros::transformPointCloud(const string&, const PointCloud2&, sensor_msgs::PointCloud2&, const tf2_ros::Buffer&)[m[K’
  221 |   [01;36m[KtransformPointCloud[m[K (const std::string &target_frame,
      |   [01;36m[K^~~~~~~~~~~~~~~~~~~[m[K
[01m[K/opt/ros/noetic/include/pcl_ros/transforms.h:224:47:[m[K [01;36m[Knote: [m[K  no known conversion for argument 4 from ‘[01m[Kgeometry_msgs::TransformStamped[m[K’ {aka ‘[01m[Kgeometry_msgs::TransformStamped_<std::allocator<void> >[m[K’} to ‘[01m[Kconst tf2_ros::Buffer&[m[K’
  224 |                        [01;36m[Kconst tf2_ros::Buffer &tf_buffer[m[K);
      |                        [01;36m[K~~~~~~~~~~~~~~~~~~~~~~~^~~~~~~~~[m[K
[01m[K/opt/ros/noetic/include/pcl_ros/transforms.h:233:3:[m[K [01;36m[Knote: [m[Kcandidate: ‘[01m[Kvoid pcl_ros::transformPointCloud(const string&, const tf::Transform&, const PointCloud2&, sensor_msgs::PointCloud2&)[m[K’
  233 |   [01;36m[KtransformPointCloud[m[K (const std::string &target_frame,
      |   [01;36m[K^~~~~~~~~~~~~~~~~~~[m[K
[01m[K/opt/ros/noetic/include/pcl_ros/transforms.h:234:45:[m[K [01;36m[Knote: [m[K  no known conversion for argument 2 from ‘[01m[Kconst sensor_msgs::PointCloud2_<std::allocator<void> >[m[K’ to ‘[01m[Kconst tf::Transform&[m[K’
  234 |                        [01;36m[Kconst tf::Transform &net_transform[m[K,
      |                        [01;36m[K~~~~~~~~~~~~~~~~~~~~~^~~~~~~~~~~~~[m[K
[01m[K/opt/ros/noetic/include/pcl_ros/transforms.h:245:3:[m[K [01;36m[Knote: [m[Kcandidate: ‘[01m[Kvoid pcl_ros::transformPointCloud(const string&, const Transform&, const PointCloud2&, sensor_msgs::PointCloud2&)[m[K’
  245 |   [01;36m[KtransformPointCloud[m[K (const std::string &target_frame,
      |   [01;36m[K^~~~~~~~~~~~~~~~~~~[m[K
[01m[K/opt/ros/noetic/include/pcl_ros/transforms.h:246:56:[m[K [01;36m[Knote: [m[K  no known conversion for argument 2 from ‘[01m[Kconst sensor_msgs::PointCloud2_<std::allocator<void> >[m[K’ to ‘[01m[Kconst Transform&[m[K’ {aka ‘[01m[Kconst geometry_msgs::Transform_<std::allocator<void> >&[m[K’}
  246 |                        [01;36m[Kconst geometry_msgs::Transform &net_transform[m[K,
      |                        [01;36m[K~~~~~~~~~~~~~~~~~~~~~~~~~~~~~~~~^~~~~~~~~~~~~[m[K
[01m[K/opt/ros/noetic/include/pcl_ros/transforms.h:256:3:[m[K [01;36m[Knote: [m[Kcandidate: ‘[01m[Kvoid pcl_ros::transformPointCloud(const Matrix4f&, const PointCloud2&, sensor_msgs::PointCloud2&)[m[K’
  256 |   [01;36m[KtransformPointCloud[m[K (const Eigen::Matrix4f &transform,
      |   [01;36m[K^~~~~~~~~~~~~~~~~~~[m[K
[01m[K/opt/ros/noetic/include/pcl_ros/transforms.h:256:3:[m[K [01;36m[Knote: [m[K  candidate expects 3 arguments, 4 provided
make[2]: *** [CMakeFiles/cloud_merger.dir/build.make:63: CMakeFiles/cloud_merger.dir/src/cloud_merger.cpp.o] Error 1
make[1]: *** [CMakeFiles/Makefile2:3012: CMakeFiles/cloud_merger.dir/all] Error 2
make: *** [Makefile:141: all] Error 2
