[01m[K/home/nikola/ws_moveit/src/expanda/src/mg_interface.cpp:[m[K In function ‘[01m[Kint main(int, char**)[m[K’:
[01m[K/home/nikola/ws_moveit/src/expanda/src/mg_interface.cpp:192:52:[m[K [01;31m[Kerror: [m[Kcannot convert ‘[01m[Kstd::vector<double>[m[K’ to ‘[01m[Kdouble[m[K’
  192 |   move_group_interface.setGoalOrientationTolerance([01;31m[Korientation_tolerance[m[K);
      |                                                    [01;31m[K^~~~~~~~~~~~~~~~~~~~~[m[K
      |                                                    [01;31m[K|[m[K
      |                                                    [01;31m[Kstd::vector<double>[m[K
In file included from [01m[K/home/nikola/ws_moveit/src/expanda/src/mg_interface.cpp:2[m[K:
[01m[K/home/nikola/ws_moveit/src/moveit/moveit_ros/planning_interface/move_group_interface/include/moveit/move_group_interface/move_group_interface.h:306:43:[m[K [01;36m[Knote: [m[K  initializing argument 1 of ‘[01m[Kvoid moveit::planning_interface::MoveGroupInterface::setGoalOrientationTolerance(double)[m[K’
  306 |   void setGoalOrientationTolerance([01;36m[Kdouble tolerance[m[K);
      |                                    [01;36m[K~~~~~~~^~~~~~~~~[m[K
[01m[K/home/nikola/ws_moveit/src/expanda/src/mg_interface.cpp:226:52:[m[K [01;31m[Kerror: [m[Kcannot convert ‘[01m[Kstd::vector<double>[m[K’ to ‘[01m[Kdouble[m[K’
  226 |   move_group_interface.setGoalOrientationTolerance([01;31m[Korientation_tolerance[m[K);
      |                                                    [01;31m[K^~~~~~~~~~~~~~~~~~~~~[m[K
      |                                                    [01;31m[K|[m[K
      |                                                    [01;31m[Kstd::vector<double>[m[K
In file included from [01m[K/home/nikola/ws_moveit/src/expanda/src/mg_interface.cpp:2[m[K:
[01m[K/home/nikola/ws_moveit/src/moveit/moveit_ros/planning_interface/move_group_interface/include/moveit/move_group_interface/move_group_interface.h:306:43:[m[K [01;36m[Knote: [m[K  initializing argument 1 of ‘[01m[Kvoid moveit::planning_interface::MoveGroupInterface::setGoalOrientationTolerance(double)[m[K’
  306 |   void setGoalOrientationTolerance([01;36m[Kdouble tolerance[m[K);
      |                                    [01;36m[K~~~~~~~^~~~~~~~~[m[K
make[2]: *** [CMakeFiles/mg_interface.dir/build.make:63: CMakeFiles/mg_interface.dir/src/mg_interface.cpp.o] Error 1
make[1]: *** [CMakeFiles/Makefile2:3442: CMakeFiles/mg_interface.dir/all] Error 2
make: *** [Makefile:141: all] Error 2
