In file included from [01m[K/usr/include/boost/function/detail/maybe_include.hpp:22[m[K,
                 from [01m[K/usr/include/boost/function/detail/function_iterate.hpp:14[m[K,
                 from [01m[K/usr/include/boost/preprocessor/iteration/detail/iter/forward1.hpp:53[m[K,
                 from [01m[K/usr/include/boost/function.hpp:71[m[K,
                 from [01m[K/opt/ros/noetic/include/ros/forwards.h:40[m[K,
                 from [01m[K/opt/ros/noetic/include/ros/common.h:37[m[K,
                 from [01m[K/opt/ros/noetic/include/ros/ros.h:43[m[K,
                 from [01m[K/opt/ros/noetic/include/urdf/model.h:50[m[K,
                 from [01m[K/home/nikola/ws_moveit/src/moveit/moveit_core/robot_model/include/moveit/robot_model/robot_model.h:42[m[K,
                 from [01m[K/home/nikola/ws_moveit/src/moveit/moveit_core/robot_state/include/moveit/robot_state/robot_state.h:40[m[K,
                 from [01m[K/home/nikola/ws_moveit/src/moveit/moveit_ros/planning_interface/planning_scene_interface/include/moveit/planning_scene_interface/planning_scene_interface.h:40[m[K,
                 from [01m[K/home/nikola/ws_moveit/src/expanda/src/multiobject_multicam_track.cpp:5[m[K:
/usr/include/boost/function/function_template.hpp: In instantiation of ‘[01m[Kstatic void boost::detail::function::void_function_invoker1<FunctionPtr, R, T0>::invoke(boost::detail::function::function_buffer&, T0) [with FunctionPtr = void (*)(boost::shared_ptr<const my_services::PickPlaceActionGoal_<std::allocator<void> > >&); R = void; T0 = const boost::shared_ptr<const my_services::PickPlaceActionGoal_<std::allocator<void> > >&][m[K’:
[01m[K/usr/include/boost/function/function_template.hpp:931:38:[m[K   required from ‘[01m[Kvoid boost::function1<R, T1>::assign_to(Functor) [with Functor = void (*)(boost::shared_ptr<const my_services::PickPlaceActionGoal_<std::allocator<void> > >&); R = void; T0 = const boost::shared_ptr<const my_services::PickPlaceActionGoal_<std::allocator<void> > >&][m[K’
[01m[K/usr/include/boost/function/function_template.hpp:720:7:[m[K   required from ‘[01m[Kboost::function1<R, T1>::function1(Functor, typename boost::enable_if_<(! boost::is_integral<Functor>::value), int>::type) [with Functor = void (*)(boost::shared_ptr<const my_services::PickPlaceActionGoal_<std::allocator<void> > >&); R = void; T0 = const boost::shared_ptr<const my_services::PickPlaceActionGoal_<std::allocator<void> > >&; typename boost::enable_if_<(! boost::is_integral<Functor>::value), int>::type = int][m[K’
[01m[K/usr/include/boost/function/function_template.hpp:1068:16:[m[K   required from ‘[01m[Kboost::function<R(T0)>::function(Functor, typename boost::enable_if_<(! boost::is_integral<Functor>::value), int>::type) [with Functor = void (*)(boost::shared_ptr<const my_services::PickPlaceActionGoal_<std::allocator<void> > >&); R = void; T0 = const boost::shared_ptr<const my_services::PickPlaceActionGoal_<std::allocator<void> > >&; typename boost::enable_if_<(! boost::is_integral<Functor>::value), int>::type = int][m[K’
[01m[K/home/nikola/ws_moveit/src/expanda/src/multiobject_multicam_track.cpp:89:125:[m[K   required from here
[01m[K/usr/include/boost/function/function_template.hpp:117:11:[m[K [01;31m[Kerror: [m[Kbinding reference of type ‘[01m[Kboost::shared_ptr<const my_services::PickPlaceActionGoal_<std::allocator<void> > >&[m[K’ to ‘[01m[Kconst boost::shared_ptr<const my_services::PickPlaceActionGoal_<std::allocator<void> > >[m[K’ discards qualifiers
  117 |           [01;31m[KBOOST_FUNCTION_RETURN[m[K(f(BOOST_FUNCTION_ARGS));
      |           [01;31m[K^~~~~~~~~~~~~~~~~~~~~[m[K
make[2]: *** [CMakeFiles/multiobject_multicam_track.dir/build.make:63: CMakeFiles/multiobject_multicam_track.dir/src/multiobject_multicam_track.cpp.o] Error 1
make[1]: *** [CMakeFiles/Makefile2:2804: CMakeFiles/multiobject_multicam_track.dir/all] Error 2
make: *** [Makefile:141: all] Error 2
