[  5%] Built target pcl_bagpublisher
[ 15%] Built target triplet_detection
[ 15%] Built target cloud_merger_worldframe
[ 20%] Built target multicam_track
[ 25%] Built target cam_tripod_spawner
[ 30%] Built target testing_pickplace_server
[ 35%] Built target multimesh_spawner
[ 40%] Built target eight_mesh_spawner
[ 45%] Built target icp2_node
[ 55%] Built target mg_interface
[ 55%] Built target icp_node
[ 65%] Built target depthcam_demo
[ 65%] Built target object_detection_demo
[ 70%] Built target gazebo_pick
[ 75%] Built target test_smart_pickplace
[35m[1mScanning dependencies of target MT_Demo[0m
[ 80%] Built target multiobject_multicam_track
[ 85%] Built target cloud_merger
[ 90%] Built target pick_place
[ 95%] Built target track_object
[ 97%] [32mBuilding CXX object CMakeFiles/MT_Demo.dir/src/MT_Demo.cpp.o[0m
[100%] [32m[1mLinking CXX executable /home/nikola/ws_moveit/devel/.private/expanda/lib/expanda/MT_Demo[0m
[100%] Built target MT_Demo
