Linked: (/home/nikola/ws_moveit/devel/.private/expanda/share/expanda/cmake/expandaConfig-version.cmake, /home/nikola/ws_moveit/devel/share/expanda/cmake/expandaConfig-version.cmake)
Linked: (/home/nikola/ws_moveit/devel/.private/expanda/share/expanda/cmake/expandaConfig.cmake, /home/nikola/ws_moveit/devel/share/expanda/cmake/expandaConfig.cmake)
Linked: (/home/nikola/ws_moveit/devel/.private/expanda/lib/expanda/cloud_merger, /home/nikola/ws_moveit/devel/lib/expanda/cloud_merger)
Linked: (/home/nikola/ws_moveit/devel/.private/expanda/lib/expanda/multimesh_spawner, /home/nikola/ws_moveit/devel/lib/expanda/multimesh_spawner)
Linked: (/home/nikola/ws_moveit/devel/.private/expanda/lib/expanda/pick_2, /home/nikola/ws_moveit/devel/lib/expanda/pick_2)
Linked: (/home/nikola/ws_moveit/devel/.private/expanda/lib/expanda/cloud_merger_worldframe, /home/nikola/ws_moveit/devel/lib/expanda/cloud_merger_worldframe)
Linked: (/home/nikola/ws_moveit/devel/.private/expanda/lib/expanda/icp_node, /home/nikola/ws_moveit/devel/lib/expanda/icp_node)
Linked: (/home/nikola/ws_moveit/devel/.private/expanda/lib/expanda/multiobject_multicam_track, /home/nikola/ws_moveit/devel/lib/expanda/multiobject_multicam_track)
Linked: (/home/nikola/ws_moveit/devel/.private/expanda/lib/expanda/eight_mesh_spawner, /home/nikola/ws_moveit/devel/lib/expanda/eight_mesh_spawner)
Linked: (/home/nikola/ws_moveit/devel/.private/expanda/lib/expanda/test_smart_pickplace, /home/nikola/ws_moveit/devel/lib/expanda/test_smart_pickplace)
Linked: (/home/nikola/ws_moveit/devel/.private/expanda/lib/expanda/pick_place, /home/nikola/ws_moveit/devel/lib/expanda/pick_place)
Linked: (/home/nikola/ws_moveit/devel/.private/expanda/lib/expanda/testing_pickplace_server, /home/nikola/ws_moveit/devel/lib/expanda/testing_pickplace_server)
Linked: (/home/nikola/ws_moveit/devel/.private/expanda/lib/expanda/object_detection_demo, /home/nikola/ws_moveit/devel/lib/expanda/object_detection_demo)
Linked: (/home/nikola/ws_moveit/devel/.private/expanda/lib/expanda/gazebo_pick, /home/nikola/ws_moveit/devel/lib/expanda/gazebo_pick)
Linked: (/home/nikola/ws_moveit/devel/.private/expanda/lib/expanda/track_object, /home/nikola/ws_moveit/devel/lib/expanda/track_object)
Linked: (/home/nikola/ws_moveit/devel/.private/expanda/lib/expanda/triplet_detection, /home/nikola/ws_moveit/devel/lib/expanda/triplet_detection)
Linked: (/home/nikola/ws_moveit/devel/.private/expanda/lib/expanda/icp2_node, /home/nikola/ws_moveit/devel/lib/expanda/icp2_node)
Linked: (/home/nikola/ws_moveit/devel/.private/expanda/lib/expanda/MT_Demo, /home/nikola/ws_moveit/devel/lib/expanda/MT_Demo)
Linked: (/home/nikola/ws_moveit/devel/.private/expanda/lib/expanda/cam_tripod_spawner, /home/nikola/ws_moveit/devel/lib/expanda/cam_tripod_spawner)
Linked: (/home/nikola/ws_moveit/devel/.private/expanda/lib/expanda/pcl_bagpublisher, /home/nikola/ws_moveit/devel/lib/expanda/pcl_bagpublisher)
Linked: (/home/nikola/ws_moveit/devel/.private/expanda/lib/expanda/multicam_track, /home/nikola/ws_moveit/devel/lib/expanda/multicam_track)
Linked: (/home/nikola/ws_moveit/devel/.private/expanda/lib/expanda/mg_interface, /home/nikola/ws_moveit/devel/lib/expanda/mg_interface)
Linked: (/home/nikola/ws_moveit/devel/.private/expanda/lib/expanda/depthcam_demo, /home/nikola/ws_moveit/devel/lib/expanda/depthcam_demo)
Linked: (/home/nikola/ws_moveit/devel/.private/expanda/lib/pkgconfig/expanda.pc, /home/nikola/ws_moveit/devel/lib/pkgconfig/expanda.pc)
