[35m[1mScanning dependencies of target cam_tripod_spawner[0m
[  5%] Built target pcl_bagpublisher
[ 10%] Built target multimesh_spawner
[ 15%] Built target multicam_track
[ 20%] Built target triplet_detection
[ 25%] Built target eight_mesh_spawner
[ 30%] Built target testing_pickplace_server
[ 35%] Built target cloud_merger_worldframe
[ 40%] Built target icp2_node
[ 45%] Built target icp_node
[ 50%] Built target gazebo_pick
[ 55%] Built target depthcam_demo
[ 60%] Built target object_detection_demo
[ 65%] Built target mg_interface
[ 70%] Built target test_smart_pickplace
[ 75%] Built target multiobject_multicam_track
[ 77%] [32mBuilding CXX object CMakeFiles/cam_tripod_spawner.dir/src/cam_tripod_spawner.cpp.o[0m
[ 82%] Built target cloud_merger
[ 87%] Built target track_object
[ 92%] Built target pick_place
[ 97%] Built target MT_Demo
[01m[K/home/nikola/ws_moveit/src/expanda/src/cam_tripod_spawner.cpp:[m[K In function ‘[01m[Kint main(int, char**)[m[K’:
[01m[K/home/nikola/ws_moveit/src/expanda/src/cam_tripod_spawner.cpp:169:33:[m[K [01;31m[Kerror: [m[Kno match for ‘[01m[Koperator=[m[K’ (operand types are ‘[01m[Ktf2::Quaternion[m[K’ and ‘[01m[Ktf::Quaternion[m[K’)
  169 |     quat1 = cone_tf.getRotation([01;31m[K)[m[K;
      |                                 [01;31m[K^[m[K
In file included from [01m[K/opt/ros/noetic/include/tf2/transform_storage.h:36[m[K,
                 from [01m[K/opt/ros/noetic/include/tf2/buffer_core.h:35[m[K,
                 from [01m[K/opt/ros/noetic/include/tf2_ros/buffer_interface.h:35[m[K,
                 from [01m[K/opt/ros/noetic/include/tf2_ros/buffer.h:35[m[K,
                 from [01m[K/home/nikola/ws_moveit/src/moveit/moveit_ros/planning_interface/move_group_interface/include/moveit/move_group_interface/move_group_interface.h:57[m[K,
                 from [01m[K/home/nikola/ws_moveit/src/expanda/src/cam_tripod_spawner.cpp:2[m[K:
[01m[K/opt/ros/noetic/include/tf2/LinearMath/Quaternion.h:30:7:[m[K [01;36m[Knote: [m[Kcandidate: ‘[01m[Kconstexpr tf2::Quaternion& tf2::Quaternion::operator=(const tf2::Quaternion&)[m[K’
   30 | class [01;36m[KQuaternion[m[K : public QuadWord {
      |       [01;36m[K^~~~~~~~~~[m[K
[01m[K/opt/ros/noetic/include/tf2/LinearMath/Quaternion.h:30:7:[m[K [01;36m[Knote: [m[K  no known conversion for argument 1 from ‘[01m[Ktf::Quaternion[m[K’ to ‘[01m[Kconst tf2::Quaternion&[m[K’
[01m[K/opt/ros/noetic/include/tf2/LinearMath/Quaternion.h:30:7:[m[K [01;36m[Knote: [m[Kcandidate: ‘[01m[Kconstexpr tf2::Quaternion& tf2::Quaternion::operator=(tf2::Quaternion&&)[m[K’
[01m[K/opt/ros/noetic/include/tf2/LinearMath/Quaternion.h:30:7:[m[K [01;36m[Knote: [m[K  no known conversion for argument 1 from ‘[01m[Ktf::Quaternion[m[K’ to ‘[01m[Ktf2::Quaternion&&[m[K’
[01m[K/home/nikola/ws_moveit/src/expanda/src/cam_tripod_spawner.cpp:197:34:[m[K [01;31m[Kerror: [m[Kno match for ‘[01m[Koperator=[m[K’ (operand types are ‘[01m[Ktf2::Quaternion[m[K’ and ‘[01m[Ktf::Quaternion[m[K’)
  197 |     quat2 = cone_2tf.getRotation([01;31m[K)[m[K;
      |                                  [01;31m[K^[m[K
In file included from [01m[K/opt/ros/noetic/include/tf2/transform_storage.h:36[m[K,
                 from [01m[K/opt/ros/noetic/include/tf2/buffer_core.h:35[m[K,
                 from [01m[K/opt/ros/noetic/include/tf2_ros/buffer_interface.h:35[m[K,
                 from [01m[K/opt/ros/noetic/include/tf2_ros/buffer.h:35[m[K,
                 from [01m[K/home/nikola/ws_moveit/src/moveit/moveit_ros/planning_interface/move_group_interface/include/moveit/move_group_interface/move_group_interface.h:57[m[K,
                 from [01m[K/home/nikola/ws_moveit/src/expanda/src/cam_tripod_spawner.cpp:2[m[K:
[01m[K/opt/ros/noetic/include/tf2/LinearMath/Quaternion.h:30:7:[m[K [01;36m[Knote: [m[Kcandidate: ‘[01m[Kconstexpr tf2::Quaternion& tf2::Quaternion::operator=(const tf2::Quaternion&)[m[K’
   30 | class [01;36m[KQuaternion[m[K : public QuadWord {
      |       [01;36m[K^~~~~~~~~~[m[K
[01m[K/opt/ros/noetic/include/tf2/LinearMath/Quaternion.h:30:7:[m[K [01;36m[Knote: [m[K  no known conversion for argument 1 from ‘[01m[Ktf::Quaternion[m[K’ to ‘[01m[Kconst tf2::Quaternion&[m[K’
[01m[K/opt/ros/noetic/include/tf2/LinearMath/Quaternion.h:30:7:[m[K [01;36m[Knote: [m[Kcandidate: ‘[01m[Kconstexpr tf2::Quaternion& tf2::Quaternion::operator=(tf2::Quaternion&&)[m[K’
[01m[K/opt/ros/noetic/include/tf2/LinearMath/Quaternion.h:30:7:[m[K [01;36m[Knote: [m[K  no known conversion for argument 1 from ‘[01m[Ktf::Quaternion[m[K’ to ‘[01m[Ktf2::Quaternion&&[m[K’
make[2]: *** [CMakeFiles/cam_tripod_spawner.dir/build.make:63: CMakeFiles/cam_tripod_spawner.dir/src/cam_tripod_spawner.cpp.o] Error 1
make[1]: *** [CMakeFiles/Makefile2:363: CMakeFiles/cam_tripod_spawner.dir/all] Error 2
make: *** [Makefile:141: all] Error 2
