[01m[K/home/nikola/ws_moveit/src/moveit_tutorials/doc/move_group_interface/src/move_group_interface_tutorial.cpp:[m[K In function ‘[01m[Kint main(int, char**)[m[K’:
[01m[K/home/nikola/ws_moveit/src/moveit_tutorials/doc/move_group_interface/src/move_group_interface_tutorial.cpp:324:50:[m[K [01;31m[Kerror: [m[Kno matching function for call to ‘[01m[Kmoveit::planning_interface::MoveGroupInterface::setStartState(geometry_msgs::Pose&)[m[K’
  324 |   move_group_interface.setStartState(target_pose3[01;31m[K)[m[K;
      |                                                  [01;31m[K^[m[K
In file included from [01m[K/home/nikola/ws_moveit/src/moveit_tutorials/doc/move_group_interface/src/move_group_interface_tutorial.cpp:37[m[K:
[01m[K/home/nikola/ws_moveit/src/moveit/moveit_ros/planning_interface/move_group_interface/include/moveit/move_group_interface/move_group_interface.h:316:8:[m[K [01;36m[Knote: [m[Kcandidate: ‘[01m[Kvoid moveit::planning_interface::MoveGroupInterface::setStartState(const RobotState&)[m[K’
  316 |   void [01;36m[KsetStartState[m[K(const moveit_msgs::RobotState& start_state);
      |        [01;36m[K^~~~~~~~~~~~~[m[K
[01m[K/home/nikola/ws_moveit/src/moveit/moveit_ros/planning_interface/move_group_interface/include/moveit/move_group_interface/move_group_interface.h:316:53:[m[K [01;36m[Knote: [m[K  no known conversion for argument 1 from ‘[01m[Kgeometry_msgs::Pose[m[K’ {aka ‘[01m[Kgeometry_msgs::Pose_<std::allocator<void> >[m[K’} to ‘[01m[Kconst RobotState&[m[K’ {aka ‘[01m[Kconst moveit_msgs::RobotState_<std::allocator<void> >&[m[K’}
  316 |   void setStartState([01;36m[Kconst moveit_msgs::RobotState& start_state[m[K);
      |                      [01;36m[K~~~~~~~~~~~~~~~~~~~~~~~~~~~~~~~^~~~~~~~~~~[m[K
[01m[K/home/nikola/ws_moveit/src/moveit/moveit_ros/planning_interface/move_group_interface/include/moveit/move_group_interface/move_group_interface.h:320:8:[m[K [01;36m[Knote: [m[Kcandidate: ‘[01m[Kvoid moveit::planning_interface::MoveGroupInterface::setStartState(const moveit::core::RobotState&)[m[K’
  320 |   void [01;36m[KsetStartState[m[K(const moveit::core::RobotState& start_state);
      |        [01;36m[K^~~~~~~~~~~~~[m[K
[01m[K/home/nikola/ws_moveit/src/moveit/moveit_ros/planning_interface/move_group_interface/include/moveit/move_group_interface/move_group_interface.h:320:54:[m[K [01;36m[Knote: [m[K  no known conversion for argument 1 from ‘[01m[Kgeometry_msgs::Pose[m[K’ {aka ‘[01m[Kgeometry_msgs::Pose_<std::allocator<void> >[m[K’} to ‘[01m[Kconst moveit::core::RobotState&[m[K’
  320 |   void setStartState([01;36m[Kconst moveit::core::RobotState& start_state[m[K);
      |                      [01;36m[K~~~~~~~~~~~~~~~~~~~~~~~~~~~~~~~~^~~~~~~~~~~[m[K
make[2]: *** [doc/move_group_interface/CMakeFiles/move_group_interface_tutorial.dir/build.make:63: doc/move_group_interface/CMakeFiles/move_group_interface_tutorial.dir/src/move_group_interface_tutorial.cpp.o] Error 1
make[1]: *** [CMakeFiles/Makefile2:4280: doc/move_group_interface/CMakeFiles/move_group_interface_tutorial.dir/all] Error 2
make: *** [Makefile:141: all] Error 2
