Linked: (/home/nikola/ws_moveit/devel/.private/aruco_msgs/share/gennodejs/ros/aruco_msgs/_index.js, /home/nikola/ws_moveit/devel/share/gennodejs/ros/aruco_msgs/_index.js)
Linked: (/home/nikola/ws_moveit/devel/.private/aruco_msgs/share/gennodejs/ros/aruco_msgs/msg/MarkerArray.js, /home/nikola/ws_moveit/devel/share/gennodejs/ros/aruco_msgs/msg/MarkerArray.js)
Linked: (/home/nikola/ws_moveit/devel/.private/aruco_msgs/share/gennodejs/ros/aruco_msgs/msg/Marker.js, /home/nikola/ws_moveit/devel/share/gennodejs/ros/aruco_msgs/msg/Marker.js)
Linked: (/home/nikola/ws_moveit/devel/.private/aruco_msgs/share/gennodejs/ros/aruco_msgs/msg/_index.js, /home/nikola/ws_moveit/devel/share/gennodejs/ros/aruco_msgs/msg/_index.js)
Linked: (/home/nikola/ws_moveit/devel/.private/aruco_msgs/share/roseus/ros/aruco_msgs/manifest.l, /home/nikola/ws_moveit/devel/share/roseus/ros/aruco_msgs/manifest.l)
Linked: (/home/nikola/ws_moveit/devel/.private/aruco_msgs/share/roseus/ros/aruco_msgs/msg/Marker.l, /home/nikola/ws_moveit/devel/share/roseus/ros/aruco_msgs/msg/Marker.l)
Linked: (/home/nikola/ws_moveit/devel/.private/aruco_msgs/share/roseus/ros/aruco_msgs/msg/MarkerArray.l, /home/nikola/ws_moveit/devel/share/roseus/ros/aruco_msgs/msg/MarkerArray.l)
Linked: (/home/nikola/ws_moveit/devel/.private/aruco_msgs/share/aruco_msgs/cmake/aruco_msgsConfig.cmake, /home/nikola/ws_moveit/devel/share/aruco_msgs/cmake/aruco_msgsConfig.cmake)
Linked: (/home/nikola/ws_moveit/devel/.private/aruco_msgs/share/aruco_msgs/cmake/aruco_msgsConfig-version.cmake, /home/nikola/ws_moveit/devel/share/aruco_msgs/cmake/aruco_msgsConfig-version.cmake)
Linked: (/home/nikola/ws_moveit/devel/.private/aruco_msgs/share/aruco_msgs/cmake/aruco_msgs-msg-paths.cmake, /home/nikola/ws_moveit/devel/share/aruco_msgs/cmake/aruco_msgs-msg-paths.cmake)
Linked: (/home/nikola/ws_moveit/devel/.private/aruco_msgs/share/aruco_msgs/cmake/aruco_msgs-msg-extras.cmake, /home/nikola/ws_moveit/devel/share/aruco_msgs/cmake/aruco_msgs-msg-extras.cmake)
Linked: (/home/nikola/ws_moveit/devel/.private/aruco_msgs/share/common-lisp/ros/aruco_msgs/msg/_package_Marker.lisp, /home/nikola/ws_moveit/devel/share/common-lisp/ros/aruco_msgs/msg/_package_Marker.lisp)
Linked: (/home/nikola/ws_moveit/devel/.private/aruco_msgs/share/common-lisp/ros/aruco_msgs/msg/Marker.lisp, /home/nikola/ws_moveit/devel/share/common-lisp/ros/aruco_msgs/msg/Marker.lisp)
Linked: (/home/nikola/ws_moveit/devel/.private/aruco_msgs/share/common-lisp/ros/aruco_msgs/msg/_package_MarkerArray.lisp, /home/nikola/ws_moveit/devel/share/common-lisp/ros/aruco_msgs/msg/_package_MarkerArray.lisp)
Linked: (/home/nikola/ws_moveit/devel/.private/aruco_msgs/share/common-lisp/ros/aruco_msgs/msg/_package.lisp, /home/nikola/ws_moveit/devel/share/common-lisp/ros/aruco_msgs/msg/_package.lisp)
Linked: (/home/nikola/ws_moveit/devel/.private/aruco_msgs/share/common-lisp/ros/aruco_msgs/msg/MarkerArray.lisp, /home/nikola/ws_moveit/devel/share/common-lisp/ros/aruco_msgs/msg/MarkerArray.lisp)
Linked: (/home/nikola/ws_moveit/devel/.private/aruco_msgs/share/common-lisp/ros/aruco_msgs/msg/aruco_msgs-msg.asd, /home/nikola/ws_moveit/devel/share/common-lisp/ros/aruco_msgs/msg/aruco_msgs-msg.asd)
Linked: (/home/nikola/ws_moveit/devel/.private/aruco_msgs/include/aruco_msgs/Marker.h, /home/nikola/ws_moveit/devel/include/aruco_msgs/Marker.h)
Linked: (/home/nikola/ws_moveit/devel/.private/aruco_msgs/include/aruco_msgs/MarkerArray.h, /home/nikola/ws_moveit/devel/include/aruco_msgs/MarkerArray.h)
Linked: (/home/nikola/ws_moveit/devel/.private/aruco_msgs/lib/python3/dist-packages/aruco_msgs/__init__.py, /home/nikola/ws_moveit/devel/lib/python3/dist-packages/aruco_msgs/__init__.py)
Linked: (/home/nikola/ws_moveit/devel/.private/aruco_msgs/lib/python3/dist-packages/aruco_msgs/msg/_Marker.py, /home/nikola/ws_moveit/devel/lib/python3/dist-packages/aruco_msgs/msg/_Marker.py)
Linked: (/home/nikola/ws_moveit/devel/.private/aruco_msgs/lib/python3/dist-packages/aruco_msgs/msg/__init__.py, /home/nikola/ws_moveit/devel/lib/python3/dist-packages/aruco_msgs/msg/__init__.py)
Linked: (/home/nikola/ws_moveit/devel/.private/aruco_msgs/lib/python3/dist-packages/aruco_msgs/msg/_MarkerArray.py, /home/nikola/ws_moveit/devel/lib/python3/dist-packages/aruco_msgs/msg/_MarkerArray.py)
Linked: (/home/nikola/ws_moveit/devel/.private/aruco_msgs/lib/pkgconfig/aruco_msgs.pc, /home/nikola/ws_moveit/devel/lib/pkgconfig/aruco_msgs.pc)
