[  0%] Built target tf2_msgs_generate_messages_nodejs
[  5%] Built target aruco_ros_gencfg
[  5%] Built target visualization_msgs_generate_messages_py
[  5%] Built target visualization_msgs_generate_messages_nodejs
[  5%] Built target visualization_msgs_generate_messages_lisp
[  5%] Built target visualization_msgs_generate_messages_eus
[  5%] Built target aruco_msgs_generate_messages_py
[  5%] Built target roscpp_generate_messages_eus
[  5%] Built target aruco_msgs_generate_messages_nodejs
[  5%] Built target aruco_msgs_generate_messages_eus
[  5%] Built target dynamic_reconfigure_gencfg
[  5%] Built target std_msgs_generate_messages_lisp
[  5%] Built target sensor_msgs_generate_messages_cpp
[  5%] Built target geometry_msgs_generate_messages_eus
[  5%] Built target std_msgs_generate_messages_nodejs
[  5%] Built target std_msgs_generate_messages_cpp
[  5%] Built target dynamic_reconfigure_generate_messages_lisp
[  5%] Built target tf2_msgs_generate_messages_cpp
[  5%] Built target tf_generate_messages_cpp
[  5%] Built target geometry_msgs_generate_messages_lisp
[  5%] Built target roscpp_generate_messages_lisp
[  5%] Built target actionlib_generate_messages_lisp
[  5%] Built target roscpp_generate_messages_cpp
[  5%] Built target geometry_msgs_generate_messages_py
[  5%] Built target sensor_msgs_generate_messages_py
[  5%] Built target tf2_msgs_generate_messages_eus
[  5%] Built target sensor_msgs_generate_messages_nodejs
[  5%] Built target visualization_msgs_generate_messages_cpp
[  5%] Built target sensor_msgs_generate_messages_eus
[  5%] Built target sensor_msgs_generate_messages_lisp
[  5%] Built target tf_generate_messages_eus
[  5%] Built target rosgraph_msgs_generate_messages_lisp
[  5%] Built target dynamic_reconfigure_generate_messages_py
[  5%] Built target actionlib_msgs_generate_messages_eus
[  5%] Built target rosgraph_msgs_generate_messages_py
[  5%] Built target std_msgs_generate_messages_py
[  5%] Built target dynamic_reconfigure_generate_messages_cpp
[  5%] Built target tf_generate_messages_lisp
[  5%] Built target geometry_msgs_generate_messages_nodejs
[  5%] Built target geometry_msgs_generate_messages_cpp
[  5%] Built target dynamic_reconfigure_generate_messages_eus
[  5%] Built target tf2_msgs_generate_messages_py
[  5%] Built target dynamic_reconfigure_generate_messages_nodejs
[  5%] Built target roscpp_generate_messages_nodejs
[  5%] Built target roscpp_generate_messages_py
[  5%] Built target rosgraph_msgs_generate_messages_eus
[  5%] Built target rosgraph_msgs_generate_messages_nodejs
[  5%] Built target actionlib_generate_messages_cpp
[  5%] Built target actionlib_msgs_generate_messages_py
[  5%] Built target tf_generate_messages_nodejs
[  5%] Built target aruco_msgs_generate_messages_lisp
[  5%] Built target rosgraph_msgs_generate_messages_cpp
[  5%] Built target actionlib_generate_messages_eus
[  5%] Built target actionlib_msgs_generate_messages_cpp
[  5%] Built target actionlib_generate_messages_py
[  5%] Built target actionlib_generate_messages_nodejs
[  5%] Built target std_msgs_generate_messages_eus
[  5%] Built target tf_generate_messages_py
[  5%] Built target actionlib_msgs_generate_messages_lisp
[  5%] Built target tf2_msgs_generate_messages_lisp
[  5%] Built target actionlib_msgs_generate_messages_nodejs
[  5%] Built target aruco_msgs_generate_messages_cpp
[ 22%] Built target octuple
[ 38%] Built target double
[ 50%] Built target aruco_ros_utils
[ 66%] Built target marker_publisher
[ 83%] Built target single
[100%] Built target quintuple
