[  4%] Built target computer_vision
[  9%] Built target unity
[  9%] Built target _goal_state_publisher_generate_messages_check_deps_MoveGripperMsg
[  9%] Built target std_msgs_generate_messages_nodejs
[  9%] Built target _goal_state_publisher_generate_messages_check_deps_StopGripperMsg
[  9%] Built target _goal_state_publisher_generate_messages_check_deps_GraspMsg
[  9%] Built target object_recognition_msgs_generate_messages_eus
[  9%] Built target trajectory_msgs_generate_messages_lisp
[  9%] Built target shape_msgs_generate_messages_lisp
[  9%] Built target roscpp_generate_messages_py
[  9%] Built target sensor_msgs_generate_messages_nodejs
[  9%] Built target control_msgs_generate_messages_lisp
[  9%] Built target sensor_msgs_generate_messages_cpp
[  9%] Built target actionlib_msgs_generate_messages_nodejs
[  9%] Built target trajectory_msgs_generate_messages_cpp
[  9%] Built target actionlib_msgs_generate_messages_lisp
[  9%] Built target moveit_msgs_generate_messages_nodejs
[  9%] Built target graph_msgs_generate_messages_lisp
[  9%] Built target control_msgs_generate_messages_cpp
[  9%] Built target franka_gripper_generate_messages_eus
[  9%] Built target franka_msgs_generate_messages_eus
[  9%] Built target moveit_msgs_generate_messages_cpp
[  9%] Built target tf_generate_messages_py
[  9%] Built target rosgraph_msgs_generate_messages_nodejs
[  9%] Built target object_recognition_msgs_generate_messages_py
[  9%] Built target rosgraph_msgs_generate_messages_eus
[  9%] Built target moveit_ros_planning_gencfg
[  9%] Built target rosgraph_msgs_generate_messages_cpp
[  9%] Built target trajectory_msgs_generate_messages_py
[  9%] Built target sensor_msgs_generate_messages_lisp
[  9%] Built target tf2_msgs_generate_messages_nodejs
[  9%] Built target trajectory_msgs_generate_messages_eus
[  9%] Built target std_srvs_generate_messages_cpp
[  9%] Built target roscpp_generate_messages_nodejs
[  9%] Built target trajectory_msgs_generate_messages_nodejs
[  9%] Built target franka_gripper_generate_messages_nodejs
[  9%] Built target std_msgs_generate_messages_cpp
[  9%] Built target shape_msgs_generate_messages_nodejs
[  9%] Built target graph_msgs_generate_messages_eus
[  9%] Built target object_recognition_msgs_generate_messages_nodejs
[  9%] Built target actionlib_msgs_generate_messages_eus
[  9%] Built target dynamic_reconfigure_generate_messages_py
[  9%] Built target control_msgs_generate_messages_nodejs
[  9%] Built target std_msgs_generate_messages_eus
[  9%] Built target rosgraph_msgs_generate_messages_lisp
[  9%] Built target tf_generate_messages_eus
[  9%] Built target visualization_msgs_generate_messages_cpp
[  9%] Built target visualization_msgs_generate_messages_py
[  9%] Built target tf2_msgs_generate_messages_eus
[  9%] Built target sensor_msgs_generate_messages_py
[  9%] Built target moveit_msgs_generate_messages_eus
[  9%] Built target geometry_msgs_generate_messages_py
[  9%] Built target roscpp_generate_messages_cpp
[  9%] Built target geometry_msgs_generate_messages_eus
[  9%] Built target actionlib_generate_messages_lisp
[  9%] Built target geometry_msgs_generate_messages_lisp
[  9%] Built target moveit_ros_manipulation_gencfg
[  9%] Built target shape_msgs_generate_messages_eus
[  9%] Built target std_msgs_generate_messages_py
[  9%] Built target object_recognition_msgs_generate_messages_cpp
[  9%] Built target actionlib_msgs_generate_messages_cpp
[  9%] Built target moveit_msgs_generate_messages_py
[  9%] Built target geometry_msgs_generate_messages_cpp
[  9%] Built target octomap_msgs_generate_messages_eus
[  9%] Built target visualization_msgs_generate_messages_eus
[  9%] Built target geometry_msgs_generate_messages_nodejs
[  9%] Built target dynamic_reconfigure_generate_messages_eus
[  9%] Built target visualization_msgs_generate_messages_lisp
[  9%] Built target rosgraph_msgs_generate_messages_py
[  9%] Built target visualization_msgs_generate_messages_nodejs
[  9%] Built target roscpp_generate_messages_eus
[  9%] Built target std_msgs_generate_messages_lisp
[  9%] Built target octomap_msgs_generate_messages_cpp
[  9%] Built target franka_msgs_generate_messages_lisp
[  9%] Built target franka_msgs_generate_messages_py
[  9%] Built target actionlib_generate_messages_eus
[  9%] Built target octomap_msgs_generate_messages_nodejs
[  9%] Built target octomap_msgs_generate_messages_py
[  9%] Built target tf2_msgs_generate_messages_cpp
[  9%] Built target tf2_msgs_generate_messages_lisp
[  9%] Built target tf2_msgs_generate_messages_py
[  9%] Built target dynamic_reconfigure_generate_messages_nodejs
[  9%] Built target graph_msgs_generate_messages_cpp
[ 19%] Built target goal_state_publisher_generate_messages_py
[ 19%] Built target actionlib_generate_messages_cpp
[ 19%] Built target std_srvs_generate_messages_py
[ 19%] Built target actionlib_generate_messages_nodejs
[ 19%] Built target actionlib_generate_messages_py
[ 19%] Built target dynamic_reconfigure_gencfg
[ 19%] Built target dynamic_reconfigure_generate_messages_cpp
[ 19%] Built target tf_generate_messages_cpp
[ 19%] Built target control_msgs_generate_messages_eus
[ 19%] Built target shape_msgs_generate_messages_py
[ 19%] Built target std_srvs_generate_messages_eus
[ 19%] Built target tf_generate_messages_nodejs
[ 19%] Built target tf_generate_messages_lisp
[ 19%] Built target std_srvs_generate_messages_nodejs
[ 19%] Built target graph_msgs_generate_messages_nodejs
[ 19%] Built target octomap_msgs_generate_messages_lisp
[ 19%] Built target graph_msgs_generate_messages_py
[ 19%] Built target franka_gripper_generate_messages_cpp
[ 19%] Built target franka_msgs_generate_messages_nodejs
[ 19%] Built target franka_gripper_generate_messages_py
[ 19%] Built target dynamic_reconfigure_generate_messages_lisp
[ 19%] Built target control_msgs_generate_messages_py
[ 19%] Built target moveit_msgs_generate_messages_lisp
[ 19%] Built target actionlib_msgs_generate_messages_py
[ 19%] Built target franka_msgs_generate_messages_cpp
[ 19%] Built target sensor_msgs_generate_messages_eus
[ 26%] Built target goal_state_publisher_generate_messages_cpp
[ 26%] Built target shape_msgs_generate_messages_cpp
[ 26%] Built target franka_gripper_generate_messages_lisp
[ 26%] Built target roscpp_generate_messages_lisp
[ 26%] Built target std_srvs_generate_messages_lisp
[ 33%] Built target goal_state_publisher_generate_messages_lisp
[ 33%] Built target object_recognition_msgs_generate_messages_lisp
[ 42%] Built target scratch
[ 54%] Built target subscriber
[ 61%] Built target moveit_cpp_test2
[ 69%] Built target goal_state_publisher_generate_messages_nodejs
[ 76%] Built target utility
[ 85%] Built target goal_state_publisher_generate_messages_eus
[ 92%] Built target gripper_functions
[ 92%] Built target goal_state_publisher_generate_messages
[100%] Built target command_publisher
