Linked: (/home/nikola/ws_moveit/devel/.private/goal_state_publisher/share/gennodejs/ros/goal_state_publisher/_index.js, /home/nikola/ws_moveit/devel/share/gennodejs/ros/goal_state_publisher/_index.js)
Linked: (/home/nikola/ws_moveit/devel/.private/goal_state_publisher/share/gennodejs/ros/goal_state_publisher/msg/GraspMsg.js, /home/nikola/ws_moveit/devel/share/gennodejs/ros/goal_state_publisher/msg/GraspMsg.js)
Linked: (/home/nikola/ws_moveit/devel/.private/goal_state_publisher/share/gennodejs/ros/goal_state_publisher/msg/StopGripperMsg.js, /home/nikola/ws_moveit/devel/share/gennodejs/ros/goal_state_publisher/msg/StopGripperMsg.js)
Linked: (/home/nikola/ws_moveit/devel/.private/goal_state_publisher/share/gennodejs/ros/goal_state_publisher/msg/MoveGripperMsg.js, /home/nikola/ws_moveit/devel/share/gennodejs/ros/goal_state_publisher/msg/MoveGripperMsg.js)
Linked: (/home/nikola/ws_moveit/devel/.private/goal_state_publisher/share/gennodejs/ros/goal_state_publisher/msg/_index.js, /home/nikola/ws_moveit/devel/share/gennodejs/ros/goal_state_publisher/msg/_index.js)
Linked: (/home/nikola/ws_moveit/devel/.private/goal_state_publisher/share/roseus/ros/goal_state_publisher/manifest.l, /home/nikola/ws_moveit/devel/share/roseus/ros/goal_state_publisher/manifest.l)
Linked: (/home/nikola/ws_moveit/devel/.private/goal_state_publisher/share/roseus/ros/goal_state_publisher/msg/MoveGripperMsg.l, /home/nikola/ws_moveit/devel/share/roseus/ros/goal_state_publisher/msg/MoveGripperMsg.l)
Linked: (/home/nikola/ws_moveit/devel/.private/goal_state_publisher/share/roseus/ros/goal_state_publisher/msg/GraspMsg.l, /home/nikola/ws_moveit/devel/share/roseus/ros/goal_state_publisher/msg/GraspMsg.l)
Linked: (/home/nikola/ws_moveit/devel/.private/goal_state_publisher/share/roseus/ros/goal_state_publisher/msg/StopGripperMsg.l, /home/nikola/ws_moveit/devel/share/roseus/ros/goal_state_publisher/msg/StopGripperMsg.l)
Linked: (/home/nikola/ws_moveit/devel/.private/goal_state_publisher/share/goal_state_publisher/cmake/goal_state_publisherConfig-version.cmake, /home/nikola/ws_moveit/devel/share/goal_state_publisher/cmake/goal_state_publisherConfig-version.cmake)
Linked: (/home/nikola/ws_moveit/devel/.private/goal_state_publisher/share/goal_state_publisher/cmake/goal_state_publisherConfig.cmake, /home/nikola/ws_moveit/devel/share/goal_state_publisher/cmake/goal_state_publisherConfig.cmake)
Linked: (/home/nikola/ws_moveit/devel/.private/goal_state_publisher/share/goal_state_publisher/cmake/goal_state_publisher-msg-paths.cmake, /home/nikola/ws_moveit/devel/share/goal_state_publisher/cmake/goal_state_publisher-msg-paths.cmake)
Linked: (/home/nikola/ws_moveit/devel/.private/goal_state_publisher/share/goal_state_publisher/cmake/goal_state_publisher-msg-extras.cmake, /home/nikola/ws_moveit/devel/share/goal_state_publisher/cmake/goal_state_publisher-msg-extras.cmake)
Linked: (/home/nikola/ws_moveit/devel/.private/goal_state_publisher/share/common-lisp/ros/goal_state_publisher/msg/StopGripperMsg.lisp, /home/nikola/ws_moveit/devel/share/common-lisp/ros/goal_state_publisher/msg/StopGripperMsg.lisp)
Linked: (/home/nikola/ws_moveit/devel/.private/goal_state_publisher/share/common-lisp/ros/goal_state_publisher/msg/goal_state_publisher-msg.asd, /home/nikola/ws_moveit/devel/share/common-lisp/ros/goal_state_publisher/msg/goal_state_publisher-msg.asd)
Linked: (/home/nikola/ws_moveit/devel/.private/goal_state_publisher/share/common-lisp/ros/goal_state_publisher/msg/_package.lisp, /home/nikola/ws_moveit/devel/share/common-lisp/ros/goal_state_publisher/msg/_package.lisp)
Linked: (/home/nikola/ws_moveit/devel/.private/goal_state_publisher/share/common-lisp/ros/goal_state_publisher/msg/_package_MoveGripperMsg.lisp, /home/nikola/ws_moveit/devel/share/common-lisp/ros/goal_state_publisher/msg/_package_MoveGripperMsg.lisp)
Linked: (/home/nikola/ws_moveit/devel/.private/goal_state_publisher/share/common-lisp/ros/goal_state_publisher/msg/_package_GraspMsg.lisp, /home/nikola/ws_moveit/devel/share/common-lisp/ros/goal_state_publisher/msg/_package_GraspMsg.lisp)
Linked: (/home/nikola/ws_moveit/devel/.private/goal_state_publisher/share/common-lisp/ros/goal_state_publisher/msg/MoveGripperMsg.lisp, /home/nikola/ws_moveit/devel/share/common-lisp/ros/goal_state_publisher/msg/MoveGripperMsg.lisp)
Linked: (/home/nikola/ws_moveit/devel/.private/goal_state_publisher/share/common-lisp/ros/goal_state_publisher/msg/_package_StopGripperMsg.lisp, /home/nikola/ws_moveit/devel/share/common-lisp/ros/goal_state_publisher/msg/_package_StopGripperMsg.lisp)
Linked: (/home/nikola/ws_moveit/devel/.private/goal_state_publisher/share/common-lisp/ros/goal_state_publisher/msg/GraspMsg.lisp, /home/nikola/ws_moveit/devel/share/common-lisp/ros/goal_state_publisher/msg/GraspMsg.lisp)
Linked: (/home/nikola/ws_moveit/devel/.private/goal_state_publisher/include/goal_state_publisher/GraspMsg.h, /home/nikola/ws_moveit/devel/include/goal_state_publisher/GraspMsg.h)
Linked: (/home/nikola/ws_moveit/devel/.private/goal_state_publisher/include/goal_state_publisher/StopGripperMsg.h, /home/nikola/ws_moveit/devel/include/goal_state_publisher/StopGripperMsg.h)
Linked: (/home/nikola/ws_moveit/devel/.private/goal_state_publisher/include/goal_state_publisher/MoveGripperMsg.h, /home/nikola/ws_moveit/devel/include/goal_state_publisher/MoveGripperMsg.h)
Linked: (/home/nikola/ws_moveit/devel/.private/goal_state_publisher/lib/libutility.so, /home/nikola/ws_moveit/devel/lib/libutility.so)
Linked: (/home/nikola/ws_moveit/devel/.private/goal_state_publisher/lib/libgripper_functions.so, /home/nikola/ws_moveit/devel/lib/libgripper_functions.so)
Linked: (/home/nikola/ws_moveit/devel/.private/goal_state_publisher/lib/goal_state_publisher/command_publisher, /home/nikola/ws_moveit/devel/lib/goal_state_publisher/command_publisher)
Linked: (/home/nikola/ws_moveit/devel/.private/goal_state_publisher/lib/goal_state_publisher/computer_vision, /home/nikola/ws_moveit/devel/lib/goal_state_publisher/computer_vision)
Linked: (/home/nikola/ws_moveit/devel/.private/goal_state_publisher/lib/goal_state_publisher/scratch, /home/nikola/ws_moveit/devel/lib/goal_state_publisher/scratch)
Linked: (/home/nikola/ws_moveit/devel/.private/goal_state_publisher/lib/goal_state_publisher/unity, /home/nikola/ws_moveit/devel/lib/goal_state_publisher/unity)
Linked: (/home/nikola/ws_moveit/devel/.private/goal_state_publisher/lib/goal_state_publisher/moveit_cpp_test2, /home/nikola/ws_moveit/devel/lib/goal_state_publisher/moveit_cpp_test2)
Linked: (/home/nikola/ws_moveit/devel/.private/goal_state_publisher/lib/goal_state_publisher/subscriber, /home/nikola/ws_moveit/devel/lib/goal_state_publisher/subscriber)
Linked: (/home/nikola/ws_moveit/devel/.private/goal_state_publisher/lib/python3/dist-packages/goal_state_publisher/__init__.py, /home/nikola/ws_moveit/devel/lib/python3/dist-packages/goal_state_publisher/__init__.py)
Linked: (/home/nikola/ws_moveit/devel/.private/goal_state_publisher/lib/python3/dist-packages/goal_state_publisher/msg/__init__.py, /home/nikola/ws_moveit/devel/lib/python3/dist-packages/goal_state_publisher/msg/__init__.py)
Linked: (/home/nikola/ws_moveit/devel/.private/goal_state_publisher/lib/python3/dist-packages/goal_state_publisher/msg/_StopGripperMsg.py, /home/nikola/ws_moveit/devel/lib/python3/dist-packages/goal_state_publisher/msg/_StopGripperMsg.py)
Linked: (/home/nikola/ws_moveit/devel/.private/goal_state_publisher/lib/python3/dist-packages/goal_state_publisher/msg/_MoveGripperMsg.py, /home/nikola/ws_moveit/devel/lib/python3/dist-packages/goal_state_publisher/msg/_MoveGripperMsg.py)
Linked: (/home/nikola/ws_moveit/devel/.private/goal_state_publisher/lib/python3/dist-packages/goal_state_publisher/msg/_GraspMsg.py, /home/nikola/ws_moveit/devel/lib/python3/dist-packages/goal_state_publisher/msg/_GraspMsg.py)
Linked: (/home/nikola/ws_moveit/devel/.private/goal_state_publisher/lib/pkgconfig/goal_state_publisher.pc, /home/nikola/ws_moveit/devel/lib/pkgconfig/goal_state_publisher.pc)
