Linked: (/home/nikola/ws_moveit/devel/.private/moveit_task_constructor_msgs/share/gennodejs/ros/moveit_task_constructor_msgs/_index.js, /home/nikola/ws_moveit/devel/share/gennodejs/ros/moveit_task_constructor_msgs/_index.js)
Linked: (/home/nikola/ws_moveit/devel/.private/moveit_task_constructor_msgs/share/gennodejs/ros/moveit_task_constructor_msgs/msg/TaskStatistics.js, /home/nikola/ws_moveit/devel/share/gennodejs/ros/moveit_task_constructor_msgs/msg/TaskStatistics.js)
Linked: (/home/nikola/ws_moveit/devel/.private/moveit_task_constructor_msgs/share/gennodejs/ros/moveit_task_constructor_msgs/msg/SolutionInfo.js, /home/nikola/ws_moveit/devel/share/gennodejs/ros/moveit_task_constructor_msgs/msg/SolutionInfo.js)
Linked: (/home/nikola/ws_moveit/devel/.private/moveit_task_constructor_msgs/share/gennodejs/ros/moveit_task_constructor_msgs/msg/ExecuteTaskSolutionFeedback.js, /home/nikola/ws_moveit/devel/share/gennodejs/ros/moveit_task_constructor_msgs/msg/ExecuteTaskSolutionFeedback.js)
Linked: (/home/nikola/ws_moveit/devel/.private/moveit_task_constructor_msgs/share/gennodejs/ros/moveit_task_constructor_msgs/msg/StageDescription.js, /home/nikola/ws_moveit/devel/share/gennodejs/ros/moveit_task_constructor_msgs/msg/StageDescription.js)
Linked: (/home/nikola/ws_moveit/devel/.private/moveit_task_constructor_msgs/share/gennodejs/ros/moveit_task_constructor_msgs/msg/ExecuteTaskSolutionActionResult.js, /home/nikola/ws_moveit/devel/share/gennodejs/ros/moveit_task_constructor_msgs/msg/ExecuteTaskSolutionActionResult.js)
Linked: (/home/nikola/ws_moveit/devel/.private/moveit_task_constructor_msgs/share/gennodejs/ros/moveit_task_constructor_msgs/msg/StageStatistics.js, /home/nikola/ws_moveit/devel/share/gennodejs/ros/moveit_task_constructor_msgs/msg/StageStatistics.js)
Linked: (/home/nikola/ws_moveit/devel/.private/moveit_task_constructor_msgs/share/gennodejs/ros/moveit_task_constructor_msgs/msg/ExecuteTaskSolutionGoal.js, /home/nikola/ws_moveit/devel/share/gennodejs/ros/moveit_task_constructor_msgs/msg/ExecuteTaskSolutionGoal.js)
Linked: (/home/nikola/ws_moveit/devel/.private/moveit_task_constructor_msgs/share/gennodejs/ros/moveit_task_constructor_msgs/msg/ExecuteTaskSolutionAction.js, /home/nikola/ws_moveit/devel/share/gennodejs/ros/moveit_task_constructor_msgs/msg/ExecuteTaskSolutionAction.js)
Linked: (/home/nikola/ws_moveit/devel/.private/moveit_task_constructor_msgs/share/gennodejs/ros/moveit_task_constructor_msgs/msg/Solution.js, /home/nikola/ws_moveit/devel/share/gennodejs/ros/moveit_task_constructor_msgs/msg/Solution.js)
Linked: (/home/nikola/ws_moveit/devel/.private/moveit_task_constructor_msgs/share/gennodejs/ros/moveit_task_constructor_msgs/msg/TaskDescription.js, /home/nikola/ws_moveit/devel/share/gennodejs/ros/moveit_task_constructor_msgs/msg/TaskDescription.js)
Linked: (/home/nikola/ws_moveit/devel/.private/moveit_task_constructor_msgs/share/gennodejs/ros/moveit_task_constructor_msgs/msg/Property.js, /home/nikola/ws_moveit/devel/share/gennodejs/ros/moveit_task_constructor_msgs/msg/Property.js)
Linked: (/home/nikola/ws_moveit/devel/.private/moveit_task_constructor_msgs/share/gennodejs/ros/moveit_task_constructor_msgs/msg/_index.js, /home/nikola/ws_moveit/devel/share/gennodejs/ros/moveit_task_constructor_msgs/msg/_index.js)
Linked: (/home/nikola/ws_moveit/devel/.private/moveit_task_constructor_msgs/share/gennodejs/ros/moveit_task_constructor_msgs/msg/SubSolution.js, /home/nikola/ws_moveit/devel/share/gennodejs/ros/moveit_task_constructor_msgs/msg/SubSolution.js)
Linked: (/home/nikola/ws_moveit/devel/.private/moveit_task_constructor_msgs/share/gennodejs/ros/moveit_task_constructor_msgs/msg/ExecuteTaskSolutionActionFeedback.js, /home/nikola/ws_moveit/devel/share/gennodejs/ros/moveit_task_constructor_msgs/msg/ExecuteTaskSolutionActionFeedback.js)
Linked: (/home/nikola/ws_moveit/devel/.private/moveit_task_constructor_msgs/share/gennodejs/ros/moveit_task_constructor_msgs/msg/SubTrajectory.js, /home/nikola/ws_moveit/devel/share/gennodejs/ros/moveit_task_constructor_msgs/msg/SubTrajectory.js)
Linked: (/home/nikola/ws_moveit/devel/.private/moveit_task_constructor_msgs/share/gennodejs/ros/moveit_task_constructor_msgs/msg/ExecuteTaskSolutionResult.js, /home/nikola/ws_moveit/devel/share/gennodejs/ros/moveit_task_constructor_msgs/msg/ExecuteTaskSolutionResult.js)
Linked: (/home/nikola/ws_moveit/devel/.private/moveit_task_constructor_msgs/share/gennodejs/ros/moveit_task_constructor_msgs/msg/ExecuteTaskSolutionActionGoal.js, /home/nikola/ws_moveit/devel/share/gennodejs/ros/moveit_task_constructor_msgs/msg/ExecuteTaskSolutionActionGoal.js)
Linked: (/home/nikola/ws_moveit/devel/.private/moveit_task_constructor_msgs/share/gennodejs/ros/moveit_task_constructor_msgs/srv/GetSolution.js, /home/nikola/ws_moveit/devel/share/gennodejs/ros/moveit_task_constructor_msgs/srv/GetSolution.js)
Linked: (/home/nikola/ws_moveit/devel/.private/moveit_task_constructor_msgs/share/gennodejs/ros/moveit_task_constructor_msgs/srv/_index.js, /home/nikola/ws_moveit/devel/share/gennodejs/ros/moveit_task_constructor_msgs/srv/_index.js)
Linked: (/home/nikola/ws_moveit/devel/.private/moveit_task_constructor_msgs/share/roseus/ros/moveit_task_constructor_msgs/manifest.l, /home/nikola/ws_moveit/devel/share/roseus/ros/moveit_task_constructor_msgs/manifest.l)
Linked: (/home/nikola/ws_moveit/devel/.private/moveit_task_constructor_msgs/share/roseus/ros/moveit_task_constructor_msgs/msg/ExecuteTaskSolutionActionFeedback.l, /home/nikola/ws_moveit/devel/share/roseus/ros/moveit_task_constructor_msgs/msg/ExecuteTaskSolutionActionFeedback.l)
Linked: (/home/nikola/ws_moveit/devel/.private/moveit_task_constructor_msgs/share/roseus/ros/moveit_task_constructor_msgs/msg/ExecuteTaskSolutionActionResult.l, /home/nikola/ws_moveit/devel/share/roseus/ros/moveit_task_constructor_msgs/msg/ExecuteTaskSolutionActionResult.l)
Linked: (/home/nikola/ws_moveit/devel/.private/moveit_task_constructor_msgs/share/roseus/ros/moveit_task_constructor_msgs/msg/TaskDescription.l, /home/nikola/ws_moveit/devel/share/roseus/ros/moveit_task_constructor_msgs/msg/TaskDescription.l)
Linked: (/home/nikola/ws_moveit/devel/.private/moveit_task_constructor_msgs/share/roseus/ros/moveit_task_constructor_msgs/msg/ExecuteTaskSolutionActionGoal.l, /home/nikola/ws_moveit/devel/share/roseus/ros/moveit_task_constructor_msgs/msg/ExecuteTaskSolutionActionGoal.l)
Linked: (/home/nikola/ws_moveit/devel/.private/moveit_task_constructor_msgs/share/roseus/ros/moveit_task_constructor_msgs/msg/ExecuteTaskSolutionFeedback.l, /home/nikola/ws_moveit/devel/share/roseus/ros/moveit_task_constructor_msgs/msg/ExecuteTaskSolutionFeedback.l)
Linked: (/home/nikola/ws_moveit/devel/.private/moveit_task_constructor_msgs/share/roseus/ros/moveit_task_constructor_msgs/msg/TaskStatistics.l, /home/nikola/ws_moveit/devel/share/roseus/ros/moveit_task_constructor_msgs/msg/TaskStatistics.l)
Linked: (/home/nikola/ws_moveit/devel/.private/moveit_task_constructor_msgs/share/roseus/ros/moveit_task_constructor_msgs/msg/SubTrajectory.l, /home/nikola/ws_moveit/devel/share/roseus/ros/moveit_task_constructor_msgs/msg/SubTrajectory.l)
Linked: (/home/nikola/ws_moveit/devel/.private/moveit_task_constructor_msgs/share/roseus/ros/moveit_task_constructor_msgs/msg/SubSolution.l, /home/nikola/ws_moveit/devel/share/roseus/ros/moveit_task_constructor_msgs/msg/SubSolution.l)
Linked: (/home/nikola/ws_moveit/devel/.private/moveit_task_constructor_msgs/share/roseus/ros/moveit_task_constructor_msgs/msg/StageStatistics.l, /home/nikola/ws_moveit/devel/share/roseus/ros/moveit_task_constructor_msgs/msg/StageStatistics.l)
Linked: (/home/nikola/ws_moveit/devel/.private/moveit_task_constructor_msgs/share/roseus/ros/moveit_task_constructor_msgs/msg/ExecuteTaskSolutionResult.l, /home/nikola/ws_moveit/devel/share/roseus/ros/moveit_task_constructor_msgs/msg/ExecuteTaskSolutionResult.l)
Linked: (/home/nikola/ws_moveit/devel/.private/moveit_task_constructor_msgs/share/roseus/ros/moveit_task_constructor_msgs/msg/Property.l, /home/nikola/ws_moveit/devel/share/roseus/ros/moveit_task_constructor_msgs/msg/Property.l)
Linked: (/home/nikola/ws_moveit/devel/.private/moveit_task_constructor_msgs/share/roseus/ros/moveit_task_constructor_msgs/msg/ExecuteTaskSolutionAction.l, /home/nikola/ws_moveit/devel/share/roseus/ros/moveit_task_constructor_msgs/msg/ExecuteTaskSolutionAction.l)
Linked: (/home/nikola/ws_moveit/devel/.private/moveit_task_constructor_msgs/share/roseus/ros/moveit_task_constructor_msgs/msg/Solution.l, /home/nikola/ws_moveit/devel/share/roseus/ros/moveit_task_constructor_msgs/msg/Solution.l)
Linked: (/home/nikola/ws_moveit/devel/.private/moveit_task_constructor_msgs/share/roseus/ros/moveit_task_constructor_msgs/msg/StageDescription.l, /home/nikola/ws_moveit/devel/share/roseus/ros/moveit_task_constructor_msgs/msg/StageDescription.l)
Linked: (/home/nikola/ws_moveit/devel/.private/moveit_task_constructor_msgs/share/roseus/ros/moveit_task_constructor_msgs/msg/ExecuteTaskSolutionGoal.l, /home/nikola/ws_moveit/devel/share/roseus/ros/moveit_task_constructor_msgs/msg/ExecuteTaskSolutionGoal.l)
Linked: (/home/nikola/ws_moveit/devel/.private/moveit_task_constructor_msgs/share/roseus/ros/moveit_task_constructor_msgs/msg/SolutionInfo.l, /home/nikola/ws_moveit/devel/share/roseus/ros/moveit_task_constructor_msgs/msg/SolutionInfo.l)
Linked: (/home/nikola/ws_moveit/devel/.private/moveit_task_constructor_msgs/share/roseus/ros/moveit_task_constructor_msgs/srv/GetSolution.l, /home/nikola/ws_moveit/devel/share/roseus/ros/moveit_task_constructor_msgs/srv/GetSolution.l)
Linked: (/home/nikola/ws_moveit/devel/.private/moveit_task_constructor_msgs/share/moveit_task_constructor_msgs/cmake/moveit_task_constructor_msgsConfig-version.cmake, /home/nikola/ws_moveit/devel/share/moveit_task_constructor_msgs/cmake/moveit_task_constructor_msgsConfig-version.cmake)
Linked: (/home/nikola/ws_moveit/devel/.private/moveit_task_constructor_msgs/share/moveit_task_constructor_msgs/cmake/moveit_task_constructor_msgsConfig.cmake, /home/nikola/ws_moveit/devel/share/moveit_task_constructor_msgs/cmake/moveit_task_constructor_msgsConfig.cmake)
Linked: (/home/nikola/ws_moveit/devel/.private/moveit_task_constructor_msgs/share/moveit_task_constructor_msgs/cmake/moveit_task_constructor_msgs-msg-extras.cmake, /home/nikola/ws_moveit/devel/share/moveit_task_constructor_msgs/cmake/moveit_task_constructor_msgs-msg-extras.cmake)
Linked: (/home/nikola/ws_moveit/devel/.private/moveit_task_constructor_msgs/share/moveit_task_constructor_msgs/cmake/moveit_task_constructor_msgs-msg-paths.cmake, /home/nikola/ws_moveit/devel/share/moveit_task_constructor_msgs/cmake/moveit_task_constructor_msgs-msg-paths.cmake)
Linked: (/home/nikola/ws_moveit/devel/.private/moveit_task_constructor_msgs/share/moveit_task_constructor_msgs/msg/ExecuteTaskSolutionActionResult.msg, /home/nikola/ws_moveit/devel/share/moveit_task_constructor_msgs/msg/ExecuteTaskSolutionActionResult.msg)
Linked: (/home/nikola/ws_moveit/devel/.private/moveit_task_constructor_msgs/share/moveit_task_constructor_msgs/msg/ExecuteTaskSolutionActionFeedback.msg, /home/nikola/ws_moveit/devel/share/moveit_task_constructor_msgs/msg/ExecuteTaskSolutionActionFeedback.msg)
Linked: (/home/nikola/ws_moveit/devel/.private/moveit_task_constructor_msgs/share/moveit_task_constructor_msgs/msg/ExecuteTaskSolutionActionGoal.msg, /home/nikola/ws_moveit/devel/share/moveit_task_constructor_msgs/msg/ExecuteTaskSolutionActionGoal.msg)
Linked: (/home/nikola/ws_moveit/devel/.private/moveit_task_constructor_msgs/share/moveit_task_constructor_msgs/msg/ExecuteTaskSolutionFeedback.msg, /home/nikola/ws_moveit/devel/share/moveit_task_constructor_msgs/msg/ExecuteTaskSolutionFeedback.msg)
Linked: (/home/nikola/ws_moveit/devel/.private/moveit_task_constructor_msgs/share/moveit_task_constructor_msgs/msg/ExecuteTaskSolutionGoal.msg, /home/nikola/ws_moveit/devel/share/moveit_task_constructor_msgs/msg/ExecuteTaskSolutionGoal.msg)
Linked: (/home/nikola/ws_moveit/devel/.private/moveit_task_constructor_msgs/share/moveit_task_constructor_msgs/msg/ExecuteTaskSolutionAction.msg, /home/nikola/ws_moveit/devel/share/moveit_task_constructor_msgs/msg/ExecuteTaskSolutionAction.msg)
Linked: (/home/nikola/ws_moveit/devel/.private/moveit_task_constructor_msgs/share/moveit_task_constructor_msgs/msg/ExecuteTaskSolutionResult.msg, /home/nikola/ws_moveit/devel/share/moveit_task_constructor_msgs/msg/ExecuteTaskSolutionResult.msg)
Linked: (/home/nikola/ws_moveit/devel/.private/moveit_task_constructor_msgs/share/common-lisp/ros/moveit_task_constructor_msgs/msg/Property.lisp, /home/nikola/ws_moveit/devel/share/common-lisp/ros/moveit_task_constructor_msgs/msg/Property.lisp)
Linked: (/home/nikola/ws_moveit/devel/.private/moveit_task_constructor_msgs/share/common-lisp/ros/moveit_task_constructor_msgs/msg/_package_TaskStatistics.lisp, /home/nikola/ws_moveit/devel/share/common-lisp/ros/moveit_task_constructor_msgs/msg/_package_TaskStatistics.lisp)
Linked: (/home/nikola/ws_moveit/devel/.private/moveit_task_constructor_msgs/share/common-lisp/ros/moveit_task_constructor_msgs/msg/StageDescription.lisp, /home/nikola/ws_moveit/devel/share/common-lisp/ros/moveit_task_constructor_msgs/msg/StageDescription.lisp)
Linked: (/home/nikola/ws_moveit/devel/.private/moveit_task_constructor_msgs/share/common-lisp/ros/moveit_task_constructor_msgs/msg/_package_ExecuteTaskSolutionActionGoal.lisp, /home/nikola/ws_moveit/devel/share/common-lisp/ros/moveit_task_constructor_msgs/msg/_package_ExecuteTaskSolutionActionGoal.lisp)
Linked: (/home/nikola/ws_moveit/devel/.private/moveit_task_constructor_msgs/share/common-lisp/ros/moveit_task_constructor_msgs/msg/_package_ExecuteTaskSolutionGoal.lisp, /home/nikola/ws_moveit/devel/share/common-lisp/ros/moveit_task_constructor_msgs/msg/_package_ExecuteTaskSolutionGoal.lisp)
Linked: (/home/nikola/ws_moveit/devel/.private/moveit_task_constructor_msgs/share/common-lisp/ros/moveit_task_constructor_msgs/msg/ExecuteTaskSolutionFeedback.lisp, /home/nikola/ws_moveit/devel/share/common-lisp/ros/moveit_task_constructor_msgs/msg/ExecuteTaskSolutionFeedback.lisp)
Linked: (/home/nikola/ws_moveit/devel/.private/moveit_task_constructor_msgs/share/common-lisp/ros/moveit_task_constructor_msgs/msg/_package_TaskDescription.lisp, /home/nikola/ws_moveit/devel/share/common-lisp/ros/moveit_task_constructor_msgs/msg/_package_TaskDescription.lisp)
Linked: (/home/nikola/ws_moveit/devel/.private/moveit_task_constructor_msgs/share/common-lisp/ros/moveit_task_constructor_msgs/msg/_package_ExecuteTaskSolutionAction.lisp, /home/nikola/ws_moveit/devel/share/common-lisp/ros/moveit_task_constructor_msgs/msg/_package_ExecuteTaskSolutionAction.lisp)
Linked: (/home/nikola/ws_moveit/devel/.private/moveit_task_constructor_msgs/share/common-lisp/ros/moveit_task_constructor_msgs/msg/Solution.lisp, /home/nikola/ws_moveit/devel/share/common-lisp/ros/moveit_task_constructor_msgs/msg/Solution.lisp)
Linked: (/home/nikola/ws_moveit/devel/.private/moveit_task_constructor_msgs/share/common-lisp/ros/moveit_task_constructor_msgs/msg/TaskDescription.lisp, /home/nikola/ws_moveit/devel/share/common-lisp/ros/moveit_task_constructor_msgs/msg/TaskDescription.lisp)
Linked: (/home/nikola/ws_moveit/devel/.private/moveit_task_constructor_msgs/share/common-lisp/ros/moveit_task_constructor_msgs/msg/_package_StageStatistics.lisp, /home/nikola/ws_moveit/devel/share/common-lisp/ros/moveit_task_constructor_msgs/msg/_package_StageStatistics.lisp)
Linked: (/home/nikola/ws_moveit/devel/.private/moveit_task_constructor_msgs/share/common-lisp/ros/moveit_task_constructor_msgs/msg/_package_Solution.lisp, /home/nikola/ws_moveit/devel/share/common-lisp/ros/moveit_task_constructor_msgs/msg/_package_Solution.lisp)
Linked: (/home/nikola/ws_moveit/devel/.private/moveit_task_constructor_msgs/share/common-lisp/ros/moveit_task_constructor_msgs/msg/_package.lisp, /home/nikola/ws_moveit/devel/share/common-lisp/ros/moveit_task_constructor_msgs/msg/_package.lisp)
Linked: (/home/nikola/ws_moveit/devel/.private/moveit_task_constructor_msgs/share/common-lisp/ros/moveit_task_constructor_msgs/msg/ExecuteTaskSolutionActionGoal.lisp, /home/nikola/ws_moveit/devel/share/common-lisp/ros/moveit_task_constructor_msgs/msg/ExecuteTaskSolutionActionGoal.lisp)
Linked: (/home/nikola/ws_moveit/devel/.private/moveit_task_constructor_msgs/share/common-lisp/ros/moveit_task_constructor_msgs/msg/_package_StageDescription.lisp, /home/nikola/ws_moveit/devel/share/common-lisp/ros/moveit_task_constructor_msgs/msg/_package_StageDescription.lisp)
Linked: (/home/nikola/ws_moveit/devel/.private/moveit_task_constructor_msgs/share/common-lisp/ros/moveit_task_constructor_msgs/msg/SolutionInfo.lisp, /home/nikola/ws_moveit/devel/share/common-lisp/ros/moveit_task_constructor_msgs/msg/SolutionInfo.lisp)
Linked: (/home/nikola/ws_moveit/devel/.private/moveit_task_constructor_msgs/share/common-lisp/ros/moveit_task_constructor_msgs/msg/ExecuteTaskSolutionActionResult.lisp, /home/nikola/ws_moveit/devel/share/common-lisp/ros/moveit_task_constructor_msgs/msg/ExecuteTaskSolutionActionResult.lisp)
Linked: (/home/nikola/ws_moveit/devel/.private/moveit_task_constructor_msgs/share/common-lisp/ros/moveit_task_constructor_msgs/msg/ExecuteTaskSolutionGoal.lisp, /home/nikola/ws_moveit/devel/share/common-lisp/ros/moveit_task_constructor_msgs/msg/ExecuteTaskSolutionGoal.lisp)
Linked: (/home/nikola/ws_moveit/devel/.private/moveit_task_constructor_msgs/share/common-lisp/ros/moveit_task_constructor_msgs/msg/_package_SubSolution.lisp, /home/nikola/ws_moveit/devel/share/common-lisp/ros/moveit_task_constructor_msgs/msg/_package_SubSolution.lisp)
Linked: (/home/nikola/ws_moveit/devel/.private/moveit_task_constructor_msgs/share/common-lisp/ros/moveit_task_constructor_msgs/msg/SubTrajectory.lisp, /home/nikola/ws_moveit/devel/share/common-lisp/ros/moveit_task_constructor_msgs/msg/SubTrajectory.lisp)
Linked: (/home/nikola/ws_moveit/devel/.private/moveit_task_constructor_msgs/share/common-lisp/ros/moveit_task_constructor_msgs/msg/_package_Property.lisp, /home/nikola/ws_moveit/devel/share/common-lisp/ros/moveit_task_constructor_msgs/msg/_package_Property.lisp)
Linked: (/home/nikola/ws_moveit/devel/.private/moveit_task_constructor_msgs/share/common-lisp/ros/moveit_task_constructor_msgs/msg/ExecuteTaskSolutionActionFeedback.lisp, /home/nikola/ws_moveit/devel/share/common-lisp/ros/moveit_task_constructor_msgs/msg/ExecuteTaskSolutionActionFeedback.lisp)
Linked: (/home/nikola/ws_moveit/devel/.private/moveit_task_constructor_msgs/share/common-lisp/ros/moveit_task_constructor_msgs/msg/_package_ExecuteTaskSolutionActionFeedback.lisp, /home/nikola/ws_moveit/devel/share/common-lisp/ros/moveit_task_constructor_msgs/msg/_package_ExecuteTaskSolutionActionFeedback.lisp)
Linked: (/home/nikola/ws_moveit/devel/.private/moveit_task_constructor_msgs/share/common-lisp/ros/moveit_task_constructor_msgs/msg/SubSolution.lisp, /home/nikola/ws_moveit/devel/share/common-lisp/ros/moveit_task_constructor_msgs/msg/SubSolution.lisp)
Linked: (/home/nikola/ws_moveit/devel/.private/moveit_task_constructor_msgs/share/common-lisp/ros/moveit_task_constructor_msgs/msg/ExecuteTaskSolutionAction.lisp, /home/nikola/ws_moveit/devel/share/common-lisp/ros/moveit_task_constructor_msgs/msg/ExecuteTaskSolutionAction.lisp)
Linked: (/home/nikola/ws_moveit/devel/.private/moveit_task_constructor_msgs/share/common-lisp/ros/moveit_task_constructor_msgs/msg/moveit_task_constructor_msgs-msg.asd, /home/nikola/ws_moveit/devel/share/common-lisp/ros/moveit_task_constructor_msgs/msg/moveit_task_constructor_msgs-msg.asd)
Linked: (/home/nikola/ws_moveit/devel/.private/moveit_task_constructor_msgs/share/common-lisp/ros/moveit_task_constructor_msgs/msg/ExecuteTaskSolutionResult.lisp, /home/nikola/ws_moveit/devel/share/common-lisp/ros/moveit_task_constructor_msgs/msg/ExecuteTaskSolutionResult.lisp)
Linked: (/home/nikola/ws_moveit/devel/.private/moveit_task_constructor_msgs/share/common-lisp/ros/moveit_task_constructor_msgs/msg/_package_SubTrajectory.lisp, /home/nikola/ws_moveit/devel/share/common-lisp/ros/moveit_task_constructor_msgs/msg/_package_SubTrajectory.lisp)
Linked: (/home/nikola/ws_moveit/devel/.private/moveit_task_constructor_msgs/share/common-lisp/ros/moveit_task_constructor_msgs/msg/_package_SolutionInfo.lisp, /home/nikola/ws_moveit/devel/share/common-lisp/ros/moveit_task_constructor_msgs/msg/_package_SolutionInfo.lisp)
Linked: (/home/nikola/ws_moveit/devel/.private/moveit_task_constructor_msgs/share/common-lisp/ros/moveit_task_constructor_msgs/msg/StageStatistics.lisp, /home/nikola/ws_moveit/devel/share/common-lisp/ros/moveit_task_constructor_msgs/msg/StageStatistics.lisp)
Linked: (/home/nikola/ws_moveit/devel/.private/moveit_task_constructor_msgs/share/common-lisp/ros/moveit_task_constructor_msgs/msg/_package_ExecuteTaskSolutionFeedback.lisp, /home/nikola/ws_moveit/devel/share/common-lisp/ros/moveit_task_constructor_msgs/msg/_package_ExecuteTaskSolutionFeedback.lisp)
Linked: (/home/nikola/ws_moveit/devel/.private/moveit_task_constructor_msgs/share/common-lisp/ros/moveit_task_constructor_msgs/msg/_package_ExecuteTaskSolutionResult.lisp, /home/nikola/ws_moveit/devel/share/common-lisp/ros/moveit_task_constructor_msgs/msg/_package_ExecuteTaskSolutionResult.lisp)
Linked: (/home/nikola/ws_moveit/devel/.private/moveit_task_constructor_msgs/share/common-lisp/ros/moveit_task_constructor_msgs/msg/_package_ExecuteTaskSolutionActionResult.lisp, /home/nikola/ws_moveit/devel/share/common-lisp/ros/moveit_task_constructor_msgs/msg/_package_ExecuteTaskSolutionActionResult.lisp)
Linked: (/home/nikola/ws_moveit/devel/.private/moveit_task_constructor_msgs/share/common-lisp/ros/moveit_task_constructor_msgs/msg/TaskStatistics.lisp, /home/nikola/ws_moveit/devel/share/common-lisp/ros/moveit_task_constructor_msgs/msg/TaskStatistics.lisp)
Linked: (/home/nikola/ws_moveit/devel/.private/moveit_task_constructor_msgs/share/common-lisp/ros/moveit_task_constructor_msgs/srv/moveit_task_constructor_msgs-srv.asd, /home/nikola/ws_moveit/devel/share/common-lisp/ros/moveit_task_constructor_msgs/srv/moveit_task_constructor_msgs-srv.asd)
Linked: (/home/nikola/ws_moveit/devel/.private/moveit_task_constructor_msgs/share/common-lisp/ros/moveit_task_constructor_msgs/srv/_package_GetSolution.lisp, /home/nikola/ws_moveit/devel/share/common-lisp/ros/moveit_task_constructor_msgs/srv/_package_GetSolution.lisp)
Linked: (/home/nikola/ws_moveit/devel/.private/moveit_task_constructor_msgs/share/common-lisp/ros/moveit_task_constructor_msgs/srv/_package.lisp, /home/nikola/ws_moveit/devel/share/common-lisp/ros/moveit_task_constructor_msgs/srv/_package.lisp)
Linked: (/home/nikola/ws_moveit/devel/.private/moveit_task_constructor_msgs/share/common-lisp/ros/moveit_task_constructor_msgs/srv/GetSolution.lisp, /home/nikola/ws_moveit/devel/share/common-lisp/ros/moveit_task_constructor_msgs/srv/GetSolution.lisp)
Linked: (/home/nikola/ws_moveit/devel/.private/moveit_task_constructor_msgs/include/moveit_task_constructor_msgs/Property.h, /home/nikola/ws_moveit/devel/include/moveit_task_constructor_msgs/Property.h)
Linked: (/home/nikola/ws_moveit/devel/.private/moveit_task_constructor_msgs/include/moveit_task_constructor_msgs/TaskStatistics.h, /home/nikola/ws_moveit/devel/include/moveit_task_constructor_msgs/TaskStatistics.h)
Linked: (/home/nikola/ws_moveit/devel/.private/moveit_task_constructor_msgs/include/moveit_task_constructor_msgs/TaskDescription.h, /home/nikola/ws_moveit/devel/include/moveit_task_constructor_msgs/TaskDescription.h)
Linked: (/home/nikola/ws_moveit/devel/.private/moveit_task_constructor_msgs/include/moveit_task_constructor_msgs/SubTrajectory.h, /home/nikola/ws_moveit/devel/include/moveit_task_constructor_msgs/SubTrajectory.h)
Linked: (/home/nikola/ws_moveit/devel/.private/moveit_task_constructor_msgs/include/moveit_task_constructor_msgs/ExecuteTaskSolutionActionResult.h, /home/nikola/ws_moveit/devel/include/moveit_task_constructor_msgs/ExecuteTaskSolutionActionResult.h)
Linked: (/home/nikola/ws_moveit/devel/.private/moveit_task_constructor_msgs/include/moveit_task_constructor_msgs/ExecuteTaskSolutionActionGoal.h, /home/nikola/ws_moveit/devel/include/moveit_task_constructor_msgs/ExecuteTaskSolutionActionGoal.h)
Linked: (/home/nikola/ws_moveit/devel/.private/moveit_task_constructor_msgs/include/moveit_task_constructor_msgs/ExecuteTaskSolutionFeedback.h, /home/nikola/ws_moveit/devel/include/moveit_task_constructor_msgs/ExecuteTaskSolutionFeedback.h)
Linked: (/home/nikola/ws_moveit/devel/.private/moveit_task_constructor_msgs/include/moveit_task_constructor_msgs/GetSolutionResponse.h, /home/nikola/ws_moveit/devel/include/moveit_task_constructor_msgs/GetSolutionResponse.h)
Linked: (/home/nikola/ws_moveit/devel/.private/moveit_task_constructor_msgs/include/moveit_task_constructor_msgs/GetSolution.h, /home/nikola/ws_moveit/devel/include/moveit_task_constructor_msgs/GetSolution.h)
Linked: (/home/nikola/ws_moveit/devel/.private/moveit_task_constructor_msgs/include/moveit_task_constructor_msgs/GetSolutionRequest.h, /home/nikola/ws_moveit/devel/include/moveit_task_constructor_msgs/GetSolutionRequest.h)
Linked: (/home/nikola/ws_moveit/devel/.private/moveit_task_constructor_msgs/include/moveit_task_constructor_msgs/ExecuteTaskSolutionResult.h, /home/nikola/ws_moveit/devel/include/moveit_task_constructor_msgs/ExecuteTaskSolutionResult.h)
Linked: (/home/nikola/ws_moveit/devel/.private/moveit_task_constructor_msgs/include/moveit_task_constructor_msgs/StageStatistics.h, /home/nikola/ws_moveit/devel/include/moveit_task_constructor_msgs/StageStatistics.h)
Linked: (/home/nikola/ws_moveit/devel/.private/moveit_task_constructor_msgs/include/moveit_task_constructor_msgs/ExecuteTaskSolutionActionFeedback.h, /home/nikola/ws_moveit/devel/include/moveit_task_constructor_msgs/ExecuteTaskSolutionActionFeedback.h)
Linked: (/home/nikola/ws_moveit/devel/.private/moveit_task_constructor_msgs/include/moveit_task_constructor_msgs/StageDescription.h, /home/nikola/ws_moveit/devel/include/moveit_task_constructor_msgs/StageDescription.h)
Linked: (/home/nikola/ws_moveit/devel/.private/moveit_task_constructor_msgs/include/moveit_task_constructor_msgs/ExecuteTaskSolutionAction.h, /home/nikola/ws_moveit/devel/include/moveit_task_constructor_msgs/ExecuteTaskSolutionAction.h)
Linked: (/home/nikola/ws_moveit/devel/.private/moveit_task_constructor_msgs/include/moveit_task_constructor_msgs/SolutionInfo.h, /home/nikola/ws_moveit/devel/include/moveit_task_constructor_msgs/SolutionInfo.h)
Linked: (/home/nikola/ws_moveit/devel/.private/moveit_task_constructor_msgs/include/moveit_task_constructor_msgs/SubSolution.h, /home/nikola/ws_moveit/devel/include/moveit_task_constructor_msgs/SubSolution.h)
Linked: (/home/nikola/ws_moveit/devel/.private/moveit_task_constructor_msgs/include/moveit_task_constructor_msgs/ExecuteTaskSolutionGoal.h, /home/nikola/ws_moveit/devel/include/moveit_task_constructor_msgs/ExecuteTaskSolutionGoal.h)
Linked: (/home/nikola/ws_moveit/devel/.private/moveit_task_constructor_msgs/include/moveit_task_constructor_msgs/Solution.h, /home/nikola/ws_moveit/devel/include/moveit_task_constructor_msgs/Solution.h)
Linked: (/home/nikola/ws_moveit/devel/.private/moveit_task_constructor_msgs/lib/python3/dist-packages/moveit_task_constructor_msgs/__init__.py, /home/nikola/ws_moveit/devel/lib/python3/dist-packages/moveit_task_constructor_msgs/__init__.py)
Linked: (/home/nikola/ws_moveit/devel/.private/moveit_task_constructor_msgs/lib/python3/dist-packages/moveit_task_constructor_msgs/msg/_ExecuteTaskSolutionGoal.py, /home/nikola/ws_moveit/devel/lib/python3/dist-packages/moveit_task_constructor_msgs/msg/_ExecuteTaskSolutionGoal.py)
Linked: (/home/nikola/ws_moveit/devel/.private/moveit_task_constructor_msgs/lib/python3/dist-packages/moveit_task_constructor_msgs/msg/_StageStatistics.py, /home/nikola/ws_moveit/devel/lib/python3/dist-packages/moveit_task_constructor_msgs/msg/_StageStatistics.py)
Linked: (/home/nikola/ws_moveit/devel/.private/moveit_task_constructor_msgs/lib/python3/dist-packages/moveit_task_constructor_msgs/msg/_Property.py, /home/nikola/ws_moveit/devel/lib/python3/dist-packages/moveit_task_constructor_msgs/msg/_Property.py)
Linked: (/home/nikola/ws_moveit/devel/.private/moveit_task_constructor_msgs/lib/python3/dist-packages/moveit_task_constructor_msgs/msg/_StageDescription.py, /home/nikola/ws_moveit/devel/lib/python3/dist-packages/moveit_task_constructor_msgs/msg/_StageDescription.py)
Linked: (/home/nikola/ws_moveit/devel/.private/moveit_task_constructor_msgs/lib/python3/dist-packages/moveit_task_constructor_msgs/msg/_TaskDescription.py, /home/nikola/ws_moveit/devel/lib/python3/dist-packages/moveit_task_constructor_msgs/msg/_TaskDescription.py)
Linked: (/home/nikola/ws_moveit/devel/.private/moveit_task_constructor_msgs/lib/python3/dist-packages/moveit_task_constructor_msgs/msg/_Solution.py, /home/nikola/ws_moveit/devel/lib/python3/dist-packages/moveit_task_constructor_msgs/msg/_Solution.py)
Linked: (/home/nikola/ws_moveit/devel/.private/moveit_task_constructor_msgs/lib/python3/dist-packages/moveit_task_constructor_msgs/msg/_ExecuteTaskSolutionActionResult.py, /home/nikola/ws_moveit/devel/lib/python3/dist-packages/moveit_task_constructor_msgs/msg/_ExecuteTaskSolutionActionResult.py)
Linked: (/home/nikola/ws_moveit/devel/.private/moveit_task_constructor_msgs/lib/python3/dist-packages/moveit_task_constructor_msgs/msg/__init__.py, /home/nikola/ws_moveit/devel/lib/python3/dist-packages/moveit_task_constructor_msgs/msg/__init__.py)
Linked: (/home/nikola/ws_moveit/devel/.private/moveit_task_constructor_msgs/lib/python3/dist-packages/moveit_task_constructor_msgs/msg/_TaskStatistics.py, /home/nikola/ws_moveit/devel/lib/python3/dist-packages/moveit_task_constructor_msgs/msg/_TaskStatistics.py)
Linked: (/home/nikola/ws_moveit/devel/.private/moveit_task_constructor_msgs/lib/python3/dist-packages/moveit_task_constructor_msgs/msg/_ExecuteTaskSolutionActionGoal.py, /home/nikola/ws_moveit/devel/lib/python3/dist-packages/moveit_task_constructor_msgs/msg/_ExecuteTaskSolutionActionGoal.py)
Linked: (/home/nikola/ws_moveit/devel/.private/moveit_task_constructor_msgs/lib/python3/dist-packages/moveit_task_constructor_msgs/msg/_ExecuteTaskSolutionFeedback.py, /home/nikola/ws_moveit/devel/lib/python3/dist-packages/moveit_task_constructor_msgs/msg/_ExecuteTaskSolutionFeedback.py)
Linked: (/home/nikola/ws_moveit/devel/.private/moveit_task_constructor_msgs/lib/python3/dist-packages/moveit_task_constructor_msgs/msg/_SubSolution.py, /home/nikola/ws_moveit/devel/lib/python3/dist-packages/moveit_task_constructor_msgs/msg/_SubSolution.py)
Linked: (/home/nikola/ws_moveit/devel/.private/moveit_task_constructor_msgs/lib/python3/dist-packages/moveit_task_constructor_msgs/msg/_ExecuteTaskSolutionResult.py, /home/nikola/ws_moveit/devel/lib/python3/dist-packages/moveit_task_constructor_msgs/msg/_ExecuteTaskSolutionResult.py)
Linked: (/home/nikola/ws_moveit/devel/.private/moveit_task_constructor_msgs/lib/python3/dist-packages/moveit_task_constructor_msgs/msg/_SolutionInfo.py, /home/nikola/ws_moveit/devel/lib/python3/dist-packages/moveit_task_constructor_msgs/msg/_SolutionInfo.py)
Linked: (/home/nikola/ws_moveit/devel/.private/moveit_task_constructor_msgs/lib/python3/dist-packages/moveit_task_constructor_msgs/msg/_ExecuteTaskSolutionAction.py, /home/nikola/ws_moveit/devel/lib/python3/dist-packages/moveit_task_constructor_msgs/msg/_ExecuteTaskSolutionAction.py)
Linked: (/home/nikola/ws_moveit/devel/.private/moveit_task_constructor_msgs/lib/python3/dist-packages/moveit_task_constructor_msgs/msg/_SubTrajectory.py, /home/nikola/ws_moveit/devel/lib/python3/dist-packages/moveit_task_constructor_msgs/msg/_SubTrajectory.py)
Linked: (/home/nikola/ws_moveit/devel/.private/moveit_task_constructor_msgs/lib/python3/dist-packages/moveit_task_constructor_msgs/msg/_ExecuteTaskSolutionActionFeedback.py, /home/nikola/ws_moveit/devel/lib/python3/dist-packages/moveit_task_constructor_msgs/msg/_ExecuteTaskSolutionActionFeedback.py)
Linked: (/home/nikola/ws_moveit/devel/.private/moveit_task_constructor_msgs/lib/python3/dist-packages/moveit_task_constructor_msgs/srv/__init__.py, /home/nikola/ws_moveit/devel/lib/python3/dist-packages/moveit_task_constructor_msgs/srv/__init__.py)
Linked: (/home/nikola/ws_moveit/devel/.private/moveit_task_constructor_msgs/lib/python3/dist-packages/moveit_task_constructor_msgs/srv/_GetSolution.py, /home/nikola/ws_moveit/devel/lib/python3/dist-packages/moveit_task_constructor_msgs/srv/_GetSolution.py)
Linked: (/home/nikola/ws_moveit/devel/.private/moveit_task_constructor_msgs/lib/pkgconfig/moveit_task_constructor_msgs.pc, /home/nikola/ws_moveit/devel/lib/pkgconfig/moveit_task_constructor_msgs.pc)
